 INFO [2021-07-22 06:55:56,312] ({main} ZeppelinConfiguration.java[create]:172) - Load configuration from file:/opt/zeppelin/conf/zeppelin-site.xml
 INFO [2021-07-22 06:55:56,571] ({main} ZeppelinConfiguration.java[create]:180) - Server Host: 0.0.0.0
 INFO [2021-07-22 06:55:56,572] ({main} ZeppelinConfiguration.java[create]:182) - Server Port: 8080
 INFO [2021-07-22 06:55:56,574] ({main} ZeppelinConfiguration.java[create]:186) - Context Path: /
 INFO [2021-07-22 06:55:56,575] ({main} ZeppelinConfiguration.java[create]:187) - Zeppelin Version: 0.9.0
 INFO [2021-07-22 06:55:56,629] ({main} Log.java[initialized]:169) - Logging initialized @1664ms to org.eclipse.jetty.util.log.Slf4jLog
 WARN [2021-07-22 06:55:57,631] ({main} ZeppelinConfiguration.java[getConfigFSDir]:694) - zeppelin.config.fs.dir is not specified, fall back to local conf directory zeppelin.conf.dir
 WARN [2021-07-22 06:55:57,633] ({main} ZeppelinConfiguration.java[getConfigFSDir]:694) - zeppelin.config.fs.dir is not specified, fall back to local conf directory zeppelin.conf.dir
 WARN [2021-07-22 06:55:57,634] ({main} ZeppelinConfiguration.java[getConfigFSDir]:694) - zeppelin.config.fs.dir is not specified, fall back to local conf directory zeppelin.conf.dir
 WARN [2021-07-22 06:55:57,728] ({main} LocalConfigStorage.java[loadCredentials]:88) - Credential file /opt/zeppelin/conf/credentials.json is not existed
 INFO [2021-07-22 06:55:57,807] ({ImmediateThread-1626936957617} PluginManager.java[loadNotebookRepo]:78) - Loading NotebookRepo Plugin: org.apache.zeppelin.notebook.repo.MongoNotebookRepo
 INFO [2021-07-22 06:55:57,902] ({main} ZeppelinServer.java[setupWebAppContext]:575) - warPath is: /opt/zeppelin/zeppelin-web-0.9.0.war
 INFO [2021-07-22 06:55:57,903] ({main} ZeppelinServer.java[setupWebAppContext]:588) - ZeppelinServer Webapp path: /opt/zeppelin/webapps
 INFO [2021-07-22 06:55:57,965] ({main} ZeppelinServer.java[setupWebAppContext]:575) - warPath is: /opt/zeppelin/zeppelin-web-angular-0.9.0.war
 INFO [2021-07-22 06:55:57,967] ({main} ZeppelinServer.java[setupWebAppContext]:588) - ZeppelinServer Webapp path: /opt/zeppelin/webapps/next
 INFO [2021-07-22 06:55:58,163] ({main} NotebookServer.java[<init>]:157) - NotebookServer instantiated: org.apache.zeppelin.socket.NotebookServer@209da20d
 INFO [2021-07-22 06:55:58,174] ({main} NotebookServer.java[setNotebook]:168) - Injected NotebookProvider
 INFO [2021-07-22 06:55:58,177] ({main} NotebookServer.java[setServiceLocator]:162) - Injected ServiceLocator: ServiceLocatorImpl(shared-locator,0,1279309678)
 INFO [2021-07-22 06:55:58,177] ({main} NotebookServer.java[setNotebookService]:175) - Injected NotebookServiceProvider
 INFO [2021-07-22 06:55:58,179] ({main} NotebookServer.java[setAuthorizationServiceProvider]:182) - Injected NotebookAuthorizationServiceProvider
 INFO [2021-07-22 06:55:58,179] ({main} NotebookServer.java[setConnectionManagerProvider]:188) - Injected ConnectionManagerProvider
 INFO [2021-07-22 06:55:58,182] ({main} ZeppelinServer.java[setupClusterManagerServer]:465) - Cluster mode is disabled
 INFO [2021-07-22 06:55:58,183] ({main} ZeppelinServer.java[main]:249) - Starting zeppelin server
 INFO [2021-07-22 06:55:58,187] ({main} Server.java[doStart]:360) - jetty-9.4.31.v20200723; built: 2020-07-23T17:57:36.812Z; git: 450ba27947e13e66baa8cd1ce7e85a4461cacc1d; jvm 1.8.0_282-8u282-b08-0ubuntu1~20.04-b08
 INFO [2021-07-22 06:55:58,492] ({main} StandardDescriptorProcessor.java[visitServlet]:276) - NO JSP Support for /, did not find org.eclipse.jetty.jsp.JettyJspServlet
 INFO [2021-07-22 06:55:58,520] ({main} DefaultSessionIdManager.java[doStart]:334) - DefaultSessionIdManager workerName=node0
 INFO [2021-07-22 06:55:58,521] ({main} DefaultSessionIdManager.java[doStart]:339) - No SessionScavenger set, using defaults
 INFO [2021-07-22 06:55:58,530] ({main} HouseKeeper.java[startScavenging]:140) - node0 Scavenging every 600000ms
 INFO [2021-07-22 06:55:59,093] ({ImmediateThread-1626936957617} SLF4JLogger.java[info]:71) - Cluster created with settings {hosts=[mongo:27017], mode=SINGLE, requiredClusterType=UNKNOWN, serverSelectionTimeout='30000 ms', maxWaitQueueSize=500}
 INFO [2021-07-22 06:55:59,603] ({ImmediateThread-1626936957617} VFSNotebookRepo.java[setNotebookDirectory]:69) - Using notebookDir: /opt/zeppelin/notebook
 INFO [2021-07-22 06:56:00,336] ({cluster-ClusterId{value='60f9167f02743900075de5f6', description='null'}-mongo:27017} SLF4JLogger.java[info]:71) - Opened connection [connectionId{localValue:1, serverValue:11}] to mongo:27017
 INFO [2021-07-22 06:56:00,359] ({cluster-ClusterId{value='60f9167f02743900075de5f6', description='null'}-mongo:27017} SLF4JLogger.java[info]:71) - Monitor thread successfully connected to server with description ServerDescription{address=mongo:27017, type=STANDALONE, state=CONNECTED, ok=true, version=ServerVersion{versionList=[5, 0, 0]}, minWireVersion=0, maxWireVersion=13, maxDocumentSize=16777216, roundTripTimeNanos=1999600}
 INFO [2021-07-22 06:56:00,696] ({ImmediateThread-1626936957617} SLF4JLogger.java[info]:71) - Opened connection [connectionId{localValue:2, serverValue:12}] to mongo:27017
 WARN [2021-07-22 06:56:01,159] ({ImmediateThread-1626936957617} MongoNotebookRepo.java[saveOrIgnore]:184) - ignore error when insert note '/Flink Tutorial/6. Batch ETL': Bulk write operation error on server mongo:27017. Write errors: [BulkWriteError{index=0, code=11000, message='E11000 duplicate key error collection: zeppelin.notes index: _id_ dup key: { _id: "2EW19CSPA" }', details={ }}]. 
 WARN [2021-07-22 06:56:01,221] ({ImmediateThread-1626936957617} MongoNotebookRepo.java[saveOrIgnore]:184) - ignore error when insert note '/Flink Tutorial/1. Flink Basics': Bulk write operation error on server mongo:27017. Write errors: [BulkWriteError{index=0, code=11000, message='E11000 duplicate key error collection: zeppelin.notes index: _id_ dup key: { _id: "2F2YS7PCE" }', details={ }}]. 
 WARN [2021-07-22 06:56:01,382] ({ImmediateThread-1626936957617} MongoNotebookRepo.java[saveOrIgnore]:184) - ignore error when insert note '/Miscellaneous Tutorial/Using Mahout': Bulk write operation error on server mongo:27017. Write errors: [BulkWriteError{index=0, code=11000, message='E11000 duplicate key error collection: zeppelin.notes index: _id_ dup key: { _id: "2BYEZ5EVK" }', details={ }}]. 
 WARN [2021-07-22 06:56:01,446] ({ImmediateThread-1626936957617} MongoNotebookRepo.java[saveOrIgnore]:184) - ignore error when insert note '/Python Tutorial/1. IPython Basic': Bulk write operation error on server mongo:27017. Write errors: [BulkWriteError{index=0, code=11000, message='E11000 duplicate key error collection: zeppelin.notes index: _id_ dup key: { _id: "2EYDJKFFY" }', details={ }}]. 
 WARN [2021-07-22 06:56:01,608] ({ImmediateThread-1626936957617} MongoNotebookRepo.java[saveOrIgnore]:184) - ignore error when insert note '/Flink Tutorial/2. Three Essential Steps for Building Flink Job': Bulk write operation error on server mongo:27017. Write errors: [BulkWriteError{index=0, code=11000, message='E11000 duplicate key error collection: zeppelin.notes index: _id_ dup key: { _id: "2F7SKEHPA" }', details={ }}]. 
 WARN [2021-07-22 06:56:01,641] ({ImmediateThread-1626936957617} MongoNotebookRepo.java[saveOrIgnore]:184) - ignore error when insert note '/R Tutorial/2. Shiny App': Bulk write operation error on server mongo:27017. Write errors: [BulkWriteError{index=0, code=11000, message='E11000 duplicate key error collection: zeppelin.notes index: _id_ dup key: { _id: "2EZ66TM57" }', details={ }}]. 
 WARN [2021-07-22 06:56:01,699] ({ImmediateThread-1626936957617} MongoNotebookRepo.java[saveOrIgnore]:184) - ignore error when insert note '/Spark Tutorial/1. Spark Interpreter Introduction': Bulk write operation error on server mongo:27017. Write errors: [BulkWriteError{index=0, code=11000, message='E11000 duplicate key error collection: zeppelin.notes index: _id_ dup key: { _id: "2F8KN6TKK" }', details={ }}]. 
 WARN [2021-07-22 06:56:01,737] ({ImmediateThread-1626936957617} MongoNotebookRepo.java[saveOrIgnore]:184) - ignore error when insert note '/Flink Tutorial/5. Streaming Data Analytics': Bulk write operation error on server mongo:27017. Write errors: [BulkWriteError{index=0, code=11000, message='E11000 duplicate key error collection: zeppelin.notes index: _id_ dup key: { _id: "2EYT7Q6R8" }', details={ }}]. 
 WARN [2021-07-22 06:56:01,769] ({ImmediateThread-1626936957617} MongoNotebookRepo.java[saveOrIgnore]:184) - ignore error when insert note '/Miscellaneous Tutorial/Using Pig for querying data': Bulk write operation error on server mongo:27017. Write errors: [BulkWriteError{index=0, code=11000, message='E11000 duplicate key error collection: zeppelin.notes index: _id_ dup key: { _id: "2C57UKYWR" }', details={ }}]. 
 WARN [2021-07-22 06:56:01,819] ({ImmediateThread-1626936957617} MongoNotebookRepo.java[saveOrIgnore]:184) - ignore error when insert note '/Flink Tutorial/8. Logistic Regression (Alink)': Bulk write operation error on server mongo:27017. Write errors: [BulkWriteError{index=0, code=11000, message='E11000 duplicate key error collection: zeppelin.notes index: _id_ dup key: { _id: "2F4HJNWVN" }', details={ }}]. 
 WARN [2021-07-22 06:56:01,848] ({ImmediateThread-1626936957617} MongoNotebookRepo.java[saveOrIgnore]:184) - ignore error when insert note '/Flink Tutorial/4. Streaming ETL': Bulk write operation error on server mongo:27017. Write errors: [BulkWriteError{index=0, code=11000, message='E11000 duplicate key error collection: zeppelin.notes index: _id_ dup key: { _id: "2EYD56B9B" }', details={ }}]. 
 WARN [2021-07-22 06:56:01,885] ({ImmediateThread-1626936957617} MongoNotebookRepo.java[saveOrIgnore]:184) - ignore error when insert note '/Flink Tutorial/3. Flink Job Control Tutorial': Bulk write operation error on server mongo:27017. Write errors: [BulkWriteError{index=0, code=11000, message='E11000 duplicate key error collection: zeppelin.notes index: _id_ dup key: { _id: "2F5RKHCDV" }', details={ }}]. 
 WARN [2021-07-22 06:56:01,934] ({ImmediateThread-1626936957617} MongoNotebookRepo.java[saveOrIgnore]:184) - ignore error when insert note '/Spark Tutorial/7. Spark Delta Lake Tutorial': Bulk write operation error on server mongo:27017. Write errors: [BulkWriteError{index=0, code=11000, message='E11000 duplicate key error collection: zeppelin.notes index: _id_ dup key: { _id: "2F8VDBMMT" }', details={ }}]. 
 WARN [2021-07-22 06:56:02,025] ({ImmediateThread-1626936957617} MongoNotebookRepo.java[saveOrIgnore]:184) - ignore error when insert note '/Spark Tutorial/3. Spark SQL (PySpark)': Bulk write operation error on server mongo:27017. Write errors: [BulkWriteError{index=0, code=11000, message='E11000 duplicate key error collection: zeppelin.notes index: _id_ dup key: { _id: "2EWM84JXA" }', details={ }}]. 
 WARN [2021-07-22 06:56:02,075] ({ImmediateThread-1626936957617} MongoNotebookRepo.java[saveOrIgnore]:184) - ignore error when insert note '/Spark Tutorial/4. Spark MlLib': Bulk write operation error on server mongo:27017. Write errors: [BulkWriteError{index=0, code=11000, message='E11000 duplicate key error collection: zeppelin.notes index: _id_ dup key: { _id: "2EZFM3GJA" }', details={ }}]. 
 WARN [2021-07-22 06:56:02,201] ({ImmediateThread-1626936957617} MongoNotebookRepo.java[saveOrIgnore]:184) - ignore error when insert note '/Python Tutorial/3. Keras Binary Classification (IMDB)': Bulk write operation error on server mongo:27017. Write errors: [BulkWriteError{index=0, code=11000, message='E11000 duplicate key error collection: zeppelin.notes index: _id_ dup key: { _id: "2F2AVWJ77" }', details={ }}]. 
 WARN [2021-07-22 06:56:02,260] ({ImmediateThread-1626936957617} MongoNotebookRepo.java[saveOrIgnore]:184) - ignore error when insert note '/Flink Tutorial/7. Batch Data Analytics': Bulk write operation error on server mongo:27017. Write errors: [BulkWriteError{index=0, code=11000, message='E11000 duplicate key error collection: zeppelin.notes index: _id_ dup key: { _id: "2EZ9G3JJU" }', details={ }}]. 
 WARN [2021-07-22 06:56:02,593] ({ImmediateThread-1626936957617} MongoNotebookRepo.java[saveOrIgnore]:184) - ignore error when insert note '/Python Tutorial/2. IPython Visualization Tutorial': Bulk write operation error on server mongo:27017. Write errors: [BulkWriteError{index=0, code=11000, message='E11000 duplicate key error collection: zeppelin.notes index: _id_ dup key: { _id: "2F1S9ZY8Z" }', details={ }}]. 
 WARN [2021-07-22 06:56:02,654] ({ImmediateThread-1626936957617} MongoNotebookRepo.java[saveOrIgnore]:184) - ignore error when insert note '/R Tutorial/1. R Basics': Bulk write operation error on server mongo:27017. Write errors: [BulkWriteError{index=0, code=11000, message='E11000 duplicate key error collection: zeppelin.notes index: _id_ dup key: { _id: "2BWJFTXKJ" }', details={ }}]. 
 WARN [2021-07-22 06:56:02,667] ({ImmediateThread-1626936957617} MongoNotebookRepo.java[saveOrIgnore]:184) - ignore error when insert note '/Spark Tutorial/6. SparkR Shiny App': Bulk write operation error on server mongo:27017. Write errors: [BulkWriteError{index=0, code=11000, message='E11000 duplicate key error collection: zeppelin.notes index: _id_ dup key: { _id: "2F1CHQ4TT" }', details={ }}]. 
 WARN [2021-07-22 06:56:02,726] ({ImmediateThread-1626936957617} MongoNotebookRepo.java[saveOrIgnore]:184) - ignore error when insert note '/Spark Tutorial/5. SparkR Basics': Bulk write operation error on server mongo:27017. Write errors: [BulkWriteError{index=0, code=11000, message='E11000 duplicate key error collection: zeppelin.notes index: _id_ dup key: { _id: "2BWJFTXKM" }', details={ }}]. 
 WARN [2021-07-22 06:56:02,753] ({ImmediateThread-1626936957617} MongoNotebookRepo.java[saveOrIgnore]:184) - ignore error when insert note '/Python Tutorial/4. Matplotlib (Python, PySpark)': Bulk write operation error on server mongo:27017. Write errors: [BulkWriteError{index=0, code=11000, message='E11000 duplicate key error collection: zeppelin.notes index: _id_ dup key: { _id: "2C2AUG798" }', details={ }}]. 
 WARN [2021-07-22 06:56:02,769] ({ImmediateThread-1626936957617} MongoNotebookRepo.java[saveOrIgnore]:184) - ignore error when insert note '/Spark Tutorial/2. Spark Basic Features': Bulk write operation error on server mongo:27017. Write errors: [BulkWriteError{index=0, code=11000, message='E11000 duplicate key error collection: zeppelin.notes index: _id_ dup key: { _id: "2A94M5J1Z" }', details={ }}]. 
 WARN [2021-07-22 06:56:02,797] ({ImmediateThread-1626936957617} MongoNotebookRepo.java[saveOrIgnore]:184) - ignore error when insert note '/Spark Tutorial/3. Spark SQL (Scala)': Bulk write operation error on server mongo:27017. Write errors: [BulkWriteError{index=0, code=11000, message='E11000 duplicate key error collection: zeppelin.notes index: _id_ dup key: { _id: "2EYUV26VR" }', details={ }}]. 
 INFO [2021-07-22 06:56:02,853] ({main} ContextHandler.java[doStart]:860) - Started o.e.j.w.WebAppContext@3972a855{zeppelin-web,/,jar:file:///opt/zeppelin/zeppelin-web-0.9.0.war!/,AVAILABLE}{/opt/zeppelin/zeppelin-web-0.9.0.war}
 INFO [2021-07-22 06:56:02,874] ({main} StandardDescriptorProcessor.java[visitServlet]:276) - NO JSP Support for /next, did not find org.eclipse.jetty.jsp.JettyJspServlet
 INFO [2021-07-22 06:56:03,193] ({main} ContextHandler.java[doStart]:860) - Started o.e.j.w.WebAppContext@2e222612{zeppelin-web-angular,/next,jar:file:///opt/zeppelin/zeppelin-web-angular-0.9.0.war!/,AVAILABLE}{/opt/zeppelin/zeppelin-web-angular-0.9.0.war}
 INFO [2021-07-22 06:56:03,235] ({main} AbstractConnector.java[doStart]:331) - Started ServerConnector@44c8afef{HTTP/1.1, (http/1.1)}{0.0.0.0:8080}
 INFO [2021-07-22 06:56:03,237] ({main} Server.java[doStart]:400) - Started @8280ms
 INFO [2021-07-22 06:56:08,238] ({main} ZeppelinServer.java[main]:263) - Done, zeppelin server started
 INFO [2021-07-22 06:56:08,331] ({main} LocalConfigStorage.java[loadNotebookAuthorization]:80) - Load notebook authorization from file: /opt/zeppelin/conf/notebook-authorization.json
 INFO [2021-07-22 06:56:08,591] ({Thread-12} RemoteInterpreterEventServer.java[run]:105) - InterpreterEventServer is starting at 172.19.0.2:43557
 INFO [2021-07-22 06:56:09,085] ({main} RemoteInterpreterEventServer.java[start]:133) - RemoteInterpreterEventServer is started
 INFO [2021-07-22 06:56:09,092] ({main} InterpreterSettingManager.java[<init>]:197) - Using RecoveryStorage: org.apache.zeppelin.interpreter.recovery.NullRecoveryStorage
 INFO [2021-07-22 06:56:09,114] ({main} InterpreterSettingManager.java[registerInterpreterSetting]:540) - Register InterpreterSettingTemplate: file
 INFO [2021-07-22 06:56:09,116] ({main} InterpreterSettingManager.java[registerInterpreterSetting]:540) - Register InterpreterSettingTemplate: alluxio
 INFO [2021-07-22 06:56:09,117] ({main} InterpreterSettingManager.java[registerInterpreterSetting]:540) - Register InterpreterSettingTemplate: lens
 INFO [2021-07-22 06:56:09,119] ({main} InterpreterSettingManager.java[registerInterpreterSetting]:540) - Register InterpreterSettingTemplate: jdbc
 INFO [2021-07-22 06:56:09,122] ({main} InterpreterSettingManager.java[registerInterpreterSetting]:540) - Register InterpreterSettingTemplate: bigquery
 INFO [2021-07-22 06:56:09,124] ({main} InterpreterSettingManager.java[registerInterpreterSetting]:540) - Register InterpreterSettingTemplate: scalding
 INFO [2021-07-22 06:56:09,125] ({main} InterpreterSettingManager.java[registerInterpreterSetting]:540) - Register InterpreterSettingTemplate: cassandra
 INFO [2021-07-22 06:56:09,127] ({main} InterpreterSettingManager.java[registerInterpreterSetting]:540) - Register InterpreterSettingTemplate: mongodb
 INFO [2021-07-22 06:56:09,128] ({main} InterpreterSettingManager.java[registerInterpreterSetting]:540) - Register InterpreterSettingTemplate: kylin
 INFO [2021-07-22 06:56:09,129] ({main} InterpreterSettingManager.java[registerInterpreterSetting]:540) - Register InterpreterSettingTemplate: jupyter
 INFO [2021-07-22 06:56:09,130] ({main} InterpreterSettingManager.java[registerInterpreterSetting]:540) - Register InterpreterSettingTemplate: sh
 INFO [2021-07-22 06:56:09,132] ({main} InterpreterSettingManager.java[registerInterpreterSetting]:540) - Register InterpreterSettingTemplate: angular
 INFO [2021-07-22 06:56:09,133] ({main} InterpreterSettingManager.java[registerInterpreterSetting]:540) - Register InterpreterSettingTemplate: ksql
 INFO [2021-07-22 06:56:09,135] ({main} InterpreterSettingManager.java[registerInterpreterSetting]:540) - Register InterpreterSettingTemplate: ignite
 INFO [2021-07-22 06:56:09,136] ({main} InterpreterSettingManager.java[registerInterpreterSetting]:540) - Register InterpreterSettingTemplate: hazelcastjet
 INFO [2021-07-22 06:56:09,138] ({main} InterpreterSettingManager.java[registerInterpreterSetting]:540) - Register InterpreterSettingTemplate: influxdb
 INFO [2021-07-22 06:56:09,139] ({main} InterpreterSettingManager.java[registerInterpreterSetting]:540) - Register InterpreterSettingTemplate: neo4j
 INFO [2021-07-22 06:56:09,141] ({main} InterpreterSettingManager.java[registerInterpreterSetting]:540) - Register InterpreterSettingTemplate: kotlin
 INFO [2021-07-22 06:56:09,143] ({main} InterpreterSettingManager.java[registerInterpreterSetting]:540) - Register InterpreterSettingTemplate: java
 INFO [2021-07-22 06:56:09,145] ({main} InterpreterSettingManager.java[registerInterpreterSetting]:540) - Register InterpreterSettingTemplate: spark
 INFO [2021-07-22 06:56:09,146] ({main} InterpreterSettingManager.java[registerInterpreterSetting]:540) - Register InterpreterSettingTemplate: python
 INFO [2021-07-22 06:56:09,147] ({main} InterpreterSettingManager.java[registerInterpreterSetting]:540) - Register InterpreterSettingTemplate: sparql
 INFO [2021-07-22 06:56:09,149] ({main} InterpreterSettingManager.java[registerInterpreterSetting]:540) - Register InterpreterSettingTemplate: groovy
 INFO [2021-07-22 06:56:09,151] ({main} InterpreterSettingManager.java[registerInterpreterSetting]:540) - Register InterpreterSettingTemplate: submarine
 INFO [2021-07-22 06:56:09,153] ({main} InterpreterSettingManager.java[registerInterpreterSetting]:540) - Register InterpreterSettingTemplate: hbase
 INFO [2021-07-22 06:56:09,155] ({main} InterpreterSettingManager.java[registerInterpreterSetting]:540) - Register InterpreterSettingTemplate: elasticsearch
 INFO [2021-07-22 06:56:09,158] ({main} InterpreterSettingManager.java[registerInterpreterSetting]:540) - Register InterpreterSettingTemplate: livy
 WARN [2021-07-22 06:56:09,203] ({main} InterpreterSettingManager.java[loadInterpreterSettingFromDefaultDir]:437) - No interpreter-setting.json found in /opt/zeppelin/interpreter/scio
 INFO [2021-07-22 06:56:09,205] ({main} InterpreterSettingManager.java[registerInterpreterSetting]:540) - Register InterpreterSettingTemplate: flink
 INFO [2021-07-22 06:56:09,206] ({main} InterpreterSettingManager.java[registerInterpreterSetting]:540) - Register InterpreterSettingTemplate: beam
 INFO [2021-07-22 06:56:09,208] ({main} InterpreterSettingManager.java[registerInterpreterSetting]:540) - Register InterpreterSettingTemplate: md
 INFO [2021-07-22 06:56:09,209] ({main} InterpreterSettingManager.java[registerInterpreterSetting]:540) - Register InterpreterSettingTemplate: sap
 INFO [2021-07-22 06:56:09,211] ({main} InterpreterSettingManager.java[registerInterpreterSetting]:540) - Register InterpreterSettingTemplate: r
 INFO [2021-07-22 06:56:09,212] ({main} InterpreterSettingManager.java[registerInterpreterSetting]:540) - Register InterpreterSettingTemplate: geode
 INFO [2021-07-22 06:56:09,213] ({main} InterpreterSettingManager.java[registerInterpreterSetting]:540) - Register InterpreterSettingTemplate: pig
 INFO [2021-07-22 06:56:09,214] ({main} LocalConfigStorage.java[loadInterpreterSettings]:63) - Load Interpreter Setting from file: /opt/zeppelin/conf/interpreter.json
 INFO [2021-07-22 06:56:09,242] ({main} InterpreterSettingManager.java[loadFromFile]:294) - Create interpreter setting ignite from interpreter.json
 INFO [2021-07-22 06:56:09,244] ({main} InterpreterSettingManager.java[loadFromFile]:294) - Create interpreter setting beam from interpreter.json
 INFO [2021-07-22 06:56:09,245] ({main} InterpreterSettingManager.java[loadFromFile]:294) - Create interpreter setting geode from interpreter.json
 INFO [2021-07-22 06:56:09,246] ({main} InterpreterSettingManager.java[loadFromFile]:294) - Create interpreter setting jdbc from interpreter.json
 INFO [2021-07-22 06:56:09,247] ({main} InterpreterSettingManager.java[loadFromFile]:294) - Create interpreter setting lens from interpreter.json
 INFO [2021-07-22 06:56:09,248] ({main} InterpreterSettingManager.java[loadFromFile]:294) - Create interpreter setting influxdb from interpreter.json
 INFO [2021-07-22 06:56:09,250] ({main} InterpreterSettingManager.java[loadFromFile]:294) - Create interpreter setting pig from interpreter.json
 INFO [2021-07-22 06:56:09,251] ({main} InterpreterSettingManager.java[loadFromFile]:294) - Create interpreter setting java from interpreter.json
 INFO [2021-07-22 06:56:09,253] ({main} InterpreterSettingManager.java[loadFromFile]:294) - Create interpreter setting jupyter from interpreter.json
 INFO [2021-07-22 06:56:09,254] ({main} InterpreterSettingManager.java[loadFromFile]:294) - Create interpreter setting file from interpreter.json
 INFO [2021-07-22 06:56:09,255] ({main} InterpreterSettingManager.java[loadFromFile]:294) - Create interpreter setting submarine from interpreter.json
 INFO [2021-07-22 06:56:09,257] ({main} InterpreterSettingManager.java[loadFromFile]:294) - Create interpreter setting elasticsearch from interpreter.json
 INFO [2021-07-22 06:56:09,258] ({main} InterpreterSettingManager.java[loadFromFile]:294) - Create interpreter setting sh from interpreter.json
 INFO [2021-07-22 06:56:09,259] ({main} InterpreterSettingManager.java[loadFromFile]:294) - Create interpreter setting spark from interpreter.json
 INFO [2021-07-22 06:56:09,260] ({main} InterpreterSettingManager.java[loadFromFile]:294) - Create interpreter setting md from interpreter.json
 INFO [2021-07-22 06:56:09,261] ({main} InterpreterSettingManager.java[loadFromFile]:294) - Create interpreter setting hazelcastjet from interpreter.json
 INFO [2021-07-22 06:56:09,262] ({main} InterpreterSettingManager.java[loadFromFile]:294) - Create interpreter setting alluxio from interpreter.json
 INFO [2021-07-22 06:56:09,263] ({main} InterpreterSettingManager.java[loadFromFile]:294) - Create interpreter setting bigquery from interpreter.json
 INFO [2021-07-22 06:56:09,264] ({main} InterpreterSettingManager.java[loadFromFile]:294) - Create interpreter setting mongodb from interpreter.json
 INFO [2021-07-22 06:56:09,265] ({main} InterpreterSettingManager.java[loadFromFile]:294) - Create interpreter setting hbase from interpreter.json
 INFO [2021-07-22 06:56:09,266] ({main} InterpreterSettingManager.java[loadFromFile]:294) - Create interpreter setting python from interpreter.json
 INFO [2021-07-22 06:56:09,267] ({main} InterpreterSettingManager.java[loadFromFile]:294) - Create interpreter setting sap from interpreter.json
 INFO [2021-07-22 06:56:09,268] ({main} InterpreterSettingManager.java[loadFromFile]:294) - Create interpreter setting kotlin from interpreter.json
 INFO [2021-07-22 06:56:09,269] ({main} InterpreterSettingManager.java[loadFromFile]:294) - Create interpreter setting scalding from interpreter.json
 INFO [2021-07-22 06:56:09,271] ({main} InterpreterSettingManager.java[loadFromFile]:294) - Create interpreter setting flink from interpreter.json
 INFO [2021-07-22 06:56:09,273] ({main} InterpreterSettingManager.java[loadFromFile]:294) - Create interpreter setting angular from interpreter.json
 INFO [2021-07-22 06:56:09,275] ({main} InterpreterSettingManager.java[loadFromFile]:294) - Create interpreter setting ksql from interpreter.json
 INFO [2021-07-22 06:56:09,276] ({main} InterpreterSettingManager.java[loadFromFile]:294) - Create interpreter setting livy from interpreter.json
 INFO [2021-07-22 06:56:09,277] ({main} InterpreterSettingManager.java[loadFromFile]:294) - Create interpreter setting r from interpreter.json
 INFO [2021-07-22 06:56:09,278] ({main} InterpreterSettingManager.java[loadFromFile]:294) - Create interpreter setting neo4j from interpreter.json
 INFO [2021-07-22 06:56:09,279] ({main} InterpreterSettingManager.java[loadFromFile]:294) - Create interpreter setting groovy from interpreter.json
 INFO [2021-07-22 06:56:09,280] ({main} InterpreterSettingManager.java[loadFromFile]:294) - Create interpreter setting cassandra from interpreter.json
 INFO [2021-07-22 06:56:09,281] ({main} InterpreterSettingManager.java[loadFromFile]:294) - Create interpreter setting sparql from interpreter.json
 INFO [2021-07-22 06:56:09,282] ({main} InterpreterSettingManager.java[loadFromFile]:294) - Create interpreter setting kylin from interpreter.json
 INFO [2021-07-22 06:56:09,288] ({main} InterpreterSetting.java[setStatus]:734) - Set interpreter mongodb status to DOWNLOADING_DEPENDENCIES
 INFO [2021-07-22 06:56:09,291] ({main} LocalConfigStorage.java[save]:53) - Save Interpreter Setting to /opt/zeppelin/conf/interpreter.json
 INFO [2021-07-22 06:56:09,318] ({Thread-13} InterpreterSetting.java[run]:964) - Start to download dependencies for interpreter: mongodb
 INFO [2021-07-22 06:56:09,843] ({LuceneSearch-RebuildIndex-Thread} LuceneSearch.java[lambda$startRebuildIndex$1]:399) - Starting rebuild index
 INFO [2021-07-22 06:56:12,454] ({LuceneSearch-RebuildIndex-Thread} LuceneSearch.java[lambda$startRebuildIndex$1]:404) - Finish rebuild index
 INFO [2021-07-22 06:56:14,176] ({Thread-13} InterpreterSetting.java[run]:977) - Finish downloading dependencies for interpreter: mongodb
 INFO [2021-07-22 06:56:14,177] ({Thread-13} InterpreterSetting.java[setStatus]:734) - Set interpreter mongodb status to READY
 INFO [2021-07-22 06:56:14,178] ({Thread-13} LocalConfigStorage.java[save]:53) - Save Interpreter Setting to /opt/zeppelin/conf/interpreter.json
