 INFO [2021-08-25 07:47:32,178] ({main} ZeppelinConfiguration.java[create]:172) - Load configuration from file:/opt/zeppelin/conf/zeppelin-site.xml
 INFO [2021-08-25 07:47:32,249] ({main} ZeppelinConfiguration.java[create]:180) - Server Host: 0.0.0.0
 INFO [2021-08-25 07:47:32,252] ({main} ZeppelinConfiguration.java[create]:182) - Server Port: 8080
 INFO [2021-08-25 07:47:32,253] ({main} ZeppelinConfiguration.java[create]:186) - Context Path: /
 INFO [2021-08-25 07:47:32,255] ({main} ZeppelinConfiguration.java[create]:187) - Zeppelin Version: 0.9.0
 INFO [2021-08-25 07:47:32,280] ({main} Log.java[initialized]:169) - Logging initialized @457ms to org.eclipse.jetty.util.log.Slf4jLog
 WARN [2021-08-25 07:47:32,640] ({main} ZeppelinConfiguration.java[getConfigFSDir]:694) - zeppelin.config.fs.dir is not specified, fall back to local conf directory zeppelin.conf.dir
 WARN [2021-08-25 07:47:32,641] ({main} ZeppelinConfiguration.java[getConfigFSDir]:694) - zeppelin.config.fs.dir is not specified, fall back to local conf directory zeppelin.conf.dir
 WARN [2021-08-25 07:47:32,641] ({main} ZeppelinConfiguration.java[getConfigFSDir]:694) - zeppelin.config.fs.dir is not specified, fall back to local conf directory zeppelin.conf.dir
 WARN [2021-08-25 07:47:32,679] ({main} LocalConfigStorage.java[loadCredentials]:88) - Credential file /opt/zeppelin/conf/credentials.json is not existed
 INFO [2021-08-25 07:47:32,726] ({ImmediateThread-1629877652635} PluginManager.java[loadNotebookRepo]:78) - Loading NotebookRepo Plugin: org.apache.zeppelin.notebook.repo.MongoNotebookRepo
 INFO [2021-08-25 07:47:32,764] ({main} ZeppelinServer.java[setupWebAppContext]:575) - warPath is: /opt/zeppelin/zeppelin-web-0.9.0.war
 INFO [2021-08-25 07:47:32,765] ({main} ZeppelinServer.java[setupWebAppContext]:588) - ZeppelinServer Webapp path: /opt/zeppelin/webapps
 INFO [2021-08-25 07:47:32,800] ({main} ZeppelinServer.java[setupWebAppContext]:575) - warPath is: /opt/zeppelin/zeppelin-web-angular-0.9.0.war
 INFO [2021-08-25 07:47:32,802] ({main} ZeppelinServer.java[setupWebAppContext]:588) - ZeppelinServer Webapp path: /opt/zeppelin/webapps/next
 INFO [2021-08-25 07:47:32,869] ({main} NotebookServer.java[<init>]:157) - NotebookServer instantiated: org.apache.zeppelin.socket.NotebookServer@209da20d
 INFO [2021-08-25 07:47:32,879] ({main} NotebookServer.java[setNotebook]:168) - Injected NotebookProvider
 INFO [2021-08-25 07:47:32,881] ({main} NotebookServer.java[setServiceLocator]:162) - Injected ServiceLocator: ServiceLocatorImpl(shared-locator,0,1279309678)
 INFO [2021-08-25 07:47:32,882] ({main} NotebookServer.java[setNotebookService]:175) - Injected NotebookServiceProvider
 INFO [2021-08-25 07:47:32,885] ({main} NotebookServer.java[setAuthorizationServiceProvider]:182) - Injected NotebookAuthorizationServiceProvider
 INFO [2021-08-25 07:47:32,888] ({main} NotebookServer.java[setConnectionManagerProvider]:188) - Injected ConnectionManagerProvider
 INFO [2021-08-25 07:47:32,890] ({main} ZeppelinServer.java[setupClusterManagerServer]:465) - Cluster mode is disabled
 INFO [2021-08-25 07:47:32,891] ({main} ZeppelinServer.java[main]:249) - Starting zeppelin server
 INFO [2021-08-25 07:47:32,893] ({main} Server.java[doStart]:360) - jetty-9.4.31.v20200723; built: 2020-07-23T17:57:36.812Z; git: 450ba27947e13e66baa8cd1ce7e85a4461cacc1d; jvm 1.8.0_282-8u282-b08-0ubuntu1~20.04-b08
 INFO [2021-08-25 07:47:33,055] ({main} StandardDescriptorProcessor.java[visitServlet]:276) - NO JSP Support for /, did not find org.eclipse.jetty.jsp.JettyJspServlet
 INFO [2021-08-25 07:47:33,076] ({main} DefaultSessionIdManager.java[doStart]:334) - DefaultSessionIdManager workerName=node0
 INFO [2021-08-25 07:47:33,077] ({main} DefaultSessionIdManager.java[doStart]:339) - No SessionScavenger set, using defaults
 INFO [2021-08-25 07:47:33,083] ({main} HouseKeeper.java[startScavenging]:140) - node0 Scavenging every 660000ms
 INFO [2021-08-25 07:47:33,576] ({ImmediateThread-1629877652635} SLF4JLogger.java[info]:71) - Cluster created with settings {hosts=[mongo:27017], mode=SINGLE, requiredClusterType=UNKNOWN, serverSelectionTimeout='30000 ms', maxWaitQueueSize=500}
 INFO [2021-08-25 07:47:33,784] ({ImmediateThread-1629877652635} VFSNotebookRepo.java[setNotebookDirectory]:69) - Using notebookDir: /opt/zeppelin/notebook
 INFO [2021-08-25 07:47:33,963] ({cluster-ClusterId{value='6125f5952ab79c00083c530d', description='null'}-mongo:27017} SLF4JLogger.java[info]:71) - Opened connection [connectionId{localValue:1, serverValue:11}] to mongo:27017
 INFO [2021-08-25 07:47:33,969] ({cluster-ClusterId{value='6125f5952ab79c00083c530d', description='null'}-mongo:27017} SLF4JLogger.java[info]:71) - Monitor thread successfully connected to server with description ServerDescription{address=mongo:27017, type=STANDALONE, state=CONNECTED, ok=true, version=ServerVersion{versionList=[5, 0, 0]}, minWireVersion=0, maxWireVersion=13, maxDocumentSize=16777216, roundTripTimeNanos=761506}
 INFO [2021-08-25 07:47:34,128] ({ImmediateThread-1629877652635} SLF4JLogger.java[info]:71) - Opened connection [connectionId{localValue:2, serverValue:12}] to mongo:27017
 WARN [2021-08-25 07:47:34,307] ({ImmediateThread-1629877652635} MongoNotebookRepo.java[saveOrIgnore]:184) - ignore error when insert note '/Flink Tutorial/6. Batch ETL': Bulk write operation error on server mongo:27017. Write errors: [BulkWriteError{index=0, code=11000, message='E11000 duplicate key error collection: zeppelin.notes index: _id_ dup key: { _id: "2EW19CSPA" }', details={ }}]. 
 WARN [2021-08-25 07:47:34,341] ({ImmediateThread-1629877652635} MongoNotebookRepo.java[saveOrIgnore]:184) - ignore error when insert note '/Flink Tutorial/1. Flink Basics': Bulk write operation error on server mongo:27017. Write errors: [BulkWriteError{index=0, code=11000, message='E11000 duplicate key error collection: zeppelin.notes index: _id_ dup key: { _id: "2F2YS7PCE" }', details={ }}]. 
 WARN [2021-08-25 07:47:34,397] ({ImmediateThread-1629877652635} MongoNotebookRepo.java[saveOrIgnore]:184) - ignore error when insert note '/Miscellaneous Tutorial/Using Mahout': Bulk write operation error on server mongo:27017. Write errors: [BulkWriteError{index=0, code=11000, message='E11000 duplicate key error collection: zeppelin.notes index: _id_ dup key: { _id: "2BYEZ5EVK" }', details={ }}]. 
 WARN [2021-08-25 07:47:34,463] ({ImmediateThread-1629877652635} MongoNotebookRepo.java[saveOrIgnore]:184) - ignore error when insert note '/Python Tutorial/1. IPython Basic': Bulk write operation error on server mongo:27017. Write errors: [BulkWriteError{index=0, code=11000, message='E11000 duplicate key error collection: zeppelin.notes index: _id_ dup key: { _id: "2EYDJKFFY" }', details={ }}]. 
 WARN [2021-08-25 07:47:34,505] ({ImmediateThread-1629877652635} MongoNotebookRepo.java[saveOrIgnore]:184) - ignore error when insert note '/Flink Tutorial/2. Three Essential Steps for Building Flink Job': Bulk write operation error on server mongo:27017. Write errors: [BulkWriteError{index=0, code=11000, message='E11000 duplicate key error collection: zeppelin.notes index: _id_ dup key: { _id: "2F7SKEHPA" }', details={ }}]. 
 WARN [2021-08-25 07:47:34,516] ({ImmediateThread-1629877652635} MongoNotebookRepo.java[saveOrIgnore]:184) - ignore error when insert note '/R Tutorial/2. Shiny App': Bulk write operation error on server mongo:27017. Write errors: [BulkWriteError{index=0, code=11000, message='E11000 duplicate key error collection: zeppelin.notes index: _id_ dup key: { _id: "2EZ66TM57" }', details={ }}]. 
 WARN [2021-08-25 07:47:34,537] ({ImmediateThread-1629877652635} MongoNotebookRepo.java[saveOrIgnore]:184) - ignore error when insert note '/Spark Tutorial/1. Spark Interpreter Introduction': Bulk write operation error on server mongo:27017. Write errors: [BulkWriteError{index=0, code=11000, message='E11000 duplicate key error collection: zeppelin.notes index: _id_ dup key: { _id: "2F8KN6TKK" }', details={ }}]. 
 WARN [2021-08-25 07:47:34,548] ({ImmediateThread-1629877652635} MongoNotebookRepo.java[saveOrIgnore]:184) - ignore error when insert note '/Flink Tutorial/5. Streaming Data Analytics': Bulk write operation error on server mongo:27017. Write errors: [BulkWriteError{index=0, code=11000, message='E11000 duplicate key error collection: zeppelin.notes index: _id_ dup key: { _id: "2EYT7Q6R8" }', details={ }}]. 
 WARN [2021-08-25 07:47:34,562] ({ImmediateThread-1629877652635} MongoNotebookRepo.java[saveOrIgnore]:184) - ignore error when insert note '/Miscellaneous Tutorial/Using Pig for querying data': Bulk write operation error on server mongo:27017. Write errors: [BulkWriteError{index=0, code=11000, message='E11000 duplicate key error collection: zeppelin.notes index: _id_ dup key: { _id: "2C57UKYWR" }', details={ }}]. 
 WARN [2021-08-25 07:47:34,588] ({ImmediateThread-1629877652635} MongoNotebookRepo.java[saveOrIgnore]:184) - ignore error when insert note '/Flink Tutorial/8. Logistic Regression (Alink)': Bulk write operation error on server mongo:27017. Write errors: [BulkWriteError{index=0, code=11000, message='E11000 duplicate key error collection: zeppelin.notes index: _id_ dup key: { _id: "2F4HJNWVN" }', details={ }}]. 
 WARN [2021-08-25 07:47:34,605] ({ImmediateThread-1629877652635} MongoNotebookRepo.java[saveOrIgnore]:184) - ignore error when insert note '/Flink Tutorial/4. Streaming ETL': Bulk write operation error on server mongo:27017. Write errors: [BulkWriteError{index=0, code=11000, message='E11000 duplicate key error collection: zeppelin.notes index: _id_ dup key: { _id: "2EYD56B9B" }', details={ }}]. 
 WARN [2021-08-25 07:47:34,620] ({ImmediateThread-1629877652635} MongoNotebookRepo.java[saveOrIgnore]:184) - ignore error when insert note '/Flink Tutorial/3. Flink Job Control Tutorial': Bulk write operation error on server mongo:27017. Write errors: [BulkWriteError{index=0, code=11000, message='E11000 duplicate key error collection: zeppelin.notes index: _id_ dup key: { _id: "2F5RKHCDV" }', details={ }}]. 
 WARN [2021-08-25 07:47:34,634] ({ImmediateThread-1629877652635} MongoNotebookRepo.java[saveOrIgnore]:184) - ignore error when insert note '/Spark Tutorial/7. Spark Delta Lake Tutorial': Bulk write operation error on server mongo:27017. Write errors: [BulkWriteError{index=0, code=11000, message='E11000 duplicate key error collection: zeppelin.notes index: _id_ dup key: { _id: "2F8VDBMMT" }', details={ }}]. 
 WARN [2021-08-25 07:47:34,664] ({ImmediateThread-1629877652635} MongoNotebookRepo.java[saveOrIgnore]:184) - ignore error when insert note '/Spark Tutorial/3. Spark SQL (PySpark)': Bulk write operation error on server mongo:27017. Write errors: [BulkWriteError{index=0, code=11000, message='E11000 duplicate key error collection: zeppelin.notes index: _id_ dup key: { _id: "2EWM84JXA" }', details={ }}]. 
 WARN [2021-08-25 07:47:34,690] ({ImmediateThread-1629877652635} MongoNotebookRepo.java[saveOrIgnore]:184) - ignore error when insert note '/Spark Tutorial/4. Spark MlLib': Bulk write operation error on server mongo:27017. Write errors: [BulkWriteError{index=0, code=11000, message='E11000 duplicate key error collection: zeppelin.notes index: _id_ dup key: { _id: "2EZFM3GJA" }', details={ }}]. 
 WARN [2021-08-25 07:47:34,724] ({ImmediateThread-1629877652635} MongoNotebookRepo.java[saveOrIgnore]:184) - ignore error when insert note '/Python Tutorial/3. Keras Binary Classification (IMDB)': Bulk write operation error on server mongo:27017. Write errors: [BulkWriteError{index=0, code=11000, message='E11000 duplicate key error collection: zeppelin.notes index: _id_ dup key: { _id: "2F2AVWJ77" }', details={ }}]. 
 WARN [2021-08-25 07:47:34,770] ({ImmediateThread-1629877652635} MongoNotebookRepo.java[saveOrIgnore]:184) - ignore error when insert note '/Flink Tutorial/7. Batch Data Analytics': Bulk write operation error on server mongo:27017. Write errors: [BulkWriteError{index=0, code=11000, message='E11000 duplicate key error collection: zeppelin.notes index: _id_ dup key: { _id: "2EZ9G3JJU" }', details={ }}]. 
 INFO [2021-08-25 07:47:34,926] ({main} ContextHandler.java[doStart]:860) - Started o.e.j.w.WebAppContext@3972a855{zeppelin-web,/,jar:file:///opt/zeppelin/zeppelin-web-0.9.0.war!/,AVAILABLE}{/opt/zeppelin/zeppelin-web-0.9.0.war}
 INFO [2021-08-25 07:47:34,941] ({main} StandardDescriptorProcessor.java[visitServlet]:276) - NO JSP Support for /next, did not find org.eclipse.jetty.jsp.JettyJspServlet
 WARN [2021-08-25 07:47:35,045] ({ImmediateThread-1629877652635} MongoNotebookRepo.java[saveOrIgnore]:184) - ignore error when insert note '/Python Tutorial/2. IPython Visualization Tutorial': Bulk write operation error on server mongo:27017. Write errors: [BulkWriteError{index=0, code=11000, message='E11000 duplicate key error collection: zeppelin.notes index: _id_ dup key: { _id: "2F1S9ZY8Z" }', details={ }}]. 
 WARN [2021-08-25 07:47:35,117] ({ImmediateThread-1629877652635} MongoNotebookRepo.java[saveOrIgnore]:184) - ignore error when insert note '/R Tutorial/1. R Basics': Bulk write operation error on server mongo:27017. Write errors: [BulkWriteError{index=0, code=11000, message='E11000 duplicate key error collection: zeppelin.notes index: _id_ dup key: { _id: "2BWJFTXKJ" }', details={ }}]. 
 WARN [2021-08-25 07:47:35,125] ({ImmediateThread-1629877652635} MongoNotebookRepo.java[saveOrIgnore]:184) - ignore error when insert note '/Spark Tutorial/6. SparkR Shiny App': Bulk write operation error on server mongo:27017. Write errors: [BulkWriteError{index=0, code=11000, message='E11000 duplicate key error collection: zeppelin.notes index: _id_ dup key: { _id: "2F1CHQ4TT" }', details={ }}]. 
 WARN [2021-08-25 07:47:35,184] ({ImmediateThread-1629877652635} MongoNotebookRepo.java[saveOrIgnore]:184) - ignore error when insert note '/Spark Tutorial/5. SparkR Basics': Bulk write operation error on server mongo:27017. Write errors: [BulkWriteError{index=0, code=11000, message='E11000 duplicate key error collection: zeppelin.notes index: _id_ dup key: { _id: "2BWJFTXKM" }', details={ }}]. 
 WARN [2021-08-25 07:47:35,208] ({ImmediateThread-1629877652635} MongoNotebookRepo.java[saveOrIgnore]:184) - ignore error when insert note '/Python Tutorial/4. Matplotlib (Python, PySpark)': Bulk write operation error on server mongo:27017. Write errors: [BulkWriteError{index=0, code=11000, message='E11000 duplicate key error collection: zeppelin.notes index: _id_ dup key: { _id: "2C2AUG798" }', details={ }}]. 
 WARN [2021-08-25 07:47:35,218] ({ImmediateThread-1629877652635} MongoNotebookRepo.java[saveOrIgnore]:184) - ignore error when insert note '/Spark Tutorial/2. Spark Basic Features': Bulk write operation error on server mongo:27017. Write errors: [BulkWriteError{index=0, code=11000, message='E11000 duplicate key error collection: zeppelin.notes index: _id_ dup key: { _id: "2A94M5J1Z" }', details={ }}]. 
 WARN [2021-08-25 07:47:35,236] ({ImmediateThread-1629877652635} MongoNotebookRepo.java[saveOrIgnore]:184) - ignore error when insert note '/Spark Tutorial/3. Spark SQL (Scala)': Bulk write operation error on server mongo:27017. Write errors: [BulkWriteError{index=0, code=11000, message='E11000 duplicate key error collection: zeppelin.notes index: _id_ dup key: { _id: "2EYUV26VR" }', details={ }}]. 
 INFO [2021-08-25 07:47:35,244] ({main} ContextHandler.java[doStart]:860) - Started o.e.j.w.WebAppContext@2e222612{zeppelin-web-angular,/next,jar:file:///opt/zeppelin/zeppelin-web-angular-0.9.0.war!/,AVAILABLE}{/opt/zeppelin/zeppelin-web-angular-0.9.0.war}
 INFO [2021-08-25 07:47:35,261] ({main} AbstractConnector.java[doStart]:331) - Started ServerConnector@44c8afef{HTTP/1.1, (http/1.1)}{0.0.0.0:8080}
 INFO [2021-08-25 07:47:35,262] ({main} Server.java[doStart]:400) - Started @3442ms
 INFO [2021-08-25 07:47:40,265] ({main} ZeppelinServer.java[main]:263) - Done, zeppelin server started
 INFO [2021-08-25 07:47:40,299] ({main} LocalConfigStorage.java[loadNotebookAuthorization]:80) - Load notebook authorization from file: /opt/zeppelin/conf/notebook-authorization.json
 INFO [2021-08-25 07:47:40,418] ({Thread-12} RemoteInterpreterEventServer.java[run]:105) - InterpreterEventServer is starting at 172.18.0.4:43259
 INFO [2021-08-25 07:47:40,916] ({main} RemoteInterpreterEventServer.java[start]:133) - RemoteInterpreterEventServer is started
 INFO [2021-08-25 07:47:40,922] ({main} InterpreterSettingManager.java[<init>]:197) - Using RecoveryStorage: org.apache.zeppelin.interpreter.recovery.NullRecoveryStorage
 INFO [2021-08-25 07:47:40,937] ({main} InterpreterSettingManager.java[registerInterpreterSetting]:540) - Register InterpreterSettingTemplate: file
 INFO [2021-08-25 07:47:40,939] ({main} InterpreterSettingManager.java[registerInterpreterSetting]:540) - Register InterpreterSettingTemplate: alluxio
 INFO [2021-08-25 07:47:40,940] ({main} InterpreterSettingManager.java[registerInterpreterSetting]:540) - Register InterpreterSettingTemplate: lens
 INFO [2021-08-25 07:47:40,942] ({main} InterpreterSettingManager.java[registerInterpreterSetting]:540) - Register InterpreterSettingTemplate: jdbc
 INFO [2021-08-25 07:47:40,947] ({main} InterpreterSettingManager.java[registerInterpreterSetting]:540) - Register InterpreterSettingTemplate: bigquery
 INFO [2021-08-25 07:47:40,948] ({main} InterpreterSettingManager.java[registerInterpreterSetting]:540) - Register InterpreterSettingTemplate: scalding
 INFO [2021-08-25 07:47:40,951] ({main} InterpreterSettingManager.java[registerInterpreterSetting]:540) - Register InterpreterSettingTemplate: cassandra
 INFO [2021-08-25 07:47:40,952] ({main} InterpreterSettingManager.java[registerInterpreterSetting]:540) - Register InterpreterSettingTemplate: mongodb
 INFO [2021-08-25 07:47:40,955] ({main} InterpreterSettingManager.java[registerInterpreterSetting]:540) - Register InterpreterSettingTemplate: kylin
 INFO [2021-08-25 07:47:40,956] ({main} InterpreterSettingManager.java[registerInterpreterSetting]:540) - Register InterpreterSettingTemplate: jupyter
 INFO [2021-08-25 07:47:40,957] ({main} InterpreterSettingManager.java[registerInterpreterSetting]:540) - Register InterpreterSettingTemplate: sh
 INFO [2021-08-25 07:47:40,960] ({main} InterpreterSettingManager.java[registerInterpreterSetting]:540) - Register InterpreterSettingTemplate: angular
 INFO [2021-08-25 07:47:40,961] ({main} InterpreterSettingManager.java[registerInterpreterSetting]:540) - Register InterpreterSettingTemplate: ksql
 INFO [2021-08-25 07:47:40,962] ({main} InterpreterSettingManager.java[registerInterpreterSetting]:540) - Register InterpreterSettingTemplate: ignite
 INFO [2021-08-25 07:47:40,963] ({main} InterpreterSettingManager.java[registerInterpreterSetting]:540) - Register InterpreterSettingTemplate: hazelcastjet
 INFO [2021-08-25 07:47:40,964] ({main} InterpreterSettingManager.java[registerInterpreterSetting]:540) - Register InterpreterSettingTemplate: influxdb
 INFO [2021-08-25 07:47:40,965] ({main} InterpreterSettingManager.java[registerInterpreterSetting]:540) - Register InterpreterSettingTemplate: neo4j
 INFO [2021-08-25 07:47:40,966] ({main} InterpreterSettingManager.java[registerInterpreterSetting]:540) - Register InterpreterSettingTemplate: kotlin
 INFO [2021-08-25 07:47:40,967] ({main} InterpreterSettingManager.java[registerInterpreterSetting]:540) - Register InterpreterSettingTemplate: java
 INFO [2021-08-25 07:47:40,970] ({main} InterpreterSettingManager.java[registerInterpreterSetting]:540) - Register InterpreterSettingTemplate: spark
 INFO [2021-08-25 07:47:40,971] ({main} InterpreterSettingManager.java[registerInterpreterSetting]:540) - Register InterpreterSettingTemplate: python
 INFO [2021-08-25 07:47:40,974] ({main} InterpreterSettingManager.java[registerInterpreterSetting]:540) - Register InterpreterSettingTemplate: sparql
 INFO [2021-08-25 07:47:40,978] ({main} InterpreterSettingManager.java[registerInterpreterSetting]:540) - Register InterpreterSettingTemplate: groovy
 INFO [2021-08-25 07:47:40,979] ({main} InterpreterSettingManager.java[registerInterpreterSetting]:540) - Register InterpreterSettingTemplate: submarine
 INFO [2021-08-25 07:47:40,981] ({main} InterpreterSettingManager.java[registerInterpreterSetting]:540) - Register InterpreterSettingTemplate: hbase
 INFO [2021-08-25 07:47:40,982] ({main} InterpreterSettingManager.java[registerInterpreterSetting]:540) - Register InterpreterSettingTemplate: elasticsearch
 INFO [2021-08-25 07:47:40,983] ({main} InterpreterSettingManager.java[registerInterpreterSetting]:540) - Register InterpreterSettingTemplate: livy
 WARN [2021-08-25 07:47:40,996] ({main} InterpreterSettingManager.java[loadInterpreterSettingFromDefaultDir]:437) - No interpreter-setting.json found in /opt/zeppelin/interpreter/scio
 INFO [2021-08-25 07:47:40,999] ({main} InterpreterSettingManager.java[registerInterpreterSetting]:540) - Register InterpreterSettingTemplate: flink
 INFO [2021-08-25 07:47:41,002] ({main} InterpreterSettingManager.java[registerInterpreterSetting]:540) - Register InterpreterSettingTemplate: beam
 INFO [2021-08-25 07:47:41,003] ({main} InterpreterSettingManager.java[registerInterpreterSetting]:540) - Register InterpreterSettingTemplate: md
 INFO [2021-08-25 07:47:41,005] ({main} InterpreterSettingManager.java[registerInterpreterSetting]:540) - Register InterpreterSettingTemplate: sap
 INFO [2021-08-25 07:47:41,008] ({main} InterpreterSettingManager.java[registerInterpreterSetting]:540) - Register InterpreterSettingTemplate: r
 INFO [2021-08-25 07:47:41,009] ({main} InterpreterSettingManager.java[registerInterpreterSetting]:540) - Register InterpreterSettingTemplate: geode
 INFO [2021-08-25 07:47:41,010] ({main} InterpreterSettingManager.java[registerInterpreterSetting]:540) - Register InterpreterSettingTemplate: pig
 INFO [2021-08-25 07:47:41,011] ({main} LocalConfigStorage.java[loadInterpreterSettings]:63) - Load Interpreter Setting from file: /opt/zeppelin/conf/interpreter.json
 INFO [2021-08-25 07:47:41,029] ({main} InterpreterSettingManager.java[loadFromFile]:294) - Create interpreter setting ignite from interpreter.json
 INFO [2021-08-25 07:47:41,031] ({main} InterpreterSettingManager.java[loadFromFile]:294) - Create interpreter setting beam from interpreter.json
 INFO [2021-08-25 07:47:41,032] ({main} InterpreterSettingManager.java[loadFromFile]:294) - Create interpreter setting geode from interpreter.json
 INFO [2021-08-25 07:47:41,033] ({main} InterpreterSettingManager.java[loadFromFile]:294) - Create interpreter setting jdbc from interpreter.json
 INFO [2021-08-25 07:47:41,034] ({main} InterpreterSettingManager.java[loadFromFile]:294) - Create interpreter setting lens from interpreter.json
 INFO [2021-08-25 07:47:41,034] ({main} InterpreterSettingManager.java[loadFromFile]:294) - Create interpreter setting influxdb from interpreter.json
 INFO [2021-08-25 07:47:41,035] ({main} InterpreterSettingManager.java[loadFromFile]:294) - Create interpreter setting pig from interpreter.json
 INFO [2021-08-25 07:47:41,036] ({main} InterpreterSettingManager.java[loadFromFile]:294) - Create interpreter setting java from interpreter.json
 INFO [2021-08-25 07:47:41,037] ({main} InterpreterSettingManager.java[loadFromFile]:294) - Create interpreter setting jupyter from interpreter.json
 INFO [2021-08-25 07:47:41,038] ({main} InterpreterSettingManager.java[loadFromFile]:294) - Create interpreter setting file from interpreter.json
 INFO [2021-08-25 07:47:41,040] ({main} InterpreterSettingManager.java[loadFromFile]:294) - Create interpreter setting submarine from interpreter.json
 INFO [2021-08-25 07:47:41,040] ({main} InterpreterSettingManager.java[loadFromFile]:294) - Create interpreter setting elasticsearch from interpreter.json
 INFO [2021-08-25 07:47:41,041] ({main} InterpreterSettingManager.java[loadFromFile]:294) - Create interpreter setting sh from interpreter.json
 INFO [2021-08-25 07:47:41,042] ({main} InterpreterSettingManager.java[loadFromFile]:294) - Create interpreter setting spark from interpreter.json
 INFO [2021-08-25 07:47:41,043] ({main} InterpreterSettingManager.java[loadFromFile]:294) - Create interpreter setting md from interpreter.json
 INFO [2021-08-25 07:47:41,044] ({main} InterpreterSettingManager.java[loadFromFile]:294) - Create interpreter setting hazelcastjet from interpreter.json
 INFO [2021-08-25 07:47:41,044] ({main} InterpreterSettingManager.java[loadFromFile]:294) - Create interpreter setting alluxio from interpreter.json
 INFO [2021-08-25 07:47:41,045] ({main} InterpreterSettingManager.java[loadFromFile]:294) - Create interpreter setting bigquery from interpreter.json
 INFO [2021-08-25 07:47:41,048] ({main} InterpreterSettingManager.java[loadFromFile]:294) - Create interpreter setting mongodb from interpreter.json
 INFO [2021-08-25 07:47:41,049] ({main} InterpreterSettingManager.java[loadFromFile]:294) - Create interpreter setting hbase from interpreter.json
 INFO [2021-08-25 07:47:41,050] ({main} InterpreterSettingManager.java[loadFromFile]:294) - Create interpreter setting python from interpreter.json
 INFO [2021-08-25 07:47:41,050] ({main} InterpreterSettingManager.java[loadFromFile]:294) - Create interpreter setting sap from interpreter.json
 INFO [2021-08-25 07:47:41,051] ({main} InterpreterSettingManager.java[loadFromFile]:294) - Create interpreter setting kotlin from interpreter.json
 INFO [2021-08-25 07:47:41,052] ({main} InterpreterSettingManager.java[loadFromFile]:294) - Create interpreter setting scalding from interpreter.json
 INFO [2021-08-25 07:47:41,053] ({main} InterpreterSettingManager.java[loadFromFile]:294) - Create interpreter setting flink from interpreter.json
 INFO [2021-08-25 07:47:41,055] ({main} InterpreterSettingManager.java[loadFromFile]:294) - Create interpreter setting angular from interpreter.json
 INFO [2021-08-25 07:47:41,056] ({main} InterpreterSettingManager.java[loadFromFile]:294) - Create interpreter setting ksql from interpreter.json
 INFO [2021-08-25 07:47:41,057] ({main} InterpreterSettingManager.java[loadFromFile]:294) - Create interpreter setting livy from interpreter.json
 INFO [2021-08-25 07:47:41,058] ({main} InterpreterSettingManager.java[loadFromFile]:294) - Create interpreter setting r from interpreter.json
 INFO [2021-08-25 07:47:41,058] ({main} InterpreterSettingManager.java[loadFromFile]:294) - Create interpreter setting neo4j from interpreter.json
 INFO [2021-08-25 07:47:41,059] ({main} InterpreterSettingManager.java[loadFromFile]:294) - Create interpreter setting groovy from interpreter.json
 INFO [2021-08-25 07:47:41,060] ({main} InterpreterSettingManager.java[loadFromFile]:294) - Create interpreter setting cassandra from interpreter.json
 INFO [2021-08-25 07:47:41,061] ({main} InterpreterSettingManager.java[loadFromFile]:294) - Create interpreter setting sparql from interpreter.json
 INFO [2021-08-25 07:47:41,062] ({main} InterpreterSettingManager.java[loadFromFile]:294) - Create interpreter setting kylin from interpreter.json
 INFO [2021-08-25 07:47:41,066] ({main} InterpreterSetting.java[setStatus]:734) - Set interpreter mongodb status to DOWNLOADING_DEPENDENCIES
 INFO [2021-08-25 07:47:41,067] ({main} LocalConfigStorage.java[save]:53) - Save Interpreter Setting to /opt/zeppelin/conf/interpreter.json
 INFO [2021-08-25 07:47:41,067] ({Thread-13} InterpreterSetting.java[run]:964) - Start to download dependencies for interpreter: mongodb
 INFO [2021-08-25 07:47:41,359] ({LuceneSearch-RebuildIndex-Thread} LuceneSearch.java[lambda$startRebuildIndex$1]:399) - Starting rebuild index
 INFO [2021-08-25 07:47:43,173] ({LuceneSearch-RebuildIndex-Thread} LuceneSearch.java[lambda$startRebuildIndex$1]:404) - Finish rebuild index
 INFO [2021-08-25 07:47:44,435] ({Thread-13} InterpreterSetting.java[run]:977) - Finish downloading dependencies for interpreter: mongodb
 INFO [2021-08-25 07:47:44,436] ({Thread-13} InterpreterSetting.java[setStatus]:734) - Set interpreter mongodb status to READY
 INFO [2021-08-25 07:47:44,437] ({Thread-13} LocalConfigStorage.java[save]:53) - Save Interpreter Setting to /opt/zeppelin/conf/interpreter.json
 INFO [2021-08-25 15:31:00,433] ({qtp1864350231-12} NoAuthenticationService.java[<init>]:38) - NoAuthenticationService is initialized
 WARN [2021-08-25 15:31:00,449] ({qtp1864350231-12} SecurityRestApi.java[ticket]:89) - {"status":"OK","message":"","body":{"principal":"anonymous","ticket":"anonymous","roles":"[]"}}
 WARN [2021-08-25 15:31:00,614] ({qtp1864350231-16} ClusterRestApi.java[<init>]:61) - Cluster mode is disabled, ClusterRestApi won't work
 INFO [2021-08-25 15:31:00,647] ({qtp1864350231-14} NotebookServer.java[onOpen]:247) - New connection from 172.18.0.1:62414
 INFO [2021-08-25 15:31:05,369] ({qtp1864350231-14} NotebookServer.java[onClose]:474) - Closed connection to 172.18.0.1:62414 (1001) null
 INFO [2021-08-25 20:48:42,894] ({Thread-11} ZeppelinServer.java[lambda$shutdown$0]:314) - Shutting down Zeppelin Server ... 
 INFO [2021-08-25 20:48:43,531] ({Thread-11} AbstractConnector.java[doStop]:381) - Stopped ServerConnector@44c8afef{HTTP/1.1, (http/1.1)}{0.0.0.0:8080}
 INFO [2021-08-25 20:48:43,596] ({Thread-11} HouseKeeper.java[stopScavenging]:158) - node0 Stopped scavenging
 INFO [2021-08-25 20:48:44,805] ({Thread-11} ContextHandler.java[doStop]:1099) - Stopped o.e.j.w.WebAppContext@2e222612{zeppelin-web-angular,/next,null,UNAVAILABLE}{/opt/zeppelin/zeppelin-web-angular-0.9.0.war}
 INFO [2021-08-25 20:48:45,356] ({Thread-11} ContextHandler.java[doStop]:1099) - Stopped o.e.j.w.WebAppContext@3972a855{zeppelin-web,/,null,UNAVAILABLE}{/opt/zeppelin/zeppelin-web-0.9.0.war}
 INFO [2021-08-25 20:48:46,238] ({ignite-close} InterpreterSetting.java[close]:529) - Close InterpreterSetting: ignite
 INFO [2021-08-25 20:48:46,239] ({beam-close} InterpreterSetting.java[close]:529) - Close InterpreterSetting: beam
 INFO [2021-08-25 20:48:46,275] ({influxdb-close} InterpreterSetting.java[close]:529) - Close InterpreterSetting: influxdb
 INFO [2021-08-25 20:48:46,273] ({lens-close} InterpreterSetting.java[close]:529) - Close InterpreterSetting: lens
 INFO [2021-08-25 20:48:46,258] ({jdbc-close} InterpreterSetting.java[close]:529) - Close InterpreterSetting: jdbc
 INFO [2021-08-25 20:48:46,827] ({elasticsearch-close} InterpreterSetting.java[close]:529) - Close InterpreterSetting: elasticsearch
 INFO [2021-08-25 20:48:46,744] ({spark-close} InterpreterSetting.java[close]:529) - Close InterpreterSetting: spark
 INFO [2021-08-25 20:48:46,974] ({geode-close} InterpreterSetting.java[close]:529) - Close InterpreterSetting: geode
 INFO [2021-08-25 20:48:46,708] ({ignite-close} InterpreterSetting.java[close]:529) - Close InterpreterSetting: ignite
 INFO [2021-08-25 20:48:47,209] ({alluxio-close} InterpreterSetting.java[close]:529) - Close InterpreterSetting: alluxio
 INFO [2021-08-25 20:48:47,327] ({hbase-close} InterpreterSetting.java[close]:529) - Close InterpreterSetting: hbase
 INFO [2021-08-25 20:48:46,693] ({sh-close} InterpreterSetting.java[close]:529) - Close InterpreterSetting: sh
 INFO [2021-08-25 20:48:47,443] ({lens-close} InterpreterSetting.java[close]:529) - Close InterpreterSetting: lens
 INFO [2021-08-25 20:48:46,692] ({java-close} InterpreterSetting.java[close]:529) - Close InterpreterSetting: java
 INFO [2021-08-25 20:48:47,814] ({flink-close} InterpreterSetting.java[close]:529) - Close InterpreterSetting: flink
 INFO [2021-08-25 20:48:46,658] ({geode-close} InterpreterSetting.java[close]:529) - Close InterpreterSetting: geode
 INFO [2021-08-25 20:48:46,559] ({submarine-close} InterpreterSetting.java[close]:529) - Close InterpreterSetting: submarine
 INFO [2021-08-25 20:48:47,997] ({r-close} InterpreterSetting.java[close]:529) - Close InterpreterSetting: r
 INFO [2021-08-25 20:48:46,558] ({jupyter-close} InterpreterSetting.java[close]:529) - Close InterpreterSetting: jupyter
 INFO [2021-08-25 20:48:46,558] ({file-close} InterpreterSetting.java[close]:529) - Close InterpreterSetting: file
 INFO [2021-08-25 20:48:46,544] ({pig-close} InterpreterSetting.java[close]:529) - Close InterpreterSetting: pig
 INFO [2021-08-25 20:48:46,543] ({beam-close} InterpreterSetting.java[close]:529) - Close InterpreterSetting: beam
 INFO [2021-08-25 20:48:48,445] ({spark-close} InterpreterSetting.java[close]:529) - Close InterpreterSetting: spark
 INFO [2021-08-25 20:48:48,648] ({hazelcastjet-close} InterpreterSetting.java[close]:529) - Close InterpreterSetting: hazelcastjet
 INFO [2021-08-25 20:48:48,431] ({sh-close} InterpreterSetting.java[close]:529) - Close InterpreterSetting: sh
 INFO [2021-08-25 20:48:48,397] ({elasticsearch-close} InterpreterSetting.java[close]:529) - Close InterpreterSetting: elasticsearch
 INFO [2021-08-25 20:48:48,884] ({r-close} InterpreterSetting.java[close]:529) - Close InterpreterSetting: r
 INFO [2021-08-25 20:48:48,245] ({groovy-close} InterpreterSetting.java[close]:529) - Close InterpreterSetting: groovy
 INFO [2021-08-25 20:48:48,227] ({kylin-close} InterpreterSetting.java[close]:529) - Close InterpreterSetting: kylin
 INFO [2021-08-25 20:48:48,212] ({sparql-close} InterpreterSetting.java[close]:529) - Close InterpreterSetting: sparql
 INFO [2021-08-25 20:48:48,195] ({cassandra-close} InterpreterSetting.java[close]:529) - Close InterpreterSetting: cassandra
 INFO [2021-08-25 20:48:48,182] ({neo4j-close} InterpreterSetting.java[close]:529) - Close InterpreterSetting: neo4j
 INFO [2021-08-25 20:48:48,079] ({submarine-close} InterpreterSetting.java[close]:529) - Close InterpreterSetting: submarine
 INFO [2021-08-25 20:48:47,981] ({livy-close} InterpreterSetting.java[close]:529) - Close InterpreterSetting: livy
 INFO [2021-08-25 20:48:47,963] ({ksql-close} InterpreterSetting.java[close]:529) - Close InterpreterSetting: ksql
 INFO [2021-08-25 20:48:47,860] ({angular-close} InterpreterSetting.java[close]:529) - Close InterpreterSetting: angular
 INFO [2021-08-25 20:48:47,844] ({kotlin-close} InterpreterSetting.java[close]:529) - Close InterpreterSetting: kotlin
 INFO [2021-08-25 20:48:47,778] ({scalding-close} InterpreterSetting.java[close]:529) - Close InterpreterSetting: scalding
 INFO [2021-08-25 20:48:47,677] ({file-close} InterpreterSetting.java[close]:529) - Close InterpreterSetting: file
 INFO [2021-08-25 20:48:47,641] ({java-close} InterpreterSetting.java[close]:529) - Close InterpreterSetting: java
 INFO [2021-08-25 20:48:47,612] ({jupyter-close} InterpreterSetting.java[close]:529) - Close InterpreterSetting: jupyter
 INFO [2021-08-25 20:48:47,493] ({influxdb-close} InterpreterSetting.java[close]:529) - Close InterpreterSetting: influxdb
 INFO [2021-08-25 20:48:47,462] ({pig-close} InterpreterSetting.java[close]:529) - Close InterpreterSetting: pig
 INFO [2021-08-25 20:48:47,428] ({sap-close} InterpreterSetting.java[close]:529) - Close InterpreterSetting: sap
 INFO [2021-08-25 20:48:47,380] ({jdbc-close} InterpreterSetting.java[close]:529) - Close InterpreterSetting: jdbc
 INFO [2021-08-25 20:48:47,343] ({python-close} InterpreterSetting.java[close]:529) - Close InterpreterSetting: python
 INFO [2021-08-25 20:48:47,310] ({mongodb-close} InterpreterSetting.java[close]:529) - Close InterpreterSetting: mongodb
 INFO [2021-08-25 20:48:47,309] ({bigquery-close} InterpreterSetting.java[close]:529) - Close InterpreterSetting: bigquery
 INFO [2021-08-25 20:48:47,058] ({hazelcastjet-close} InterpreterSetting.java[close]:529) - Close InterpreterSetting: hazelcastjet
 INFO [2021-08-25 20:48:47,009] ({md-close} InterpreterSetting.java[close]:529) - Close InterpreterSetting: md
 INFO [2021-08-25 20:48:48,950] ({scalding-close} InterpreterSetting.java[close]:529) - Close InterpreterSetting: scalding
 INFO [2021-08-25 20:48:48,950] ({kylin-close} InterpreterSetting.java[close]:529) - Close InterpreterSetting: kylin
 INFO [2021-08-25 20:48:48,932] ({sparql-close} InterpreterSetting.java[close]:529) - Close InterpreterSetting: sparql
 INFO [2021-08-25 20:48:48,901] ({cassandra-close} InterpreterSetting.java[close]:529) - Close InterpreterSetting: cassandra
 INFO [2021-08-25 20:48:48,898] ({groovy-close} InterpreterSetting.java[close]:529) - Close InterpreterSetting: groovy
 INFO [2021-08-25 20:48:48,897] ({neo4j-close} InterpreterSetting.java[close]:529) - Close InterpreterSetting: neo4j
 INFO [2021-08-25 20:48:48,881] ({livy-close} InterpreterSetting.java[close]:529) - Close InterpreterSetting: livy
 INFO [2021-08-25 20:48:48,829] ({sap-close} InterpreterSetting.java[close]:529) - Close InterpreterSetting: sap
 INFO [2021-08-25 20:48:48,850] ({ksql-close} InterpreterSetting.java[close]:529) - Close InterpreterSetting: ksql
 INFO [2021-08-25 20:48:48,848] ({angular-close} InterpreterSetting.java[close]:529) - Close InterpreterSetting: angular
 INFO [2021-08-25 20:48:48,847] ({flink-close} InterpreterSetting.java[close]:529) - Close InterpreterSetting: flink
 INFO [2021-08-25 20:48:48,833] ({kotlin-close} InterpreterSetting.java[close]:529) - Close InterpreterSetting: kotlin
 INFO [2021-08-25 20:48:48,815] ({python-close} InterpreterSetting.java[close]:529) - Close InterpreterSetting: python
 INFO [2021-08-25 20:48:48,750] ({bigquery-close} InterpreterSetting.java[close]:529) - Close InterpreterSetting: bigquery
 INFO [2021-08-25 20:48:48,734] ({hbase-close} InterpreterSetting.java[close]:529) - Close InterpreterSetting: hbase
 INFO [2021-08-25 20:48:48,731] ({mongodb-close} InterpreterSetting.java[close]:529) - Close InterpreterSetting: mongodb
 INFO [2021-08-25 20:48:48,664] ({alluxio-close} InterpreterSetting.java[close]:529) - Close InterpreterSetting: alluxio
 INFO [2021-08-25 20:48:48,628] ({md-close} InterpreterSetting.java[close]:529) - Close InterpreterSetting: md
 INFO [2021-08-25 20:48:50,651] ({Thread-11} NotebookRepoSync.java[close]:460) - Closing all notebook storages
 INFO [2021-08-25 20:48:51,923] ({Thread-11} SLF4JLogger.java[info]:71) - Closed connection [connectionId{localValue:2, serverValue:12}] to mongo:27017 because the pool has been closed.
