 INFO [2021-07-19 18:24:04,063] ({RegisterThread} RemoteInterpreterServer.java[run]:595) - Start registration
 INFO [2021-07-19 18:24:04,064] ({RemoteInterpreterServer-Thread} RemoteInterpreterServer.java[run]:193) - Launching ThriftServer at 172.18.0.3:42773
 INFO [2021-07-19 18:24:05,213] ({RegisterThread} RemoteInterpreterServer.java[run]:609) - Registering interpreter process
 INFO [2021-07-19 18:24:05,230] ({RegisterThread} RemoteInterpreterServer.java[run]:611) - Registered interpreter process
 INFO [2021-07-19 18:24:05,231] ({RegisterThread} RemoteInterpreterServer.java[run]:632) - Registration finished
 INFO [2021-07-19 18:24:05,247] ({pool-2-thread-1} ZeppelinConfiguration.java[create]:172) - Load configuration from file:/opt/zeppelin/conf/zeppelin-site.xml
 INFO [2021-07-19 18:24:05,316] ({pool-2-thread-1} ZeppelinConfiguration.java[create]:180) - Server Host: 0.0.0.0
 INFO [2021-07-19 18:24:05,317] ({pool-2-thread-1} ZeppelinConfiguration.java[create]:182) - Server Port: 8080
 INFO [2021-07-19 18:24:05,318] ({pool-2-thread-1} ZeppelinConfiguration.java[create]:186) - Context Path: /
 INFO [2021-07-19 18:24:05,319] ({pool-2-thread-1} ZeppelinConfiguration.java[create]:187) - Zeppelin Version: 0.9.0
 INFO [2021-07-19 18:24:05,320] ({pool-2-thread-1} RemoteInterpreterServer.java[createLifecycleManager]:286) - Creating interpreter lifecycle manager: org.apache.zeppelin.interpreter.lifecycle.NullLifecycleManager
 INFO [2021-07-19 18:24:05,321] ({pool-2-thread-1} RemoteInterpreterServer.java[init]:229) - Creating RemoteInterpreterEventClient with connection pool size: 10
 INFO [2021-07-19 18:24:05,418] ({pool-2-thread-1} RemoteInterpreterServer.java[createInterpreter]:383) - Instantiate interpreter org.apache.zeppelin.angular.AngularInterpreter
 INFO [2021-07-19 18:24:05,420] ({pool-2-thread-1} RemoteInterpreterServer.java[createInterpreter]:383) - Instantiate interpreter org.apache.zeppelin.angular.AngularInterpreter
 INFO [2021-07-19 18:24:05,463] ({pool-2-thread-1} SchedulerFactory.java[<init>]:56) - Scheduler Thread Pool Size: 100
 INFO [2021-07-19 18:24:05,465] ({pool-2-thread-1} SchedulerFactory.java[createOrGetFIFOScheduler]:76) - Create FIFOScheduler: org.apache.zeppelin.angular.AngularInterpreter743703405
 INFO [2021-07-19 18:24:05,472] ({FIFOScheduler-org.apache.zeppelin.angular.AngularInterpreter743703405-Worker-1} AbstractScheduler.java[runJob]:127) - Job paragraph_1626717778466_897556445 started by scheduler org.apache.zeppelin.angular.AngularInterpreter743703405
 INFO [2021-07-19 18:24:05,489] ({FIFOScheduler-org.apache.zeppelin.angular.AngularInterpreter743703405-Worker-1} AbstractScheduler.java[runJob]:154) - Job paragraph_1626717778466_897556445 finished by scheduler org.apache.zeppelin.angular.AngularInterpreter743703405 with status FINISHED
 INFO [2021-07-19 18:24:08,425] ({FIFOScheduler-org.apache.zeppelin.angular.AngularInterpreter743703405-Worker-1} AbstractScheduler.java[runJob]:127) - Job paragraph_1626717778466_897556445 started by scheduler org.apache.zeppelin.angular.AngularInterpreter743703405
 INFO [2021-07-19 18:24:08,427] ({FIFOScheduler-org.apache.zeppelin.angular.AngularInterpreter743703405-Worker-1} AbstractScheduler.java[runJob]:154) - Job paragraph_1626717778466_897556445 finished by scheduler org.apache.zeppelin.angular.AngularInterpreter743703405 with status FINISHED
 INFO [2021-07-19 18:24:10,591] ({FIFOScheduler-org.apache.zeppelin.angular.AngularInterpreter743703405-Worker-1} AbstractScheduler.java[runJob]:127) - Job paragraph_1626717778466_897556445 started by scheduler org.apache.zeppelin.angular.AngularInterpreter743703405
 INFO [2021-07-19 18:24:10,594] ({FIFOScheduler-org.apache.zeppelin.angular.AngularInterpreter743703405-Worker-1} AbstractScheduler.java[runJob]:154) - Job paragraph_1626717778466_897556445 finished by scheduler org.apache.zeppelin.angular.AngularInterpreter743703405 with status FINISHED
 INFO [2021-07-19 18:24:17,234] ({FIFOScheduler-org.apache.zeppelin.angular.AngularInterpreter743703405-Worker-1} AbstractScheduler.java[runJob]:127) - Job paragraph_1626717778466_897556445 started by scheduler org.apache.zeppelin.angular.AngularInterpreter743703405
 INFO [2021-07-19 18:24:17,236] ({FIFOScheduler-org.apache.zeppelin.angular.AngularInterpreter743703405-Worker-1} AbstractScheduler.java[runJob]:154) - Job paragraph_1626717778466_897556445 finished by scheduler org.apache.zeppelin.angular.AngularInterpreter743703405 with status FINISHED
 INFO [2021-07-19 18:27:12,556] ({FIFOScheduler-org.apache.zeppelin.angular.AngularInterpreter743703405-Worker-1} AbstractScheduler.java[runJob]:127) - Job paragraph_1626717778466_897556445 started by scheduler org.apache.zeppelin.angular.AngularInterpreter743703405
 INFO [2021-07-19 18:27:12,559] ({FIFOScheduler-org.apache.zeppelin.angular.AngularInterpreter743703405-Worker-1} AbstractScheduler.java[runJob]:154) - Job paragraph_1626717778466_897556445 finished by scheduler org.apache.zeppelin.angular.AngularInterpreter743703405 with status FINISHED
 INFO [2021-07-19 18:27:13,383] ({FIFOScheduler-org.apache.zeppelin.angular.AngularInterpreter743703405-Worker-1} AbstractScheduler.java[runJob]:127) - Job paragraph_1626717778466_897556445 started by scheduler org.apache.zeppelin.angular.AngularInterpreter743703405
 INFO [2021-07-19 18:27:13,385] ({FIFOScheduler-org.apache.zeppelin.angular.AngularInterpreter743703405-Worker-1} AbstractScheduler.java[runJob]:154) - Job paragraph_1626717778466_897556445 finished by scheduler org.apache.zeppelin.angular.AngularInterpreter743703405 with status FINISHED
 INFO [2021-07-19 18:27:13,822] ({FIFOScheduler-org.apache.zeppelin.angular.AngularInterpreter743703405-Worker-1} AbstractScheduler.java[runJob]:127) - Job paragraph_1626717778466_897556445 started by scheduler org.apache.zeppelin.angular.AngularInterpreter743703405
 INFO [2021-07-19 18:27:13,824] ({FIFOScheduler-org.apache.zeppelin.angular.AngularInterpreter743703405-Worker-1} AbstractScheduler.java[runJob]:154) - Job paragraph_1626717778466_897556445 finished by scheduler org.apache.zeppelin.angular.AngularInterpreter743703405 with status FINISHED
 INFO [2021-07-19 19:18:00,687] ({pool-2-thread-2} RemoteInterpreterServer.java[shutdown]:244) - Unregister interpreter process
 INFO [2021-07-19 19:18:00,819] ({ShutdownThread} RemoteInterpreterServer.java[run]:649) - Shutting down...
 INFO [2021-07-19 19:18:00,829] ({ShutdownThread} RemoteInterpreterServer.java[run]:650) - Shutdown initialized by ShutdownCall
 INFO [2021-07-19 19:18:00,846] ({ShutdownThread} SchedulerFactory.java[destroy]:61) - Destroy all executors
 INFO [2021-07-19 19:18:00,860] ({ShutdownThread} SchedulerFactory.java[destroy]:65) - Stopping Scheduler org.apache.zeppelin.angular.AngularInterpreter743703405
 WARN [2021-07-19 19:18:00,886] ({SchedulerFactory1} AbstractScheduler.java[run]:91) - FIFOScheduler is interrupted
