 INFO [2021-07-28 07:25:52,984] ({main} ZeppelinConfiguration.java[create]:172) - Load configuration from file:/opt/zeppelin/conf/zeppelin-site.xml
 INFO [2021-07-28 07:25:53,146] ({main} ZeppelinConfiguration.java[create]:180) - Server Host: 0.0.0.0
 INFO [2021-07-28 07:25:53,148] ({main} ZeppelinConfiguration.java[create]:182) - Server Port: 8080
 INFO [2021-07-28 07:25:53,149] ({main} ZeppelinConfiguration.java[create]:186) - Context Path: /
 INFO [2021-07-28 07:25:53,150] ({main} ZeppelinConfiguration.java[create]:187) - Zeppelin Version: 0.9.0
 INFO [2021-07-28 07:25:53,202] ({main} Log.java[initialized]:169) - Logging initialized @1800ms to org.eclipse.jetty.util.log.Slf4jLog
 WARN [2021-07-28 07:25:53,803] ({main} ZeppelinConfiguration.java[getConfigFSDir]:694) - zeppelin.config.fs.dir is not specified, fall back to local conf directory zeppelin.conf.dir
 WARN [2021-07-28 07:25:53,804] ({main} ZeppelinConfiguration.java[getConfigFSDir]:694) - zeppelin.config.fs.dir is not specified, fall back to local conf directory zeppelin.conf.dir
 WARN [2021-07-28 07:25:53,805] ({main} ZeppelinConfiguration.java[getConfigFSDir]:694) - zeppelin.config.fs.dir is not specified, fall back to local conf directory zeppelin.conf.dir
 WARN [2021-07-28 07:25:53,867] ({main} LocalConfigStorage.java[loadCredentials]:88) - Credential file /opt/zeppelin/conf/credentials.json is not existed
 INFO [2021-07-28 07:25:54,001] ({ImmediateThread-1627457153794} PluginManager.java[loadNotebookRepo]:78) - Loading NotebookRepo Plugin: org.apache.zeppelin.notebook.repo.MongoNotebookRepo
 INFO [2021-07-28 07:25:54,059] ({main} ZeppelinServer.java[setupWebAppContext]:575) - warPath is: /opt/zeppelin/zeppelin-web-0.9.0.war
 INFO [2021-07-28 07:25:54,062] ({main} ZeppelinServer.java[setupWebAppContext]:588) - ZeppelinServer Webapp path: /opt/zeppelin/webapps
 INFO [2021-07-28 07:25:54,182] ({main} ZeppelinServer.java[setupWebAppContext]:575) - warPath is: /opt/zeppelin/zeppelin-web-angular-0.9.0.war
 INFO [2021-07-28 07:25:54,189] ({main} ZeppelinServer.java[setupWebAppContext]:588) - ZeppelinServer Webapp path: /opt/zeppelin/webapps/next
 INFO [2021-07-28 07:25:54,348] ({main} NotebookServer.java[<init>]:157) - NotebookServer instantiated: org.apache.zeppelin.socket.NotebookServer@209da20d
 INFO [2021-07-28 07:25:54,363] ({main} NotebookServer.java[setNotebook]:168) - Injected NotebookProvider
 INFO [2021-07-28 07:25:54,365] ({main} NotebookServer.java[setServiceLocator]:162) - Injected ServiceLocator: ServiceLocatorImpl(shared-locator,0,1279309678)
 INFO [2021-07-28 07:25:54,368] ({main} NotebookServer.java[setNotebookService]:175) - Injected NotebookServiceProvider
 INFO [2021-07-28 07:25:54,371] ({main} NotebookServer.java[setAuthorizationServiceProvider]:182) - Injected NotebookAuthorizationServiceProvider
 INFO [2021-07-28 07:25:54,374] ({main} NotebookServer.java[setConnectionManagerProvider]:188) - Injected ConnectionManagerProvider
 INFO [2021-07-28 07:25:54,379] ({main} ZeppelinServer.java[setupClusterManagerServer]:465) - Cluster mode is disabled
 INFO [2021-07-28 07:25:54,380] ({main} ZeppelinServer.java[main]:249) - Starting zeppelin server
 INFO [2021-07-28 07:25:54,383] ({main} Server.java[doStart]:360) - jetty-9.4.31.v20200723; built: 2020-07-23T17:57:36.812Z; git: 450ba27947e13e66baa8cd1ce7e85a4461cacc1d; jvm 1.8.0_282-8u282-b08-0ubuntu1~20.04-b08
 INFO [2021-07-28 07:25:54,758] ({main} StandardDescriptorProcessor.java[visitServlet]:276) - NO JSP Support for /, did not find org.eclipse.jetty.jsp.JettyJspServlet
 INFO [2021-07-28 07:25:54,774] ({main} DefaultSessionIdManager.java[doStart]:334) - DefaultSessionIdManager workerName=node0
 INFO [2021-07-28 07:25:54,776] ({main} DefaultSessionIdManager.java[doStart]:339) - No SessionScavenger set, using defaults
 INFO [2021-07-28 07:25:54,780] ({main} HouseKeeper.java[startScavenging]:140) - node0 Scavenging every 660000ms
 INFO [2021-07-28 07:25:55,152] ({ImmediateThread-1627457153794} SLF4JLogger.java[info]:71) - Cluster created with settings {hosts=[mongo:27017], mode=SINGLE, requiredClusterType=UNKNOWN, serverSelectionTimeout='30000 ms', maxWaitQueueSize=500}
 INFO [2021-07-28 07:25:55,512] ({ImmediateThread-1627457153794} VFSNotebookRepo.java[setNotebookDirectory]:69) - Using notebookDir: /opt/zeppelin/notebook
 INFO [2021-07-28 07:25:55,889] ({cluster-ClusterId{value='61010683a7b11b0008d519b8', description='null'}-mongo:27017} SLF4JLogger.java[info]:71) - Opened connection [connectionId{localValue:1, serverValue:11}] to mongo:27017
 INFO [2021-07-28 07:25:55,896] ({cluster-ClusterId{value='61010683a7b11b0008d519b8', description='null'}-mongo:27017} SLF4JLogger.java[info]:71) - Monitor thread successfully connected to server with description ServerDescription{address=mongo:27017, type=STANDALONE, state=CONNECTED, ok=true, version=ServerVersion{versionList=[5, 0, 0]}, minWireVersion=0, maxWireVersion=13, maxDocumentSize=16777216, roundTripTimeNanos=1787478}
 INFO [2021-07-28 07:25:56,127] ({ImmediateThread-1627457153794} SLF4JLogger.java[info]:71) - Opened connection [connectionId{localValue:2, serverValue:12}] to mongo:27017
 WARN [2021-07-28 07:25:56,503] ({ImmediateThread-1627457153794} MongoNotebookRepo.java[saveOrIgnore]:184) - ignore error when insert note '/Flink Tutorial/6. Batch ETL': Bulk write operation error on server mongo:27017. Write errors: [BulkWriteError{index=0, code=11000, message='E11000 duplicate key error collection: zeppelin.notes index: _id_ dup key: { _id: "2EW19CSPA" }', details={ }}]. 
 WARN [2021-07-28 07:25:56,638] ({ImmediateThread-1627457153794} MongoNotebookRepo.java[saveOrIgnore]:184) - ignore error when insert note '/Flink Tutorial/1. Flink Basics': Bulk write operation error on server mongo:27017. Write errors: [BulkWriteError{index=0, code=11000, message='E11000 duplicate key error collection: zeppelin.notes index: _id_ dup key: { _id: "2F2YS7PCE" }', details={ }}]. 
 WARN [2021-07-28 07:25:56,809] ({ImmediateThread-1627457153794} MongoNotebookRepo.java[saveOrIgnore]:184) - ignore error when insert note '/Miscellaneous Tutorial/Using Mahout': Bulk write operation error on server mongo:27017. Write errors: [BulkWriteError{index=0, code=11000, message='E11000 duplicate key error collection: zeppelin.notes index: _id_ dup key: { _id: "2BYEZ5EVK" }', details={ }}]. 
 WARN [2021-07-28 07:25:56,903] ({ImmediateThread-1627457153794} MongoNotebookRepo.java[saveOrIgnore]:184) - ignore error when insert note '/Python Tutorial/1. IPython Basic': Bulk write operation error on server mongo:27017. Write errors: [BulkWriteError{index=0, code=11000, message='E11000 duplicate key error collection: zeppelin.notes index: _id_ dup key: { _id: "2EYDJKFFY" }', details={ }}]. 
 WARN [2021-07-28 07:25:56,968] ({ImmediateThread-1627457153794} MongoNotebookRepo.java[saveOrIgnore]:184) - ignore error when insert note '/Flink Tutorial/2. Three Essential Steps for Building Flink Job': Bulk write operation error on server mongo:27017. Write errors: [BulkWriteError{index=0, code=11000, message='E11000 duplicate key error collection: zeppelin.notes index: _id_ dup key: { _id: "2F7SKEHPA" }', details={ }}]. 
 WARN [2021-07-28 07:25:56,999] ({ImmediateThread-1627457153794} MongoNotebookRepo.java[saveOrIgnore]:184) - ignore error when insert note '/R Tutorial/2. Shiny App': Bulk write operation error on server mongo:27017. Write errors: [BulkWriteError{index=0, code=11000, message='E11000 duplicate key error collection: zeppelin.notes index: _id_ dup key: { _id: "2EZ66TM57" }', details={ }}]. 
 WARN [2021-07-28 07:25:57,061] ({ImmediateThread-1627457153794} MongoNotebookRepo.java[saveOrIgnore]:184) - ignore error when insert note '/Spark Tutorial/1. Spark Interpreter Introduction': Bulk write operation error on server mongo:27017. Write errors: [BulkWriteError{index=0, code=11000, message='E11000 duplicate key error collection: zeppelin.notes index: _id_ dup key: { _id: "2F8KN6TKK" }', details={ }}]. 
 WARN [2021-07-28 07:25:57,088] ({ImmediateThread-1627457153794} MongoNotebookRepo.java[saveOrIgnore]:184) - ignore error when insert note '/Flink Tutorial/5. Streaming Data Analytics': Bulk write operation error on server mongo:27017. Write errors: [BulkWriteError{index=0, code=11000, message='E11000 duplicate key error collection: zeppelin.notes index: _id_ dup key: { _id: "2EYT7Q6R8" }', details={ }}]. 
 WARN [2021-07-28 07:25:57,127] ({ImmediateThread-1627457153794} MongoNotebookRepo.java[saveOrIgnore]:184) - ignore error when insert note '/Miscellaneous Tutorial/Using Pig for querying data': Bulk write operation error on server mongo:27017. Write errors: [BulkWriteError{index=0, code=11000, message='E11000 duplicate key error collection: zeppelin.notes index: _id_ dup key: { _id: "2C57UKYWR" }', details={ }}]. 
 WARN [2021-07-28 07:25:57,181] ({ImmediateThread-1627457153794} MongoNotebookRepo.java[saveOrIgnore]:184) - ignore error when insert note '/Flink Tutorial/8. Logistic Regression (Alink)': Bulk write operation error on server mongo:27017. Write errors: [BulkWriteError{index=0, code=11000, message='E11000 duplicate key error collection: zeppelin.notes index: _id_ dup key: { _id: "2F4HJNWVN" }', details={ }}]. 
 WARN [2021-07-28 07:25:57,209] ({ImmediateThread-1627457153794} MongoNotebookRepo.java[saveOrIgnore]:184) - ignore error when insert note '/Flink Tutorial/4. Streaming ETL': Bulk write operation error on server mongo:27017. Write errors: [BulkWriteError{index=0, code=11000, message='E11000 duplicate key error collection: zeppelin.notes index: _id_ dup key: { _id: "2EYD56B9B" }', details={ }}]. 
 WARN [2021-07-28 07:25:57,227] ({ImmediateThread-1627457153794} MongoNotebookRepo.java[saveOrIgnore]:184) - ignore error when insert note '/Flink Tutorial/3. Flink Job Control Tutorial': Bulk write operation error on server mongo:27017. Write errors: [BulkWriteError{index=0, code=11000, message='E11000 duplicate key error collection: zeppelin.notes index: _id_ dup key: { _id: "2F5RKHCDV" }', details={ }}]. 
 WARN [2021-07-28 07:25:57,245] ({ImmediateThread-1627457153794} MongoNotebookRepo.java[saveOrIgnore]:184) - ignore error when insert note '/Spark Tutorial/7. Spark Delta Lake Tutorial': Bulk write operation error on server mongo:27017. Write errors: [BulkWriteError{index=0, code=11000, message='E11000 duplicate key error collection: zeppelin.notes index: _id_ dup key: { _id: "2F8VDBMMT" }', details={ }}]. 
 WARN [2021-07-28 07:25:57,295] ({ImmediateThread-1627457153794} MongoNotebookRepo.java[saveOrIgnore]:184) - ignore error when insert note '/Spark Tutorial/3. Spark SQL (PySpark)': Bulk write operation error on server mongo:27017. Write errors: [BulkWriteError{index=0, code=11000, message='E11000 duplicate key error collection: zeppelin.notes index: _id_ dup key: { _id: "2EWM84JXA" }', details={ }}]. 
 WARN [2021-07-28 07:25:57,325] ({ImmediateThread-1627457153794} MongoNotebookRepo.java[saveOrIgnore]:184) - ignore error when insert note '/Spark Tutorial/4. Spark MlLib': Bulk write operation error on server mongo:27017. Write errors: [BulkWriteError{index=0, code=11000, message='E11000 duplicate key error collection: zeppelin.notes index: _id_ dup key: { _id: "2EZFM3GJA" }', details={ }}]. 
 WARN [2021-07-28 07:25:57,368] ({ImmediateThread-1627457153794} MongoNotebookRepo.java[saveOrIgnore]:184) - ignore error when insert note '/Python Tutorial/3. Keras Binary Classification (IMDB)': Bulk write operation error on server mongo:27017. Write errors: [BulkWriteError{index=0, code=11000, message='E11000 duplicate key error collection: zeppelin.notes index: _id_ dup key: { _id: "2F2AVWJ77" }', details={ }}]. 
 WARN [2021-07-28 07:25:57,393] ({ImmediateThread-1627457153794} MongoNotebookRepo.java[saveOrIgnore]:184) - ignore error when insert note '/Flink Tutorial/7. Batch Data Analytics': Bulk write operation error on server mongo:27017. Write errors: [BulkWriteError{index=0, code=11000, message='E11000 duplicate key error collection: zeppelin.notes index: _id_ dup key: { _id: "2EZ9G3JJU" }', details={ }}]. 
 INFO [2021-07-28 07:25:57,491] ({main} ContextHandler.java[doStart]:860) - Started o.e.j.w.WebAppContext@3972a855{zeppelin-web,/,jar:file:///opt/zeppelin/zeppelin-web-0.9.0.war!/,AVAILABLE}{/opt/zeppelin/zeppelin-web-0.9.0.war}
 INFO [2021-07-28 07:25:57,524] ({main} StandardDescriptorProcessor.java[visitServlet]:276) - NO JSP Support for /next, did not find org.eclipse.jetty.jsp.JettyJspServlet
 WARN [2021-07-28 07:25:57,631] ({ImmediateThread-1627457153794} MongoNotebookRepo.java[saveOrIgnore]:184) - ignore error when insert note '/Python Tutorial/2. IPython Visualization Tutorial': Bulk write operation error on server mongo:27017. Write errors: [BulkWriteError{index=0, code=11000, message='E11000 duplicate key error collection: zeppelin.notes index: _id_ dup key: { _id: "2F1S9ZY8Z" }', details={ }}]. 
 WARN [2021-07-28 07:25:57,693] ({ImmediateThread-1627457153794} MongoNotebookRepo.java[saveOrIgnore]:184) - ignore error when insert note '/R Tutorial/1. R Basics': Bulk write operation error on server mongo:27017. Write errors: [BulkWriteError{index=0, code=11000, message='E11000 duplicate key error collection: zeppelin.notes index: _id_ dup key: { _id: "2BWJFTXKJ" }', details={ }}]. 
 WARN [2021-07-28 07:25:57,702] ({ImmediateThread-1627457153794} MongoNotebookRepo.java[saveOrIgnore]:184) - ignore error when insert note '/Spark Tutorial/6. SparkR Shiny App': Bulk write operation error on server mongo:27017. Write errors: [BulkWriteError{index=0, code=11000, message='E11000 duplicate key error collection: zeppelin.notes index: _id_ dup key: { _id: "2F1CHQ4TT" }', details={ }}]. 
 WARN [2021-07-28 07:25:57,809] ({ImmediateThread-1627457153794} MongoNotebookRepo.java[saveOrIgnore]:184) - ignore error when insert note '/Spark Tutorial/5. SparkR Basics': Bulk write operation error on server mongo:27017. Write errors: [BulkWriteError{index=0, code=11000, message='E11000 duplicate key error collection: zeppelin.notes index: _id_ dup key: { _id: "2BWJFTXKM" }', details={ }}]. 
 WARN [2021-07-28 07:25:57,845] ({ImmediateThread-1627457153794} MongoNotebookRepo.java[saveOrIgnore]:184) - ignore error when insert note '/Python Tutorial/4. Matplotlib (Python, PySpark)': Bulk write operation error on server mongo:27017. Write errors: [BulkWriteError{index=0, code=11000, message='E11000 duplicate key error collection: zeppelin.notes index: _id_ dup key: { _id: "2C2AUG798" }', details={ }}]. 
 WARN [2021-07-28 07:25:57,880] ({ImmediateThread-1627457153794} MongoNotebookRepo.java[saveOrIgnore]:184) - ignore error when insert note '/Spark Tutorial/2. Spark Basic Features': Bulk write operation error on server mongo:27017. Write errors: [BulkWriteError{index=0, code=11000, message='E11000 duplicate key error collection: zeppelin.notes index: _id_ dup key: { _id: "2A94M5J1Z" }', details={ }}]. 
 WARN [2021-07-28 07:25:57,913] ({ImmediateThread-1627457153794} MongoNotebookRepo.java[saveOrIgnore]:184) - ignore error when insert note '/Spark Tutorial/3. Spark SQL (Scala)': Bulk write operation error on server mongo:27017. Write errors: [BulkWriteError{index=0, code=11000, message='E11000 duplicate key error collection: zeppelin.notes index: _id_ dup key: { _id: "2EYUV26VR" }', details={ }}]. 
 INFO [2021-07-28 07:25:57,951] ({main} ContextHandler.java[doStart]:860) - Started o.e.j.w.WebAppContext@2e222612{zeppelin-web-angular,/next,jar:file:///opt/zeppelin/zeppelin-web-angular-0.9.0.war!/,AVAILABLE}{/opt/zeppelin/zeppelin-web-angular-0.9.0.war}
 INFO [2021-07-28 07:25:57,978] ({main} AbstractConnector.java[doStart]:331) - Started ServerConnector@44c8afef{HTTP/1.1, (http/1.1)}{0.0.0.0:8080}
 INFO [2021-07-28 07:25:57,980] ({main} Server.java[doStart]:400) - Started @6587ms
 INFO [2021-07-28 07:26:02,982] ({main} ZeppelinServer.java[main]:263) - Done, zeppelin server started
 INFO [2021-07-28 07:26:03,028] ({main} LocalConfigStorage.java[loadNotebookAuthorization]:80) - Load notebook authorization from file: /opt/zeppelin/conf/notebook-authorization.json
 INFO [2021-07-28 07:26:03,259] ({Thread-12} RemoteInterpreterEventServer.java[run]:105) - InterpreterEventServer is starting at 172.18.0.3:40967
 INFO [2021-07-28 07:26:03,759] ({main} RemoteInterpreterEventServer.java[start]:133) - RemoteInterpreterEventServer is started
 INFO [2021-07-28 07:26:03,763] ({main} InterpreterSettingManager.java[<init>]:197) - Using RecoveryStorage: org.apache.zeppelin.interpreter.recovery.NullRecoveryStorage
 INFO [2021-07-28 07:26:03,778] ({main} InterpreterSettingManager.java[registerInterpreterSetting]:540) - Register InterpreterSettingTemplate: file
 INFO [2021-07-28 07:26:03,780] ({main} InterpreterSettingManager.java[registerInterpreterSetting]:540) - Register InterpreterSettingTemplate: alluxio
 INFO [2021-07-28 07:26:03,781] ({main} InterpreterSettingManager.java[registerInterpreterSetting]:540) - Register InterpreterSettingTemplate: lens
 INFO [2021-07-28 07:26:03,783] ({main} InterpreterSettingManager.java[registerInterpreterSetting]:540) - Register InterpreterSettingTemplate: jdbc
 INFO [2021-07-28 07:26:03,785] ({main} InterpreterSettingManager.java[registerInterpreterSetting]:540) - Register InterpreterSettingTemplate: bigquery
 INFO [2021-07-28 07:26:03,786] ({main} InterpreterSettingManager.java[registerInterpreterSetting]:540) - Register InterpreterSettingTemplate: scalding
 INFO [2021-07-28 07:26:03,787] ({main} InterpreterSettingManager.java[registerInterpreterSetting]:540) - Register InterpreterSettingTemplate: cassandra
 INFO [2021-07-28 07:26:03,788] ({main} InterpreterSettingManager.java[registerInterpreterSetting]:540) - Register InterpreterSettingTemplate: mongodb
 INFO [2021-07-28 07:26:03,790] ({main} InterpreterSettingManager.java[registerInterpreterSetting]:540) - Register InterpreterSettingTemplate: kylin
 INFO [2021-07-28 07:26:03,791] ({main} InterpreterSettingManager.java[registerInterpreterSetting]:540) - Register InterpreterSettingTemplate: jupyter
 INFO [2021-07-28 07:26:03,792] ({main} InterpreterSettingManager.java[registerInterpreterSetting]:540) - Register InterpreterSettingTemplate: sh
 INFO [2021-07-28 07:26:03,794] ({main} InterpreterSettingManager.java[registerInterpreterSetting]:540) - Register InterpreterSettingTemplate: angular
 INFO [2021-07-28 07:26:03,795] ({main} InterpreterSettingManager.java[registerInterpreterSetting]:540) - Register InterpreterSettingTemplate: ksql
 INFO [2021-07-28 07:26:03,796] ({main} InterpreterSettingManager.java[registerInterpreterSetting]:540) - Register InterpreterSettingTemplate: ignite
 INFO [2021-07-28 07:26:03,798] ({main} InterpreterSettingManager.java[registerInterpreterSetting]:540) - Register InterpreterSettingTemplate: hazelcastjet
 INFO [2021-07-28 07:26:03,800] ({main} InterpreterSettingManager.java[registerInterpreterSetting]:540) - Register InterpreterSettingTemplate: influxdb
 INFO [2021-07-28 07:26:03,801] ({main} InterpreterSettingManager.java[registerInterpreterSetting]:540) - Register InterpreterSettingTemplate: neo4j
 INFO [2021-07-28 07:26:03,802] ({main} InterpreterSettingManager.java[registerInterpreterSetting]:540) - Register InterpreterSettingTemplate: kotlin
 INFO [2021-07-28 07:26:03,803] ({main} InterpreterSettingManager.java[registerInterpreterSetting]:540) - Register InterpreterSettingTemplate: java
 INFO [2021-07-28 07:26:03,805] ({main} InterpreterSettingManager.java[registerInterpreterSetting]:540) - Register InterpreterSettingTemplate: spark
 INFO [2021-07-28 07:26:03,806] ({main} InterpreterSettingManager.java[registerInterpreterSetting]:540) - Register InterpreterSettingTemplate: python
 INFO [2021-07-28 07:26:03,807] ({main} InterpreterSettingManager.java[registerInterpreterSetting]:540) - Register InterpreterSettingTemplate: sparql
 INFO [2021-07-28 07:26:03,808] ({main} InterpreterSettingManager.java[registerInterpreterSetting]:540) - Register InterpreterSettingTemplate: groovy
 INFO [2021-07-28 07:26:03,810] ({main} InterpreterSettingManager.java[registerInterpreterSetting]:540) - Register InterpreterSettingTemplate: submarine
 INFO [2021-07-28 07:26:03,811] ({main} InterpreterSettingManager.java[registerInterpreterSetting]:540) - Register InterpreterSettingTemplate: hbase
 INFO [2021-07-28 07:26:03,812] ({main} InterpreterSettingManager.java[registerInterpreterSetting]:540) - Register InterpreterSettingTemplate: elasticsearch
 INFO [2021-07-28 07:26:03,814] ({main} InterpreterSettingManager.java[registerInterpreterSetting]:540) - Register InterpreterSettingTemplate: livy
 WARN [2021-07-28 07:26:03,839] ({main} InterpreterSettingManager.java[loadInterpreterSettingFromDefaultDir]:437) - No interpreter-setting.json found in /opt/zeppelin/interpreter/scio
 INFO [2021-07-28 07:26:03,842] ({main} InterpreterSettingManager.java[registerInterpreterSetting]:540) - Register InterpreterSettingTemplate: flink
 INFO [2021-07-28 07:26:03,843] ({main} InterpreterSettingManager.java[registerInterpreterSetting]:540) - Register InterpreterSettingTemplate: beam
 INFO [2021-07-28 07:26:03,845] ({main} InterpreterSettingManager.java[registerInterpreterSetting]:540) - Register InterpreterSettingTemplate: md
 INFO [2021-07-28 07:26:03,846] ({main} InterpreterSettingManager.java[registerInterpreterSetting]:540) - Register InterpreterSettingTemplate: sap
 INFO [2021-07-28 07:26:03,848] ({main} InterpreterSettingManager.java[registerInterpreterSetting]:540) - Register InterpreterSettingTemplate: r
 INFO [2021-07-28 07:26:03,851] ({main} InterpreterSettingManager.java[registerInterpreterSetting]:540) - Register InterpreterSettingTemplate: geode
 INFO [2021-07-28 07:26:03,852] ({main} InterpreterSettingManager.java[registerInterpreterSetting]:540) - Register InterpreterSettingTemplate: pig
 INFO [2021-07-28 07:26:03,854] ({main} LocalConfigStorage.java[loadInterpreterSettings]:63) - Load Interpreter Setting from file: /opt/zeppelin/conf/interpreter.json
 INFO [2021-07-28 07:26:03,875] ({main} InterpreterSettingManager.java[loadFromFile]:294) - Create interpreter setting ignite from interpreter.json
 INFO [2021-07-28 07:26:03,877] ({main} InterpreterSettingManager.java[loadFromFile]:294) - Create interpreter setting beam from interpreter.json
 INFO [2021-07-28 07:26:03,877] ({main} InterpreterSettingManager.java[loadFromFile]:294) - Create interpreter setting geode from interpreter.json
 INFO [2021-07-28 07:26:03,878] ({main} InterpreterSettingManager.java[loadFromFile]:294) - Create interpreter setting jdbc from interpreter.json
 INFO [2021-07-28 07:26:03,879] ({main} InterpreterSettingManager.java[loadFromFile]:294) - Create interpreter setting lens from interpreter.json
 INFO [2021-07-28 07:26:03,880] ({main} InterpreterSettingManager.java[loadFromFile]:294) - Create interpreter setting influxdb from interpreter.json
 INFO [2021-07-28 07:26:03,880] ({main} InterpreterSettingManager.java[loadFromFile]:294) - Create interpreter setting pig from interpreter.json
 INFO [2021-07-28 07:26:03,881] ({main} InterpreterSettingManager.java[loadFromFile]:294) - Create interpreter setting java from interpreter.json
 INFO [2021-07-28 07:26:03,882] ({main} InterpreterSettingManager.java[loadFromFile]:294) - Create interpreter setting jupyter from interpreter.json
 INFO [2021-07-28 07:26:03,883] ({main} InterpreterSettingManager.java[loadFromFile]:294) - Create interpreter setting file from interpreter.json
 INFO [2021-07-28 07:26:03,883] ({main} InterpreterSettingManager.java[loadFromFile]:294) - Create interpreter setting submarine from interpreter.json
 INFO [2021-07-28 07:26:03,884] ({main} InterpreterSettingManager.java[loadFromFile]:294) - Create interpreter setting elasticsearch from interpreter.json
 INFO [2021-07-28 07:26:03,885] ({main} InterpreterSettingManager.java[loadFromFile]:294) - Create interpreter setting sh from interpreter.json
 INFO [2021-07-28 07:26:03,886] ({main} InterpreterSettingManager.java[loadFromFile]:294) - Create interpreter setting spark from interpreter.json
 INFO [2021-07-28 07:26:03,886] ({main} InterpreterSettingManager.java[loadFromFile]:294) - Create interpreter setting md from interpreter.json
 INFO [2021-07-28 07:26:03,887] ({main} InterpreterSettingManager.java[loadFromFile]:294) - Create interpreter setting hazelcastjet from interpreter.json
 INFO [2021-07-28 07:26:03,887] ({main} InterpreterSettingManager.java[loadFromFile]:294) - Create interpreter setting alluxio from interpreter.json
 INFO [2021-07-28 07:26:03,888] ({main} InterpreterSettingManager.java[loadFromFile]:294) - Create interpreter setting bigquery from interpreter.json
 INFO [2021-07-28 07:26:03,889] ({main} InterpreterSettingManager.java[loadFromFile]:294) - Create interpreter setting mongodb from interpreter.json
 INFO [2021-07-28 07:26:03,890] ({main} InterpreterSettingManager.java[loadFromFile]:294) - Create interpreter setting hbase from interpreter.json
 INFO [2021-07-28 07:26:03,890] ({main} InterpreterSettingManager.java[loadFromFile]:294) - Create interpreter setting python from interpreter.json
 INFO [2021-07-28 07:26:03,891] ({main} InterpreterSettingManager.java[loadFromFile]:294) - Create interpreter setting sap from interpreter.json
 INFO [2021-07-28 07:26:03,892] ({main} InterpreterSettingManager.java[loadFromFile]:294) - Create interpreter setting kotlin from interpreter.json
 INFO [2021-07-28 07:26:03,892] ({main} InterpreterSettingManager.java[loadFromFile]:294) - Create interpreter setting scalding from interpreter.json
 INFO [2021-07-28 07:26:03,893] ({main} InterpreterSettingManager.java[loadFromFile]:294) - Create interpreter setting flink from interpreter.json
 INFO [2021-07-28 07:26:03,894] ({main} InterpreterSettingManager.java[loadFromFile]:294) - Create interpreter setting angular from interpreter.json
 INFO [2021-07-28 07:26:03,895] ({main} InterpreterSettingManager.java[loadFromFile]:294) - Create interpreter setting ksql from interpreter.json
 INFO [2021-07-28 07:26:03,896] ({main} InterpreterSettingManager.java[loadFromFile]:294) - Create interpreter setting livy from interpreter.json
 INFO [2021-07-28 07:26:03,897] ({main} InterpreterSettingManager.java[loadFromFile]:294) - Create interpreter setting r from interpreter.json
 INFO [2021-07-28 07:26:03,897] ({main} InterpreterSettingManager.java[loadFromFile]:294) - Create interpreter setting neo4j from interpreter.json
 INFO [2021-07-28 07:26:03,898] ({main} InterpreterSettingManager.java[loadFromFile]:294) - Create interpreter setting groovy from interpreter.json
 INFO [2021-07-28 07:26:03,900] ({main} InterpreterSettingManager.java[loadFromFile]:294) - Create interpreter setting cassandra from interpreter.json
 INFO [2021-07-28 07:26:03,902] ({main} InterpreterSettingManager.java[loadFromFile]:294) - Create interpreter setting sparql from interpreter.json
 INFO [2021-07-28 07:26:03,903] ({main} InterpreterSettingManager.java[loadFromFile]:294) - Create interpreter setting kylin from interpreter.json
 INFO [2021-07-28 07:26:03,907] ({main} InterpreterSetting.java[setStatus]:734) - Set interpreter mongodb status to DOWNLOADING_DEPENDENCIES
 INFO [2021-07-28 07:26:03,909] ({Thread-13} InterpreterSetting.java[run]:964) - Start to download dependencies for interpreter: mongodb
 INFO [2021-07-28 07:26:03,910] ({main} LocalConfigStorage.java[save]:53) - Save Interpreter Setting to /opt/zeppelin/conf/interpreter.json
 INFO [2021-07-28 07:26:04,231] ({LuceneSearch-RebuildIndex-Thread} LuceneSearch.java[lambda$startRebuildIndex$1]:399) - Starting rebuild index
 INFO [2021-07-28 07:26:06,637] ({LuceneSearch-RebuildIndex-Thread} LuceneSearch.java[lambda$startRebuildIndex$1]:404) - Finish rebuild index
 INFO [2021-07-28 07:26:07,476] ({Thread-13} InterpreterSetting.java[run]:977) - Finish downloading dependencies for interpreter: mongodb
 INFO [2021-07-28 07:26:07,477] ({Thread-13} InterpreterSetting.java[setStatus]:734) - Set interpreter mongodb status to READY
 INFO [2021-07-28 07:26:07,478] ({Thread-13} LocalConfigStorage.java[save]:53) - Save Interpreter Setting to /opt/zeppelin/conf/interpreter.json
 INFO [2021-07-28 14:20:22,681] ({qtp1864350231-14} NoAuthenticationService.java[<init>]:38) - NoAuthenticationService is initialized
 WARN [2021-07-28 14:20:22,701] ({qtp1864350231-14} SecurityRestApi.java[ticket]:89) - {"status":"OK","message":"","body":{"principal":"anonymous","ticket":"anonymous","roles":"[]"}}
 WARN [2021-07-28 14:20:22,825] ({qtp1864350231-11} ClusterRestApi.java[<init>]:61) - Cluster mode is disabled, ClusterRestApi won't work
 INFO [2021-07-28 14:20:22,892] ({qtp1864350231-17} NotebookServer.java[onOpen]:247) - New connection from 172.18.0.1:64830
 INFO [2021-07-28 14:20:25,907] ({qtp1864350231-11} NotebookServer.java[onClose]:474) - Closed connection to 172.18.0.1:64830 (1001) null
 INFO [2021-07-28 15:09:59,517] ({Thread-11} ZeppelinServer.java[lambda$shutdown$0]:314) - Shutting down Zeppelin Server ... 
 INFO [2021-07-28 15:09:59,525] ({Thread-11} AbstractConnector.java[doStop]:381) - Stopped ServerConnector@44c8afef{HTTP/1.1, (http/1.1)}{0.0.0.0:8080}
 INFO [2021-07-28 15:09:59,530] ({Thread-11} HouseKeeper.java[stopScavenging]:158) - node0 Stopped scavenging
 INFO [2021-07-28 15:09:59,640] ({Thread-11} ContextHandler.java[doStop]:1099) - Stopped o.e.j.w.WebAppContext@2e222612{zeppelin-web-angular,/next,null,UNAVAILABLE}{/opt/zeppelin/zeppelin-web-angular-0.9.0.war}
 INFO [2021-07-28 15:09:59,672] ({Thread-11} ContextHandler.java[doStop]:1099) - Stopped o.e.j.w.WebAppContext@3972a855{zeppelin-web,/,null,UNAVAILABLE}{/opt/zeppelin/zeppelin-web-0.9.0.war}
 INFO [2021-07-28 15:09:59,681] ({ignite-close} InterpreterSetting.java[close]:529) - Close InterpreterSetting: ignite
 INFO [2021-07-28 15:09:59,684] ({beam-close} InterpreterSetting.java[close]:529) - Close InterpreterSetting: beam
 INFO [2021-07-28 15:09:59,685] ({ignite-close} InterpreterSetting.java[close]:529) - Close InterpreterSetting: ignite
 INFO [2021-07-28 15:09:59,685] ({geode-close} InterpreterSetting.java[close]:529) - Close InterpreterSetting: geode
 INFO [2021-07-28 15:09:59,684] ({jdbc-close} InterpreterSetting.java[close]:529) - Close InterpreterSetting: jdbc
 INFO [2021-07-28 15:09:59,707] ({influxdb-close} InterpreterSetting.java[close]:529) - Close InterpreterSetting: influxdb
 INFO [2021-07-28 15:09:59,708] ({pig-close} InterpreterSetting.java[close]:529) - Close InterpreterSetting: pig
 INFO [2021-07-28 15:09:59,714] ({jupyter-close} InterpreterSetting.java[close]:529) - Close InterpreterSetting: jupyter
 INFO [2021-07-28 15:09:59,704] ({kylin-close} InterpreterSetting.java[close]:529) - Close InterpreterSetting: kylin
 INFO [2021-07-28 15:09:59,704] ({geode-close} InterpreterSetting.java[close]:529) - Close InterpreterSetting: geode
 INFO [2021-07-28 15:09:59,704] ({groovy-close} InterpreterSetting.java[close]:529) - Close InterpreterSetting: groovy
 INFO [2021-07-28 15:09:59,704] ({sparql-close} InterpreterSetting.java[close]:529) - Close InterpreterSetting: sparql
 INFO [2021-07-28 15:09:59,703] ({cassandra-close} InterpreterSetting.java[close]:529) - Close InterpreterSetting: cassandra
 INFO [2021-07-28 15:09:59,703] ({neo4j-close} InterpreterSetting.java[close]:529) - Close InterpreterSetting: neo4j
 INFO [2021-07-28 15:09:59,703] ({r-close} InterpreterSetting.java[close]:529) - Close InterpreterSetting: r
 INFO [2021-07-28 15:09:59,702] ({livy-close} InterpreterSetting.java[close]:529) - Close InterpreterSetting: livy
 INFO [2021-07-28 15:09:59,702] ({ksql-close} InterpreterSetting.java[close]:529) - Close InterpreterSetting: ksql
 INFO [2021-07-28 15:09:59,701] ({angular-close} InterpreterSetting.java[close]:529) - Close InterpreterSetting: angular
 INFO [2021-07-28 15:09:59,701] ({flink-close} InterpreterSetting.java[close]:529) - Close InterpreterSetting: flink
 INFO [2021-07-28 15:09:59,700] ({scalding-close} InterpreterSetting.java[close]:529) - Close InterpreterSetting: scalding
 INFO [2021-07-28 15:09:59,752] ({kylin-close} InterpreterSetting.java[close]:529) - Close InterpreterSetting: kylin
 INFO [2021-07-28 15:09:59,700] ({kotlin-close} InterpreterSetting.java[close]:529) - Close InterpreterSetting: kotlin
 INFO [2021-07-28 15:09:59,700] ({sap-close} InterpreterSetting.java[close]:529) - Close InterpreterSetting: sap
 INFO [2021-07-28 15:09:59,700] ({python-close} InterpreterSetting.java[close]:529) - Close InterpreterSetting: python
 INFO [2021-07-28 15:09:59,699] ({hbase-close} InterpreterSetting.java[close]:529) - Close InterpreterSetting: hbase
 INFO [2021-07-28 15:09:59,699] ({mongodb-close} InterpreterSetting.java[close]:529) - Close InterpreterSetting: mongodb
 INFO [2021-07-28 15:09:59,699] ({bigquery-close} InterpreterSetting.java[close]:529) - Close InterpreterSetting: bigquery
 INFO [2021-07-28 15:09:59,698] ({alluxio-close} InterpreterSetting.java[close]:529) - Close InterpreterSetting: alluxio
 INFO [2021-07-28 15:09:59,697] ({hazelcastjet-close} InterpreterSetting.java[close]:529) - Close InterpreterSetting: hazelcastjet
 INFO [2021-07-28 15:09:59,697] ({md-close} InterpreterSetting.java[close]:529) - Close InterpreterSetting: md
 INFO [2021-07-28 15:09:59,697] ({spark-close} InterpreterSetting.java[close]:529) - Close InterpreterSetting: spark
 INFO [2021-07-28 15:09:59,697] ({sh-close} InterpreterSetting.java[close]:529) - Close InterpreterSetting: sh
 INFO [2021-07-28 15:09:59,697] ({elasticsearch-close} InterpreterSetting.java[close]:529) - Close InterpreterSetting: elasticsearch
 INFO [2021-07-28 15:09:59,696] ({submarine-close} InterpreterSetting.java[close]:529) - Close InterpreterSetting: submarine
 INFO [2021-07-28 15:09:59,696] ({file-close} InterpreterSetting.java[close]:529) - Close InterpreterSetting: file
 INFO [2021-07-28 15:09:59,696] ({jupyter-close} InterpreterSetting.java[close]:529) - Close InterpreterSetting: jupyter
 INFO [2021-07-28 15:09:59,695] ({java-close} InterpreterSetting.java[close]:529) - Close InterpreterSetting: java
 INFO [2021-07-28 15:09:59,695] ({pig-close} InterpreterSetting.java[close]:529) - Close InterpreterSetting: pig
 INFO [2021-07-28 15:09:59,695] ({influxdb-close} InterpreterSetting.java[close]:529) - Close InterpreterSetting: influxdb
 INFO [2021-07-28 15:09:59,694] ({lens-close} InterpreterSetting.java[close]:529) - Close InterpreterSetting: lens
 INFO [2021-07-28 15:09:59,687] ({lens-close} InterpreterSetting.java[close]:529) - Close InterpreterSetting: lens
 INFO [2021-07-28 15:09:59,686] ({jdbc-close} InterpreterSetting.java[close]:529) - Close InterpreterSetting: jdbc
 INFO [2021-07-28 15:09:59,686] ({beam-close} InterpreterSetting.java[close]:529) - Close InterpreterSetting: beam
 INFO [2021-07-28 15:09:59,752] ({sparql-close} InterpreterSetting.java[close]:529) - Close InterpreterSetting: sparql
 INFO [2021-07-28 15:09:59,752] ({r-close} InterpreterSetting.java[close]:529) - Close InterpreterSetting: r
 INFO [2021-07-28 15:09:59,751] ({cassandra-close} InterpreterSetting.java[close]:529) - Close InterpreterSetting: cassandra
 INFO [2021-07-28 15:09:59,751] ({groovy-close} InterpreterSetting.java[close]:529) - Close InterpreterSetting: groovy
 INFO [2021-07-28 15:09:59,751] ({neo4j-close} InterpreterSetting.java[close]:529) - Close InterpreterSetting: neo4j
 INFO [2021-07-28 15:09:59,747] ({ksql-close} InterpreterSetting.java[close]:529) - Close InterpreterSetting: ksql
 INFO [2021-07-28 15:09:59,747] ({livy-close} InterpreterSetting.java[close]:529) - Close InterpreterSetting: livy
 INFO [2021-07-28 15:09:59,742] ({angular-close} InterpreterSetting.java[close]:529) - Close InterpreterSetting: angular
 INFO [2021-07-28 15:09:59,741] ({flink-close} InterpreterSetting.java[close]:529) - Close InterpreterSetting: flink
 INFO [2021-07-28 15:09:59,740] ({scalding-close} InterpreterSetting.java[close]:529) - Close InterpreterSetting: scalding
 INFO [2021-07-28 15:09:59,740] ({kotlin-close} InterpreterSetting.java[close]:529) - Close InterpreterSetting: kotlin
 INFO [2021-07-28 15:09:59,739] ({sap-close} InterpreterSetting.java[close]:529) - Close InterpreterSetting: sap
 INFO [2021-07-28 15:09:59,733] ({python-close} InterpreterSetting.java[close]:529) - Close InterpreterSetting: python
 INFO [2021-07-28 15:09:59,732] ({hbase-close} InterpreterSetting.java[close]:529) - Close InterpreterSetting: hbase
 INFO [2021-07-28 15:09:59,727] ({alluxio-close} InterpreterSetting.java[close]:529) - Close InterpreterSetting: alluxio
 INFO [2021-07-28 15:09:59,727] ({mongodb-close} InterpreterSetting.java[close]:529) - Close InterpreterSetting: mongodb
 INFO [2021-07-28 15:09:59,726] ({bigquery-close} InterpreterSetting.java[close]:529) - Close InterpreterSetting: bigquery
 INFO [2021-07-28 15:09:59,723] ({md-close} InterpreterSetting.java[close]:529) - Close InterpreterSetting: md
 INFO [2021-07-28 15:09:59,723] ({hazelcastjet-close} InterpreterSetting.java[close]:529) - Close InterpreterSetting: hazelcastjet
 INFO [2021-07-28 15:09:59,722] ({spark-close} InterpreterSetting.java[close]:529) - Close InterpreterSetting: spark
 INFO [2021-07-28 15:09:59,721] ({sh-close} InterpreterSetting.java[close]:529) - Close InterpreterSetting: sh
 INFO [2021-07-28 15:09:59,718] ({elasticsearch-close} InterpreterSetting.java[close]:529) - Close InterpreterSetting: elasticsearch
 INFO [2021-07-28 15:09:59,718] ({file-close} InterpreterSetting.java[close]:529) - Close InterpreterSetting: file
 INFO [2021-07-28 15:09:59,717] ({submarine-close} InterpreterSetting.java[close]:529) - Close InterpreterSetting: submarine
 INFO [2021-07-28 15:09:59,714] ({java-close} InterpreterSetting.java[close]:529) - Close InterpreterSetting: java
 INFO [2021-07-28 15:09:59,779] ({Thread-11} NotebookRepoSync.java[close]:460) - Closing all notebook storages
 INFO [2021-07-28 15:09:59,809] ({Thread-11} SLF4JLogger.java[info]:71) - Closed connection [connectionId{localValue:2, serverValue:12}] to mongo:27017 because the pool has been closed.
 INFO [2021-07-28 15:10:02,824] ({Thread-11} ZeppelinServer.java[lambda$shutdown$0]:329) - Bye
