 INFO [2021-07-20 13:52:26,222] ({RegisterThread} RemoteInterpreterServer.java[run]:595) - Start registration
 INFO [2021-07-20 13:52:26,222] ({RemoteInterpreterServer-Thread} RemoteInterpreterServer.java[run]:193) - Launching ThriftServer at 172.18.0.4:41193
 INFO [2021-07-20 13:52:27,369] ({RegisterThread} RemoteInterpreterServer.java[run]:609) - Registering interpreter process
 INFO [2021-07-20 13:52:27,406] ({RegisterThread} RemoteInterpreterServer.java[run]:611) - Registered interpreter process
 INFO [2021-07-20 13:52:27,407] ({RegisterThread} RemoteInterpreterServer.java[run]:632) - Registration finished
 INFO [2021-07-20 13:52:27,427] ({pool-2-thread-1} ZeppelinConfiguration.java[create]:172) - Load configuration from file:/opt/zeppelin/conf/zeppelin-site.xml
 INFO [2021-07-20 13:52:27,490] ({pool-2-thread-1} ZeppelinConfiguration.java[create]:180) - Server Host: 0.0.0.0
 INFO [2021-07-20 13:52:27,492] ({pool-2-thread-1} ZeppelinConfiguration.java[create]:182) - Server Port: 8080
 INFO [2021-07-20 13:52:27,492] ({pool-2-thread-1} ZeppelinConfiguration.java[create]:186) - Context Path: /
 INFO [2021-07-20 13:52:27,493] ({pool-2-thread-1} ZeppelinConfiguration.java[create]:187) - Zeppelin Version: 0.9.0
 INFO [2021-07-20 13:52:27,494] ({pool-2-thread-1} RemoteInterpreterServer.java[createLifecycleManager]:286) - Creating interpreter lifecycle manager: org.apache.zeppelin.interpreter.lifecycle.NullLifecycleManager
 INFO [2021-07-20 13:52:27,495] ({pool-2-thread-1} RemoteInterpreterServer.java[init]:229) - Creating RemoteInterpreterEventClient with connection pool size: 10
 INFO [2021-07-20 13:52:27,614] ({pool-2-thread-1} RemoteInterpreterServer.java[createInterpreter]:383) - Instantiate interpreter org.apache.zeppelin.mongodb.MongoDbInterpreter
 INFO [2021-07-20 13:52:27,701] ({pool-2-thread-1} MongoDbInterpreter.java[getScheduler]:170) - maxConcurrency is 10
 INFO [2021-07-20 13:52:27,703] ({pool-2-thread-1} SchedulerFactory.java[<init>]:56) - Scheduler Thread Pool Size: 100
 INFO [2021-07-20 13:52:27,704] ({pool-2-thread-1} SchedulerFactory.java[createOrGetParallelScheduler]:88) - Create ParallelScheduler: org.apache.zeppelin.mongodb.MongoDbInterpreter1032644062 with maxConcurrency: 10
 INFO [2021-07-20 13:52:27,712] ({ParallelScheduler-Worker-1} AbstractScheduler.java[runJob]:127) - Job paragraph_1626717914426_1775547677 started by scheduler org.apache.zeppelin.mongodb.MongoDbInterpreter1032644062
 INFO [2021-07-20 13:52:27,731] ({pool-2-thread-2} MongoDbInterpreter.java[getScheduler]:170) - maxConcurrency is 10
 INFO [2021-07-20 13:52:28,223] ({ParallelScheduler-Worker-1} AbstractScheduler.java[runJob]:154) - Job paragraph_1626717914426_1775547677 finished by scheduler org.apache.zeppelin.mongodb.MongoDbInterpreter1032644062 with status FINISHED
 INFO [2021-07-20 13:52:48,709] ({pool-2-thread-1} MongoDbInterpreter.java[getScheduler]:170) - maxConcurrency is 10
 INFO [2021-07-20 13:52:48,711] ({ParallelScheduler-Worker-2} AbstractScheduler.java[runJob]:127) - Job paragraph_1626717914426_1775547677 started by scheduler org.apache.zeppelin.mongodb.MongoDbInterpreter1032644062
 INFO [2021-07-20 13:52:48,804] ({pool-2-thread-2} MongoDbInterpreter.java[getScheduler]:170) - maxConcurrency is 10
 INFO [2021-07-20 13:52:48,813] ({ParallelScheduler-Worker-2} AbstractScheduler.java[runJob]:154) - Job paragraph_1626717914426_1775547677 finished by scheduler org.apache.zeppelin.mongodb.MongoDbInterpreter1032644062 with status FINISHED
 INFO [2021-07-20 13:52:52,400] ({pool-2-thread-1} MongoDbInterpreter.java[getScheduler]:170) - maxConcurrency is 10
 INFO [2021-07-20 13:52:52,402] ({ParallelScheduler-Worker-3} AbstractScheduler.java[runJob]:127) - Job paragraph_1626717914426_1775547677 started by scheduler org.apache.zeppelin.mongodb.MongoDbInterpreter1032644062
 INFO [2021-07-20 13:52:52,496] ({pool-2-thread-2} MongoDbInterpreter.java[getScheduler]:170) - maxConcurrency is 10
 INFO [2021-07-20 13:52:52,528] ({ParallelScheduler-Worker-3} AbstractScheduler.java[runJob]:154) - Job paragraph_1626717914426_1775547677 finished by scheduler org.apache.zeppelin.mongodb.MongoDbInterpreter1032644062 with status FINISHED
 INFO [2021-07-20 15:02:46,638] ({pool-2-thread-1} RemoteInterpreterServer.java[shutdown]:244) - Unregister interpreter process
 INFO [2021-07-20 15:02:46,669] ({ShutdownThread} RemoteInterpreterServer.java[run]:649) - Shutting down...
 INFO [2021-07-20 15:02:46,671] ({ShutdownThread} RemoteInterpreterServer.java[run]:650) - Shutdown initialized by ShutdownCall
 INFO [2021-07-20 15:02:46,673] ({ShutdownThread} SchedulerFactory.java[destroy]:61) - Destroy all executors
 INFO [2021-07-20 15:02:46,674] ({ShutdownThread} SchedulerFactory.java[destroy]:65) - Stopping Scheduler org.apache.zeppelin.mongodb.MongoDbInterpreter1032644062
 WARN [2021-07-20 15:02:46,677] ({SchedulerFactory1} AbstractScheduler.java[run]:91) - ParallelScheduler is interrupted
 INFO [2021-07-20 15:02:46,680] ({RemoteInterpreterServer-Thread} RemoteInterpreterServer.java[run]:198) - RemoteInterpreterServer-Thread finished
 INFO [2021-07-20 15:02:46,682] ({main} RemoteInterpreterServer.java[main]:316) - RemoteInterpreterServer thread is finished
 INFO [2021-07-20 15:03:30,097] ({RegisterThread} RemoteInterpreterServer.java[run]:595) - Start registration
 INFO [2021-07-20 15:03:30,098] ({RemoteInterpreterServer-Thread} RemoteInterpreterServer.java[run]:193) - Launching ThriftServer at 172.18.0.4:35893
 INFO [2021-07-20 15:03:31,405] ({RegisterThread} RemoteInterpreterServer.java[run]:609) - Registering interpreter process
 INFO [2021-07-20 15:03:31,434] ({RegisterThread} RemoteInterpreterServer.java[run]:611) - Registered interpreter process
 INFO [2021-07-20 15:03:31,435] ({RegisterThread} RemoteInterpreterServer.java[run]:632) - Registration finished
 INFO [2021-07-20 15:03:31,471] ({pool-2-thread-1} ZeppelinConfiguration.java[create]:172) - Load configuration from file:/opt/zeppelin/conf/zeppelin-site.xml
 INFO [2021-07-20 15:03:31,607] ({pool-2-thread-1} ZeppelinConfiguration.java[create]:180) - Server Host: 0.0.0.0
 INFO [2021-07-20 15:03:31,609] ({pool-2-thread-1} ZeppelinConfiguration.java[create]:182) - Server Port: 8080
 INFO [2021-07-20 15:03:31,610] ({pool-2-thread-1} ZeppelinConfiguration.java[create]:186) - Context Path: /
 INFO [2021-07-20 15:03:31,610] ({pool-2-thread-1} ZeppelinConfiguration.java[create]:187) - Zeppelin Version: 0.9.0
 INFO [2021-07-20 15:03:31,612] ({pool-2-thread-1} RemoteInterpreterServer.java[createLifecycleManager]:286) - Creating interpreter lifecycle manager: org.apache.zeppelin.interpreter.lifecycle.NullLifecycleManager
 INFO [2021-07-20 15:03:31,613] ({pool-2-thread-1} RemoteInterpreterServer.java[init]:229) - Creating RemoteInterpreterEventClient with connection pool size: 10
 INFO [2021-07-20 15:03:31,818] ({pool-2-thread-1} RemoteInterpreterServer.java[createInterpreter]:383) - Instantiate interpreter org.apache.zeppelin.mongodb.MongoDbInterpreter
 INFO [2021-07-20 15:03:31,896] ({pool-2-thread-2} MongoDbInterpreter.java[getScheduler]:170) - maxConcurrency is 10
 INFO [2021-07-20 15:03:31,899] ({pool-2-thread-2} SchedulerFactory.java[<init>]:56) - Scheduler Thread Pool Size: 100
 INFO [2021-07-20 15:03:31,903] ({pool-2-thread-2} SchedulerFactory.java[createOrGetParallelScheduler]:88) - Create ParallelScheduler: org.apache.zeppelin.mongodb.MongoDbInterpreter900894389 with maxConcurrency: 10
 INFO [2021-07-20 15:03:31,911] ({pool-2-thread-1} MongoDbInterpreter.java[getScheduler]:170) - maxConcurrency is 10
 INFO [2021-07-20 15:03:31,916] ({ParallelScheduler-Worker-1} AbstractScheduler.java[runJob]:127) - Job paragraph_1626789145807_1307070485 started by scheduler org.apache.zeppelin.mongodb.MongoDbInterpreter900894389
 INFO [2021-07-20 15:03:32,015] ({pool-2-thread-2} MongoDbInterpreter.java[getScheduler]:170) - maxConcurrency is 10
 INFO [2021-07-20 15:03:32,195] ({ParallelScheduler-Worker-1} AbstractScheduler.java[runJob]:154) - Job paragraph_1626789145807_1307070485 finished by scheduler org.apache.zeppelin.mongodb.MongoDbInterpreter900894389 with status FINISHED
 INFO [2021-07-20 15:03:50,574] ({pool-2-thread-1} MongoDbInterpreter.java[getScheduler]:170) - maxConcurrency is 10
 INFO [2021-07-20 15:03:50,576] ({ParallelScheduler-Worker-2} AbstractScheduler.java[runJob]:127) - Job paragraph_1626789145807_1307070485 started by scheduler org.apache.zeppelin.mongodb.MongoDbInterpreter900894389
 INFO [2021-07-20 15:03:50,668] ({pool-2-thread-2} MongoDbInterpreter.java[getScheduler]:170) - maxConcurrency is 10
 INFO [2021-07-20 15:03:50,716] ({ParallelScheduler-Worker-2} AbstractScheduler.java[runJob]:154) - Job paragraph_1626789145807_1307070485 finished by scheduler org.apache.zeppelin.mongodb.MongoDbInterpreter900894389 with status FINISHED
 INFO [2021-07-20 15:04:22,310] ({pool-2-thread-1} MongoDbInterpreter.java[getScheduler]:170) - maxConcurrency is 10
 INFO [2021-07-20 15:04:22,313] ({ParallelScheduler-Worker-3} AbstractScheduler.java[runJob]:127) - Job paragraph_1626789145807_1307070485 started by scheduler org.apache.zeppelin.mongodb.MongoDbInterpreter900894389
 INFO [2021-07-20 15:04:22,405] ({pool-2-thread-2} MongoDbInterpreter.java[getScheduler]:170) - maxConcurrency is 10
 INFO [2021-07-20 15:04:22,461] ({ParallelScheduler-Worker-3} AbstractScheduler.java[runJob]:154) - Job paragraph_1626789145807_1307070485 finished by scheduler org.apache.zeppelin.mongodb.MongoDbInterpreter900894389 with status FINISHED
 INFO [2021-07-20 15:04:39,285] ({pool-2-thread-1} MongoDbInterpreter.java[getScheduler]:170) - maxConcurrency is 10
 INFO [2021-07-20 15:04:39,288] ({ParallelScheduler-Worker-4} AbstractScheduler.java[runJob]:127) - Job paragraph_1626789145807_1307070485 started by scheduler org.apache.zeppelin.mongodb.MongoDbInterpreter900894389
 INFO [2021-07-20 15:04:39,381] ({pool-2-thread-2} MongoDbInterpreter.java[getScheduler]:170) - maxConcurrency is 10
 INFO [2021-07-20 15:04:39,413] ({ParallelScheduler-Worker-4} AbstractScheduler.java[runJob]:154) - Job paragraph_1626789145807_1307070485 finished by scheduler org.apache.zeppelin.mongodb.MongoDbInterpreter900894389 with status FINISHED
 INFO [2021-07-20 15:05:31,658] ({pool-2-thread-1} MongoDbInterpreter.java[getScheduler]:170) - maxConcurrency is 10
 INFO [2021-07-20 15:05:31,660] ({ParallelScheduler-Worker-5} AbstractScheduler.java[runJob]:127) - Job paragraph_1626789145807_1307070485 started by scheduler org.apache.zeppelin.mongodb.MongoDbInterpreter900894389
 INFO [2021-07-20 15:05:31,753] ({pool-2-thread-2} MongoDbInterpreter.java[getScheduler]:170) - maxConcurrency is 10
 INFO [2021-07-20 15:05:31,792] ({ParallelScheduler-Worker-5} AbstractScheduler.java[runJob]:154) - Job paragraph_1626789145807_1307070485 finished by scheduler org.apache.zeppelin.mongodb.MongoDbInterpreter900894389 with status FINISHED
 INFO [2021-07-20 15:09:17,221] ({pool-2-thread-1} MongoDbInterpreter.java[getScheduler]:170) - maxConcurrency is 10
 INFO [2021-07-20 15:09:17,223] ({ParallelScheduler-Worker-6} AbstractScheduler.java[runJob]:127) - Job paragraph_1626789145807_1307070485 started by scheduler org.apache.zeppelin.mongodb.MongoDbInterpreter900894389
 INFO [2021-07-20 15:09:17,316] ({pool-2-thread-2} MongoDbInterpreter.java[getScheduler]:170) - maxConcurrency is 10
 INFO [2021-07-20 15:09:17,353] ({ParallelScheduler-Worker-6} AbstractScheduler.java[runJob]:154) - Job paragraph_1626789145807_1307070485 finished by scheduler org.apache.zeppelin.mongodb.MongoDbInterpreter900894389 with status FINISHED
 INFO [2021-07-20 15:09:21,646] ({pool-2-thread-1} MongoDbInterpreter.java[getScheduler]:170) - maxConcurrency is 10
 INFO [2021-07-20 15:09:21,648] ({ParallelScheduler-Worker-7} AbstractScheduler.java[runJob]:127) - Job paragraph_1626789145807_1307070485 started by scheduler org.apache.zeppelin.mongodb.MongoDbInterpreter900894389
 INFO [2021-07-20 15:09:21,742] ({pool-2-thread-2} MongoDbInterpreter.java[getScheduler]:170) - maxConcurrency is 10
 INFO [2021-07-20 15:09:21,770] ({ParallelScheduler-Worker-7} AbstractScheduler.java[runJob]:154) - Job paragraph_1626789145807_1307070485 finished by scheduler org.apache.zeppelin.mongodb.MongoDbInterpreter900894389 with status FINISHED
 INFO [2021-07-20 15:09:25,618] ({pool-2-thread-1} MongoDbInterpreter.java[getScheduler]:170) - maxConcurrency is 10
 INFO [2021-07-20 15:09:25,621] ({ParallelScheduler-Worker-8} AbstractScheduler.java[runJob]:127) - Job paragraph_1626789145807_1307070485 started by scheduler org.apache.zeppelin.mongodb.MongoDbInterpreter900894389
 INFO [2021-07-20 15:09:25,715] ({pool-2-thread-2} MongoDbInterpreter.java[getScheduler]:170) - maxConcurrency is 10
 INFO [2021-07-20 15:09:25,742] ({ParallelScheduler-Worker-8} AbstractScheduler.java[runJob]:154) - Job paragraph_1626789145807_1307070485 finished by scheduler org.apache.zeppelin.mongodb.MongoDbInterpreter900894389 with status FINISHED
 INFO [2021-07-20 15:10:31,248] ({pool-2-thread-1} MongoDbInterpreter.java[getScheduler]:170) - maxConcurrency is 10
 INFO [2021-07-20 15:10:31,250] ({ParallelScheduler-Worker-9} AbstractScheduler.java[runJob]:127) - Job paragraph_1626789145807_1307070485 started by scheduler org.apache.zeppelin.mongodb.MongoDbInterpreter900894389
 INFO [2021-07-20 15:10:31,342] ({pool-2-thread-2} MongoDbInterpreter.java[getScheduler]:170) - maxConcurrency is 10
ERROR [2021-07-20 15:10:31,390] ({ParallelScheduler-Worker-9} MongoDbInterpreter.java[interpret]:130) - Can not run script in paragraph paragraph_1626789145807_1307070485
org.apache.commons.exec.ExecuteException: Process exited with an error: 253 (Exit value: 253)
	at org.apache.commons.exec.DefaultExecutor.executeInternal(DefaultExecutor.java:404)
	at org.apache.commons.exec.DefaultExecutor.execute(DefaultExecutor.java:166)
	at org.apache.commons.exec.DefaultExecutor.execute(DefaultExecutor.java:153)
	at org.apache.zeppelin.mongodb.MongoDbInterpreter.interpret(MongoDbInterpreter.java:126)
	at org.apache.zeppelin.interpreter.LazyOpenInterpreter.interpret(LazyOpenInterpreter.java:110)
	at org.apache.zeppelin.interpreter.remote.RemoteInterpreterServer$InterpretJob.jobRun(RemoteInterpreterServer.java:852)
	at org.apache.zeppelin.interpreter.remote.RemoteInterpreterServer$InterpretJob.jobRun(RemoteInterpreterServer.java:744)
	at org.apache.zeppelin.scheduler.Job.run(Job.java:172)
	at org.apache.zeppelin.scheduler.AbstractScheduler.runJob(AbstractScheduler.java:132)
	at org.apache.zeppelin.scheduler.ParallelScheduler.lambda$runJobInScheduler$0(ParallelScheduler.java:46)
	at java.util.concurrent.ThreadPoolExecutor.runWorker(ThreadPoolExecutor.java:1149)
	at java.util.concurrent.ThreadPoolExecutor$Worker.run(ThreadPoolExecutor.java:624)
	at java.lang.Thread.run(Thread.java:748)
 INFO [2021-07-20 15:10:31,396] ({ParallelScheduler-Worker-9} AbstractScheduler.java[runJob]:154) - Job paragraph_1626789145807_1307070485 finished by scheduler org.apache.zeppelin.mongodb.MongoDbInterpreter900894389 with status ERROR
 INFO [2021-07-20 15:10:37,084] ({pool-2-thread-1} MongoDbInterpreter.java[getScheduler]:170) - maxConcurrency is 10
 INFO [2021-07-20 15:10:37,086] ({ParallelScheduler-Worker-10} AbstractScheduler.java[runJob]:127) - Job paragraph_1626789145807_1307070485 started by scheduler org.apache.zeppelin.mongodb.MongoDbInterpreter900894389
 INFO [2021-07-20 15:10:37,181] ({pool-2-thread-2} MongoDbInterpreter.java[getScheduler]:170) - maxConcurrency is 10
 INFO [2021-07-20 15:10:37,211] ({ParallelScheduler-Worker-10} AbstractScheduler.java[runJob]:154) - Job paragraph_1626789145807_1307070485 finished by scheduler org.apache.zeppelin.mongodb.MongoDbInterpreter900894389 with status FINISHED
 INFO [2021-07-20 15:11:16,901] ({pool-2-thread-2} MongoDbInterpreter.java[getScheduler]:170) - maxConcurrency is 10
 INFO [2021-07-20 15:11:16,904] ({ParallelScheduler-Worker-1} AbstractScheduler.java[runJob]:127) - Job paragraph_1626789145807_1307070485 started by scheduler org.apache.zeppelin.mongodb.MongoDbInterpreter900894389
 INFO [2021-07-20 15:11:16,997] ({pool-2-thread-1} MongoDbInterpreter.java[getScheduler]:170) - maxConcurrency is 10
 INFO [2021-07-20 15:11:17,037] ({ParallelScheduler-Worker-1} AbstractScheduler.java[runJob]:154) - Job paragraph_1626789145807_1307070485 finished by scheduler org.apache.zeppelin.mongodb.MongoDbInterpreter900894389 with status FINISHED
 INFO [2021-07-20 15:11:46,401] ({pool-2-thread-2} MongoDbInterpreter.java[getScheduler]:170) - maxConcurrency is 10
 INFO [2021-07-20 15:11:46,402] ({ParallelScheduler-Worker-2} AbstractScheduler.java[runJob]:127) - Job paragraph_1626789145807_1307070485 started by scheduler org.apache.zeppelin.mongodb.MongoDbInterpreter900894389
 INFO [2021-07-20 15:11:46,498] ({pool-2-thread-1} MongoDbInterpreter.java[getScheduler]:170) - maxConcurrency is 10
 INFO [2021-07-20 15:11:46,521] ({ParallelScheduler-Worker-2} AbstractScheduler.java[runJob]:154) - Job paragraph_1626789145807_1307070485 finished by scheduler org.apache.zeppelin.mongodb.MongoDbInterpreter900894389 with status FINISHED
 INFO [2021-07-20 15:11:53,952] ({pool-2-thread-2} MongoDbInterpreter.java[getScheduler]:170) - maxConcurrency is 10
 INFO [2021-07-20 15:11:53,955] ({ParallelScheduler-Worker-3} AbstractScheduler.java[runJob]:127) - Job paragraph_1626789145807_1307070485 started by scheduler org.apache.zeppelin.mongodb.MongoDbInterpreter900894389
 INFO [2021-07-20 15:11:54,043] ({pool-2-thread-1} MongoDbInterpreter.java[getScheduler]:170) - maxConcurrency is 10
 INFO [2021-07-20 15:11:54,117] ({ParallelScheduler-Worker-3} AbstractScheduler.java[runJob]:154) - Job paragraph_1626789145807_1307070485 finished by scheduler org.apache.zeppelin.mongodb.MongoDbInterpreter900894389 with status FINISHED
 INFO [2021-07-20 15:12:27,118] ({pool-2-thread-2} MongoDbInterpreter.java[getScheduler]:170) - maxConcurrency is 10
 INFO [2021-07-20 15:12:27,119] ({ParallelScheduler-Worker-4} AbstractScheduler.java[runJob]:127) - Job paragraph_1626367581533_402771751 started by scheduler org.apache.zeppelin.mongodb.MongoDbInterpreter900894389
 INFO [2021-07-20 15:12:27,214] ({pool-2-thread-1} MongoDbInterpreter.java[getScheduler]:170) - maxConcurrency is 10
ERROR [2021-07-20 15:12:27,239] ({ParallelScheduler-Worker-4} MongoDbInterpreter.java[interpret]:130) - Can not run script in paragraph paragraph_1626367581533_402771751
org.apache.commons.exec.ExecuteException: Process exited with an error: 253 (Exit value: 253)
	at org.apache.commons.exec.DefaultExecutor.executeInternal(DefaultExecutor.java:404)
	at org.apache.commons.exec.DefaultExecutor.execute(DefaultExecutor.java:166)
	at org.apache.commons.exec.DefaultExecutor.execute(DefaultExecutor.java:153)
	at org.apache.zeppelin.mongodb.MongoDbInterpreter.interpret(MongoDbInterpreter.java:126)
	at org.apache.zeppelin.interpreter.LazyOpenInterpreter.interpret(LazyOpenInterpreter.java:110)
	at org.apache.zeppelin.interpreter.remote.RemoteInterpreterServer$InterpretJob.jobRun(RemoteInterpreterServer.java:852)
	at org.apache.zeppelin.interpreter.remote.RemoteInterpreterServer$InterpretJob.jobRun(RemoteInterpreterServer.java:744)
	at org.apache.zeppelin.scheduler.Job.run(Job.java:172)
	at org.apache.zeppelin.scheduler.AbstractScheduler.runJob(AbstractScheduler.java:132)
	at org.apache.zeppelin.scheduler.ParallelScheduler.lambda$runJobInScheduler$0(ParallelScheduler.java:46)
	at java.util.concurrent.ThreadPoolExecutor.runWorker(ThreadPoolExecutor.java:1149)
	at java.util.concurrent.ThreadPoolExecutor$Worker.run(ThreadPoolExecutor.java:624)
	at java.lang.Thread.run(Thread.java:748)
 INFO [2021-07-20 15:12:27,241] ({ParallelScheduler-Worker-4} AbstractScheduler.java[runJob]:154) - Job paragraph_1626367581533_402771751 finished by scheduler org.apache.zeppelin.mongodb.MongoDbInterpreter900894389 with status ERROR
 INFO [2021-07-20 15:12:33,362] ({pool-2-thread-2} MongoDbInterpreter.java[getScheduler]:170) - maxConcurrency is 10
 INFO [2021-07-20 15:12:33,363] ({ParallelScheduler-Worker-5} AbstractScheduler.java[runJob]:127) - Job paragraph_1626367581533_402771751 started by scheduler org.apache.zeppelin.mongodb.MongoDbInterpreter900894389
ERROR [2021-07-20 15:12:33,449] ({ParallelScheduler-Worker-5} MongoDbInterpreter.java[interpret]:130) - Can not run script in paragraph paragraph_1626367581533_402771751
org.apache.commons.exec.ExecuteException: Process exited with an error: 253 (Exit value: 253)
	at org.apache.commons.exec.DefaultExecutor.executeInternal(DefaultExecutor.java:404)
	at org.apache.commons.exec.DefaultExecutor.execute(DefaultExecutor.java:166)
	at org.apache.commons.exec.DefaultExecutor.execute(DefaultExecutor.java:153)
	at org.apache.zeppelin.mongodb.MongoDbInterpreter.interpret(MongoDbInterpreter.java:126)
	at org.apache.zeppelin.interpreter.LazyOpenInterpreter.interpret(LazyOpenInterpreter.java:110)
	at org.apache.zeppelin.interpreter.remote.RemoteInterpreterServer$InterpretJob.jobRun(RemoteInterpreterServer.java:852)
	at org.apache.zeppelin.interpreter.remote.RemoteInterpreterServer$InterpretJob.jobRun(RemoteInterpreterServer.java:744)
	at org.apache.zeppelin.scheduler.Job.run(Job.java:172)
	at org.apache.zeppelin.scheduler.AbstractScheduler.runJob(AbstractScheduler.java:132)
	at org.apache.zeppelin.scheduler.ParallelScheduler.lambda$runJobInScheduler$0(ParallelScheduler.java:46)
	at java.util.concurrent.ThreadPoolExecutor.runWorker(ThreadPoolExecutor.java:1149)
	at java.util.concurrent.ThreadPoolExecutor$Worker.run(ThreadPoolExecutor.java:624)
	at java.lang.Thread.run(Thread.java:748)
 INFO [2021-07-20 15:12:33,451] ({ParallelScheduler-Worker-5} AbstractScheduler.java[runJob]:154) - Job paragraph_1626367581533_402771751 finished by scheduler org.apache.zeppelin.mongodb.MongoDbInterpreter900894389 with status ERROR
 INFO [2021-07-20 15:12:33,457] ({pool-2-thread-2} MongoDbInterpreter.java[getScheduler]:170) - maxConcurrency is 10
 INFO [2021-07-20 15:12:59,316] ({pool-2-thread-2} MongoDbInterpreter.java[getScheduler]:170) - maxConcurrency is 10
 INFO [2021-07-20 15:12:59,317] ({ParallelScheduler-Worker-6} AbstractScheduler.java[runJob]:127) - Job paragraph_1626367581533_402771751 started by scheduler org.apache.zeppelin.mongodb.MongoDbInterpreter900894389
 INFO [2021-07-20 15:12:59,412] ({pool-2-thread-1} MongoDbInterpreter.java[getScheduler]:170) - maxConcurrency is 10
 INFO [2021-07-20 15:12:59,428] ({ParallelScheduler-Worker-6} AbstractScheduler.java[runJob]:154) - Job paragraph_1626367581533_402771751 finished by scheduler org.apache.zeppelin.mongodb.MongoDbInterpreter900894389 with status FINISHED
 INFO [2021-07-20 15:13:02,939] ({pool-2-thread-2} MongoDbInterpreter.java[getScheduler]:170) - maxConcurrency is 10
 INFO [2021-07-20 15:13:02,949] ({ParallelScheduler-Worker-7} AbstractScheduler.java[runJob]:127) - Job paragraph_1626367581533_402771751 started by scheduler org.apache.zeppelin.mongodb.MongoDbInterpreter900894389
 INFO [2021-07-20 15:13:03,036] ({pool-2-thread-1} MongoDbInterpreter.java[getScheduler]:170) - maxConcurrency is 10
ERROR [2021-07-20 15:13:03,069] ({ParallelScheduler-Worker-7} MongoDbInterpreter.java[interpret]:130) - Can not run script in paragraph paragraph_1626367581533_402771751
org.apache.commons.exec.ExecuteException: Process exited with an error: 253 (Exit value: 253)
	at org.apache.commons.exec.DefaultExecutor.executeInternal(DefaultExecutor.java:404)
	at org.apache.commons.exec.DefaultExecutor.execute(DefaultExecutor.java:166)
	at org.apache.commons.exec.DefaultExecutor.execute(DefaultExecutor.java:153)
	at org.apache.zeppelin.mongodb.MongoDbInterpreter.interpret(MongoDbInterpreter.java:126)
	at org.apache.zeppelin.interpreter.LazyOpenInterpreter.interpret(LazyOpenInterpreter.java:110)
	at org.apache.zeppelin.interpreter.remote.RemoteInterpreterServer$InterpretJob.jobRun(RemoteInterpreterServer.java:852)
	at org.apache.zeppelin.interpreter.remote.RemoteInterpreterServer$InterpretJob.jobRun(RemoteInterpreterServer.java:744)
	at org.apache.zeppelin.scheduler.Job.run(Job.java:172)
	at org.apache.zeppelin.scheduler.AbstractScheduler.runJob(AbstractScheduler.java:132)
	at org.apache.zeppelin.scheduler.ParallelScheduler.lambda$runJobInScheduler$0(ParallelScheduler.java:46)
	at java.util.concurrent.ThreadPoolExecutor.runWorker(ThreadPoolExecutor.java:1149)
	at java.util.concurrent.ThreadPoolExecutor$Worker.run(ThreadPoolExecutor.java:624)
	at java.lang.Thread.run(Thread.java:748)
 INFO [2021-07-20 15:13:03,072] ({ParallelScheduler-Worker-7} AbstractScheduler.java[runJob]:154) - Job paragraph_1626367581533_402771751 finished by scheduler org.apache.zeppelin.mongodb.MongoDbInterpreter900894389 with status ERROR
 INFO [2021-07-20 15:13:08,180] ({pool-2-thread-2} MongoDbInterpreter.java[getScheduler]:170) - maxConcurrency is 10
 INFO [2021-07-20 15:13:08,181] ({ParallelScheduler-Worker-8} AbstractScheduler.java[runJob]:127) - Job paragraph_1626367581533_402771751 started by scheduler org.apache.zeppelin.mongodb.MongoDbInterpreter900894389
 INFO [2021-07-20 15:13:08,278] ({pool-2-thread-1} MongoDbInterpreter.java[getScheduler]:170) - maxConcurrency is 10
 INFO [2021-07-20 15:13:08,296] ({ParallelScheduler-Worker-8} AbstractScheduler.java[runJob]:154) - Job paragraph_1626367581533_402771751 finished by scheduler org.apache.zeppelin.mongodb.MongoDbInterpreter900894389 with status FINISHED
 INFO [2021-07-20 15:13:13,497] ({pool-2-thread-2} MongoDbInterpreter.java[getScheduler]:170) - maxConcurrency is 10
 INFO [2021-07-20 15:13:13,498] ({ParallelScheduler-Worker-9} AbstractScheduler.java[runJob]:127) - Job paragraph_1626367581533_402771751 started by scheduler org.apache.zeppelin.mongodb.MongoDbInterpreter900894389
 INFO [2021-07-20 15:13:13,594] ({pool-2-thread-1} MongoDbInterpreter.java[getScheduler]:170) - maxConcurrency is 10
 INFO [2021-07-20 15:13:13,629] ({ParallelScheduler-Worker-9} AbstractScheduler.java[runJob]:154) - Job paragraph_1626367581533_402771751 finished by scheduler org.apache.zeppelin.mongodb.MongoDbInterpreter900894389 with status FINISHED
 INFO [2021-07-20 15:13:27,944] ({pool-2-thread-2} MongoDbInterpreter.java[getScheduler]:170) - maxConcurrency is 10
 INFO [2021-07-20 15:13:27,946] ({ParallelScheduler-Worker-10} AbstractScheduler.java[runJob]:127) - Job paragraph_1626367581533_402771751 started by scheduler org.apache.zeppelin.mongodb.MongoDbInterpreter900894389
 INFO [2021-07-20 15:13:28,041] ({pool-2-thread-1} MongoDbInterpreter.java[getScheduler]:170) - maxConcurrency is 10
 INFO [2021-07-20 15:13:28,063] ({ParallelScheduler-Worker-10} AbstractScheduler.java[runJob]:154) - Job paragraph_1626367581533_402771751 finished by scheduler org.apache.zeppelin.mongodb.MongoDbInterpreter900894389 with status FINISHED
 INFO [2021-07-20 15:13:33,322] ({pool-2-thread-2} MongoDbInterpreter.java[getScheduler]:170) - maxConcurrency is 10
 INFO [2021-07-20 15:13:33,324] ({ParallelScheduler-Worker-1} AbstractScheduler.java[runJob]:127) - Job paragraph_1626367581533_402771751 started by scheduler org.apache.zeppelin.mongodb.MongoDbInterpreter900894389
 INFO [2021-07-20 15:13:33,419] ({pool-2-thread-1} MongoDbInterpreter.java[getScheduler]:170) - maxConcurrency is 10
 INFO [2021-07-20 15:13:33,454] ({ParallelScheduler-Worker-1} AbstractScheduler.java[runJob]:154) - Job paragraph_1626367581533_402771751 finished by scheduler org.apache.zeppelin.mongodb.MongoDbInterpreter900894389 with status FINISHED
 INFO [2021-07-20 15:14:07,756] ({pool-2-thread-2} MongoDbInterpreter.java[getScheduler]:170) - maxConcurrency is 10
 INFO [2021-07-20 15:14:07,758] ({ParallelScheduler-Worker-2} AbstractScheduler.java[runJob]:127) - Job paragraph_1626367581533_402771751 started by scheduler org.apache.zeppelin.mongodb.MongoDbInterpreter900894389
 INFO [2021-07-20 15:14:07,852] ({pool-2-thread-1} MongoDbInterpreter.java[getScheduler]:170) - maxConcurrency is 10
 INFO [2021-07-20 15:14:07,886] ({ParallelScheduler-Worker-2} AbstractScheduler.java[runJob]:154) - Job paragraph_1626367581533_402771751 finished by scheduler org.apache.zeppelin.mongodb.MongoDbInterpreter900894389 with status FINISHED
 INFO [2021-07-20 15:27:54,859] ({pool-2-thread-2} RemoteInterpreterServer.java[cancel]:914) - cancel org.apache.zeppelin.mongodb.MongoDbInterpreter paragraph_1626789145807_1307070485
 INFO [2021-07-20 15:27:54,862] ({pool-2-thread-2} MongoDbInterpreter.java[getScheduler]:170) - maxConcurrency is 10
 INFO [2021-07-20 15:28:06,049] ({pool-2-thread-2} MongoDbInterpreter.java[getScheduler]:170) - maxConcurrency is 10
 INFO [2021-07-20 15:28:06,050] ({ParallelScheduler-Worker-3} AbstractScheduler.java[runJob]:127) - Job paragraph_1626793893404_412426249 started by scheduler org.apache.zeppelin.mongodb.MongoDbInterpreter900894389
 INFO [2021-07-20 15:28:06,147] ({pool-2-thread-1} MongoDbInterpreter.java[getScheduler]:170) - maxConcurrency is 10
 INFO [2021-07-20 15:28:06,183] ({ParallelScheduler-Worker-3} AbstractScheduler.java[runJob]:154) - Job paragraph_1626793893404_412426249 finished by scheduler org.apache.zeppelin.mongodb.MongoDbInterpreter900894389 with status FINISHED
 INFO [2021-07-20 15:31:27,234] ({pool-2-thread-2} RemoteInterpreterServer.java[shutdown]:244) - Unregister interpreter process
 INFO [2021-07-20 15:31:27,249] ({ShutdownThread} RemoteInterpreterServer.java[run]:649) - Shutting down...
 INFO [2021-07-20 15:31:27,250] ({ShutdownThread} RemoteInterpreterServer.java[run]:650) - Shutdown initialized by ShutdownCall
 INFO [2021-07-20 15:31:27,251] ({ShutdownThread} SchedulerFactory.java[destroy]:61) - Destroy all executors
 INFO [2021-07-20 15:31:27,252] ({ShutdownThread} SchedulerFactory.java[destroy]:65) - Stopping Scheduler org.apache.zeppelin.mongodb.MongoDbInterpreter900894389
 WARN [2021-07-20 15:31:27,253] ({SchedulerFactory1} AbstractScheduler.java[run]:91) - ParallelScheduler is interrupted
