 INFO [2021-07-28 15:10:41,644] ({main} ZeppelinConfiguration.java[create]:172) - Load configuration from file:/opt/zeppelin/conf/zeppelin-site.xml
 INFO [2021-07-28 15:10:41,822] ({main} ZeppelinConfiguration.java[create]:180) - Server Host: 0.0.0.0
 INFO [2021-07-28 15:10:41,823] ({main} ZeppelinConfiguration.java[create]:182) - Server Port: 8080
 INFO [2021-07-28 15:10:41,824] ({main} ZeppelinConfiguration.java[create]:186) - Context Path: /
 INFO [2021-07-28 15:10:41,825] ({main} ZeppelinConfiguration.java[create]:187) - Zeppelin Version: 0.9.0
 INFO [2021-07-28 15:10:41,892] ({main} Log.java[initialized]:169) - Logging initialized @1163ms to org.eclipse.jetty.util.log.Slf4jLog
 WARN [2021-07-28 15:10:42,911] ({main} ZeppelinConfiguration.java[getConfigFSDir]:694) - zeppelin.config.fs.dir is not specified, fall back to local conf directory zeppelin.conf.dir
 WARN [2021-07-28 15:10:42,913] ({main} ZeppelinConfiguration.java[getConfigFSDir]:694) - zeppelin.config.fs.dir is not specified, fall back to local conf directory zeppelin.conf.dir
 WARN [2021-07-28 15:10:42,914] ({main} ZeppelinConfiguration.java[getConfigFSDir]:694) - zeppelin.config.fs.dir is not specified, fall back to local conf directory zeppelin.conf.dir
 WARN [2021-07-28 15:10:43,004] ({main} LocalConfigStorage.java[loadCredentials]:88) - Credential file /opt/zeppelin/conf/credentials.json is not existed
 INFO [2021-07-28 15:10:43,080] ({ImmediateThread-1627485042902} PluginManager.java[loadNotebookRepo]:78) - Loading NotebookRepo Plugin: org.apache.zeppelin.notebook.repo.MongoNotebookRepo
 INFO [2021-07-28 15:10:43,150] ({main} ZeppelinServer.java[setupWebAppContext]:575) - warPath is: /opt/zeppelin/zeppelin-web-0.9.0.war
 INFO [2021-07-28 15:10:43,151] ({main} ZeppelinServer.java[setupWebAppContext]:588) - ZeppelinServer Webapp path: /opt/zeppelin/webapps
 INFO [2021-07-28 15:10:43,241] ({main} ZeppelinServer.java[setupWebAppContext]:575) - warPath is: /opt/zeppelin/zeppelin-web-angular-0.9.0.war
 INFO [2021-07-28 15:10:43,242] ({main} ZeppelinServer.java[setupWebAppContext]:588) - ZeppelinServer Webapp path: /opt/zeppelin/webapps/next
 INFO [2021-07-28 15:10:43,346] ({main} NotebookServer.java[<init>]:157) - NotebookServer instantiated: org.apache.zeppelin.socket.NotebookServer@209da20d
 INFO [2021-07-28 15:10:43,354] ({main} NotebookServer.java[setNotebook]:168) - Injected NotebookProvider
 INFO [2021-07-28 15:10:43,356] ({main} NotebookServer.java[setServiceLocator]:162) - Injected ServiceLocator: ServiceLocatorImpl(shared-locator,0,1279309678)
 INFO [2021-07-28 15:10:43,358] ({main} NotebookServer.java[setNotebookService]:175) - Injected NotebookServiceProvider
 INFO [2021-07-28 15:10:43,359] ({main} NotebookServer.java[setAuthorizationServiceProvider]:182) - Injected NotebookAuthorizationServiceProvider
 INFO [2021-07-28 15:10:43,360] ({main} NotebookServer.java[setConnectionManagerProvider]:188) - Injected ConnectionManagerProvider
 INFO [2021-07-28 15:10:43,363] ({main} ZeppelinServer.java[setupClusterManagerServer]:465) - Cluster mode is disabled
 INFO [2021-07-28 15:10:43,364] ({main} ZeppelinServer.java[main]:249) - Starting zeppelin server
 INFO [2021-07-28 15:10:43,369] ({main} Server.java[doStart]:360) - jetty-9.4.31.v20200723; built: 2020-07-23T17:57:36.812Z; git: 450ba27947e13e66baa8cd1ce7e85a4461cacc1d; jvm 1.8.0_282-8u282-b08-0ubuntu1~20.04-b08
 INFO [2021-07-28 15:10:43,615] ({main} StandardDescriptorProcessor.java[visitServlet]:276) - NO JSP Support for /, did not find org.eclipse.jetty.jsp.JettyJspServlet
 INFO [2021-07-28 15:10:43,669] ({main} DefaultSessionIdManager.java[doStart]:334) - DefaultSessionIdManager workerName=node0
 INFO [2021-07-28 15:10:43,672] ({main} DefaultSessionIdManager.java[doStart]:339) - No SessionScavenger set, using defaults
 INFO [2021-07-28 15:10:43,682] ({main} HouseKeeper.java[startScavenging]:140) - node0 Scavenging every 660000ms
 INFO [2021-07-28 15:10:44,346] ({ImmediateThread-1627485042902} SLF4JLogger.java[info]:71) - Cluster created with settings {hosts=[mongo:27017], mode=SINGLE, requiredClusterType=UNKNOWN, serverSelectionTimeout='30000 ms', maxWaitQueueSize=500}
 INFO [2021-07-28 15:10:45,189] ({ImmediateThread-1627485042902} VFSNotebookRepo.java[setNotebookDirectory]:69) - Using notebookDir: /opt/zeppelin/notebook
 INFO [2021-07-28 15:10:45,525] ({cluster-ClusterId{value='61017374857aba00086b6554', description='null'}-mongo:27017} SLF4JLogger.java[info]:71) - Opened connection [connectionId{localValue:1, serverValue:11}] to mongo:27017
 INFO [2021-07-28 15:10:45,531] ({cluster-ClusterId{value='61017374857aba00086b6554', description='null'}-mongo:27017} SLF4JLogger.java[info]:71) - Monitor thread successfully connected to server with description ServerDescription{address=mongo:27017, type=STANDALONE, state=CONNECTED, ok=true, version=ServerVersion{versionList=[5, 0, 0]}, minWireVersion=0, maxWireVersion=13, maxDocumentSize=16777216, roundTripTimeNanos=1041900}
 INFO [2021-07-28 15:10:45,803] ({ImmediateThread-1627485042902} SLF4JLogger.java[info]:71) - Opened connection [connectionId{localValue:2, serverValue:12}] to mongo:27017
 WARN [2021-07-28 15:10:46,203] ({ImmediateThread-1627485042902} MongoNotebookRepo.java[saveOrIgnore]:184) - ignore error when insert note '/Flink Tutorial/6. Batch ETL': Bulk write operation error on server mongo:27017. Write errors: [BulkWriteError{index=0, code=11000, message='E11000 duplicate key error collection: zeppelin.notes index: _id_ dup key: { _id: "2EW19CSPA" }', details={ }}]. 
 WARN [2021-07-28 15:10:46,276] ({ImmediateThread-1627485042902} MongoNotebookRepo.java[saveOrIgnore]:184) - ignore error when insert note '/Flink Tutorial/1. Flink Basics': Bulk write operation error on server mongo:27017. Write errors: [BulkWriteError{index=0, code=11000, message='E11000 duplicate key error collection: zeppelin.notes index: _id_ dup key: { _id: "2F2YS7PCE" }', details={ }}]. 
 WARN [2021-07-28 15:10:46,356] ({ImmediateThread-1627485042902} MongoNotebookRepo.java[saveOrIgnore]:184) - ignore error when insert note '/Miscellaneous Tutorial/Using Mahout': Bulk write operation error on server mongo:27017. Write errors: [BulkWriteError{index=0, code=11000, message='E11000 duplicate key error collection: zeppelin.notes index: _id_ dup key: { _id: "2BYEZ5EVK" }', details={ }}]. 
 WARN [2021-07-28 15:10:46,424] ({ImmediateThread-1627485042902} MongoNotebookRepo.java[saveOrIgnore]:184) - ignore error when insert note '/Python Tutorial/1. IPython Basic': Bulk write operation error on server mongo:27017. Write errors: [BulkWriteError{index=0, code=11000, message='E11000 duplicate key error collection: zeppelin.notes index: _id_ dup key: { _id: "2EYDJKFFY" }', details={ }}]. 
 WARN [2021-07-28 15:10:46,474] ({ImmediateThread-1627485042902} MongoNotebookRepo.java[saveOrIgnore]:184) - ignore error when insert note '/Flink Tutorial/2. Three Essential Steps for Building Flink Job': Bulk write operation error on server mongo:27017. Write errors: [BulkWriteError{index=0, code=11000, message='E11000 duplicate key error collection: zeppelin.notes index: _id_ dup key: { _id: "2F7SKEHPA" }', details={ }}]. 
 WARN [2021-07-28 15:10:46,504] ({ImmediateThread-1627485042902} MongoNotebookRepo.java[saveOrIgnore]:184) - ignore error when insert note '/R Tutorial/2. Shiny App': Bulk write operation error on server mongo:27017. Write errors: [BulkWriteError{index=0, code=11000, message='E11000 duplicate key error collection: zeppelin.notes index: _id_ dup key: { _id: "2EZ66TM57" }', details={ }}]. 
 WARN [2021-07-28 15:10:46,544] ({ImmediateThread-1627485042902} MongoNotebookRepo.java[saveOrIgnore]:184) - ignore error when insert note '/Spark Tutorial/1. Spark Interpreter Introduction': Bulk write operation error on server mongo:27017. Write errors: [BulkWriteError{index=0, code=11000, message='E11000 duplicate key error collection: zeppelin.notes index: _id_ dup key: { _id: "2F8KN6TKK" }', details={ }}]. 
 WARN [2021-07-28 15:10:46,567] ({ImmediateThread-1627485042902} MongoNotebookRepo.java[saveOrIgnore]:184) - ignore error when insert note '/Flink Tutorial/5. Streaming Data Analytics': Bulk write operation error on server mongo:27017. Write errors: [BulkWriteError{index=0, code=11000, message='E11000 duplicate key error collection: zeppelin.notes index: _id_ dup key: { _id: "2EYT7Q6R8" }', details={ }}]. 
 WARN [2021-07-28 15:10:46,595] ({ImmediateThread-1627485042902} MongoNotebookRepo.java[saveOrIgnore]:184) - ignore error when insert note '/Miscellaneous Tutorial/Using Pig for querying data': Bulk write operation error on server mongo:27017. Write errors: [BulkWriteError{index=0, code=11000, message='E11000 duplicate key error collection: zeppelin.notes index: _id_ dup key: { _id: "2C57UKYWR" }', details={ }}]. 
 WARN [2021-07-28 15:10:46,653] ({ImmediateThread-1627485042902} MongoNotebookRepo.java[saveOrIgnore]:184) - ignore error when insert note '/Flink Tutorial/8. Logistic Regression (Alink)': Bulk write operation error on server mongo:27017. Write errors: [BulkWriteError{index=0, code=11000, message='E11000 duplicate key error collection: zeppelin.notes index: _id_ dup key: { _id: "2F4HJNWVN" }', details={ }}]. 
 WARN [2021-07-28 15:10:46,692] ({ImmediateThread-1627485042902} MongoNotebookRepo.java[saveOrIgnore]:184) - ignore error when insert note '/Flink Tutorial/4. Streaming ETL': Bulk write operation error on server mongo:27017. Write errors: [BulkWriteError{index=0, code=11000, message='E11000 duplicate key error collection: zeppelin.notes index: _id_ dup key: { _id: "2EYD56B9B" }', details={ }}]. 
 WARN [2021-07-28 15:10:46,728] ({ImmediateThread-1627485042902} MongoNotebookRepo.java[saveOrIgnore]:184) - ignore error when insert note '/Flink Tutorial/3. Flink Job Control Tutorial': Bulk write operation error on server mongo:27017. Write errors: [BulkWriteError{index=0, code=11000, message='E11000 duplicate key error collection: zeppelin.notes index: _id_ dup key: { _id: "2F5RKHCDV" }', details={ }}]. 
 WARN [2021-07-28 15:10:46,767] ({ImmediateThread-1627485042902} MongoNotebookRepo.java[saveOrIgnore]:184) - ignore error when insert note '/Spark Tutorial/7. Spark Delta Lake Tutorial': Bulk write operation error on server mongo:27017. Write errors: [BulkWriteError{index=0, code=11000, message='E11000 duplicate key error collection: zeppelin.notes index: _id_ dup key: { _id: "2F8VDBMMT" }', details={ }}]. 
 WARN [2021-07-28 15:10:46,855] ({ImmediateThread-1627485042902} MongoNotebookRepo.java[saveOrIgnore]:184) - ignore error when insert note '/Spark Tutorial/3. Spark SQL (PySpark)': Bulk write operation error on server mongo:27017. Write errors: [BulkWriteError{index=0, code=11000, message='E11000 duplicate key error collection: zeppelin.notes index: _id_ dup key: { _id: "2EWM84JXA" }', details={ }}]. 
 WARN [2021-07-28 15:10:46,917] ({ImmediateThread-1627485042902} MongoNotebookRepo.java[saveOrIgnore]:184) - ignore error when insert note '/Spark Tutorial/4. Spark MlLib': Bulk write operation error on server mongo:27017. Write errors: [BulkWriteError{index=0, code=11000, message='E11000 duplicate key error collection: zeppelin.notes index: _id_ dup key: { _id: "2EZFM3GJA" }', details={ }}]. 
 WARN [2021-07-28 15:10:46,997] ({ImmediateThread-1627485042902} MongoNotebookRepo.java[saveOrIgnore]:184) - ignore error when insert note '/Python Tutorial/3. Keras Binary Classification (IMDB)': Bulk write operation error on server mongo:27017. Write errors: [BulkWriteError{index=0, code=11000, message='E11000 duplicate key error collection: zeppelin.notes index: _id_ dup key: { _id: "2F2AVWJ77" }', details={ }}]. 
 WARN [2021-07-28 15:10:47,039] ({ImmediateThread-1627485042902} MongoNotebookRepo.java[saveOrIgnore]:184) - ignore error when insert note '/Flink Tutorial/7. Batch Data Analytics': Bulk write operation error on server mongo:27017. Write errors: [BulkWriteError{index=0, code=11000, message='E11000 duplicate key error collection: zeppelin.notes index: _id_ dup key: { _id: "2EZ9G3JJU" }', details={ }}]. 
 WARN [2021-07-28 15:10:47,265] ({ImmediateThread-1627485042902} MongoNotebookRepo.java[saveOrIgnore]:184) - ignore error when insert note '/Python Tutorial/2. IPython Visualization Tutorial': Bulk write operation error on server mongo:27017. Write errors: [BulkWriteError{index=0, code=11000, message='E11000 duplicate key error collection: zeppelin.notes index: _id_ dup key: { _id: "2F1S9ZY8Z" }', details={ }}]. 
 WARN [2021-07-28 15:10:47,315] ({ImmediateThread-1627485042902} MongoNotebookRepo.java[saveOrIgnore]:184) - ignore error when insert note '/R Tutorial/1. R Basics': Bulk write operation error on server mongo:27017. Write errors: [BulkWriteError{index=0, code=11000, message='E11000 duplicate key error collection: zeppelin.notes index: _id_ dup key: { _id: "2BWJFTXKJ" }', details={ }}]. 
 WARN [2021-07-28 15:10:47,327] ({ImmediateThread-1627485042902} MongoNotebookRepo.java[saveOrIgnore]:184) - ignore error when insert note '/Spark Tutorial/6. SparkR Shiny App': Bulk write operation error on server mongo:27017. Write errors: [BulkWriteError{index=0, code=11000, message='E11000 duplicate key error collection: zeppelin.notes index: _id_ dup key: { _id: "2F1CHQ4TT" }', details={ }}]. 
 WARN [2021-07-28 15:10:47,399] ({ImmediateThread-1627485042902} MongoNotebookRepo.java[saveOrIgnore]:184) - ignore error when insert note '/Spark Tutorial/5. SparkR Basics': Bulk write operation error on server mongo:27017. Write errors: [BulkWriteError{index=0, code=11000, message='E11000 duplicate key error collection: zeppelin.notes index: _id_ dup key: { _id: "2BWJFTXKM" }', details={ }}]. 
 INFO [2021-07-28 15:10:47,414] ({main} ContextHandler.java[doStart]:860) - Started o.e.j.w.WebAppContext@3972a855{zeppelin-web,/,jar:file:///opt/zeppelin/zeppelin-web-0.9.0.war!/,AVAILABLE}{/opt/zeppelin/zeppelin-web-0.9.0.war}
 WARN [2021-07-28 15:10:47,431] ({ImmediateThread-1627485042902} MongoNotebookRepo.java[saveOrIgnore]:184) - ignore error when insert note '/Python Tutorial/4. Matplotlib (Python, PySpark)': Bulk write operation error on server mongo:27017. Write errors: [BulkWriteError{index=0, code=11000, message='E11000 duplicate key error collection: zeppelin.notes index: _id_ dup key: { _id: "2C2AUG798" }', details={ }}]. 
 WARN [2021-07-28 15:10:47,457] ({ImmediateThread-1627485042902} MongoNotebookRepo.java[saveOrIgnore]:184) - ignore error when insert note '/Spark Tutorial/2. Spark Basic Features': Bulk write operation error on server mongo:27017. Write errors: [BulkWriteError{index=0, code=11000, message='E11000 duplicate key error collection: zeppelin.notes index: _id_ dup key: { _id: "2A94M5J1Z" }', details={ }}]. 
 INFO [2021-07-28 15:10:47,465] ({main} StandardDescriptorProcessor.java[visitServlet]:276) - NO JSP Support for /next, did not find org.eclipse.jetty.jsp.JettyJspServlet
 WARN [2021-07-28 15:10:47,527] ({ImmediateThread-1627485042902} MongoNotebookRepo.java[saveOrIgnore]:184) - ignore error when insert note '/Spark Tutorial/3. Spark SQL (Scala)': Bulk write operation error on server mongo:27017. Write errors: [BulkWriteError{index=0, code=11000, message='E11000 duplicate key error collection: zeppelin.notes index: _id_ dup key: { _id: "2EYUV26VR" }', details={ }}]. 
 INFO [2021-07-28 15:10:47,853] ({main} ContextHandler.java[doStart]:860) - Started o.e.j.w.WebAppContext@2e222612{zeppelin-web-angular,/next,jar:file:///opt/zeppelin/zeppelin-web-angular-0.9.0.war!/,AVAILABLE}{/opt/zeppelin/zeppelin-web-angular-0.9.0.war}
 INFO [2021-07-28 15:10:47,893] ({main} AbstractConnector.java[doStart]:331) - Started ServerConnector@44c8afef{HTTP/1.1, (http/1.1)}{0.0.0.0:8080}
 INFO [2021-07-28 15:10:47,894] ({main} Server.java[doStart]:400) - Started @7182ms
 INFO [2021-07-28 15:10:52,899] ({main} ZeppelinServer.java[main]:263) - Done, zeppelin server started
 INFO [2021-07-28 15:10:52,950] ({main} LocalConfigStorage.java[loadNotebookAuthorization]:80) - Load notebook authorization from file: /opt/zeppelin/conf/notebook-authorization.json
 INFO [2021-07-28 15:10:53,153] ({Thread-12} RemoteInterpreterEventServer.java[run]:105) - InterpreterEventServer is starting at 172.19.0.3:33159
 INFO [2021-07-28 15:10:53,652] ({main} RemoteInterpreterEventServer.java[start]:133) - RemoteInterpreterEventServer is started
 INFO [2021-07-28 15:10:53,679] ({main} InterpreterSettingManager.java[<init>]:197) - Using RecoveryStorage: org.apache.zeppelin.interpreter.recovery.NullRecoveryStorage
 INFO [2021-07-28 15:10:53,712] ({main} InterpreterSettingManager.java[registerInterpreterSetting]:540) - Register InterpreterSettingTemplate: file
 INFO [2021-07-28 15:10:53,715] ({main} InterpreterSettingManager.java[registerInterpreterSetting]:540) - Register InterpreterSettingTemplate: alluxio
 INFO [2021-07-28 15:10:53,716] ({main} InterpreterSettingManager.java[registerInterpreterSetting]:540) - Register InterpreterSettingTemplate: lens
 INFO [2021-07-28 15:10:53,717] ({main} InterpreterSettingManager.java[registerInterpreterSetting]:540) - Register InterpreterSettingTemplate: jdbc
 INFO [2021-07-28 15:10:53,718] ({main} InterpreterSettingManager.java[registerInterpreterSetting]:540) - Register InterpreterSettingTemplate: bigquery
 INFO [2021-07-28 15:10:53,720] ({main} InterpreterSettingManager.java[registerInterpreterSetting]:540) - Register InterpreterSettingTemplate: scalding
 INFO [2021-07-28 15:10:53,721] ({main} InterpreterSettingManager.java[registerInterpreterSetting]:540) - Register InterpreterSettingTemplate: cassandra
 INFO [2021-07-28 15:10:53,724] ({main} InterpreterSettingManager.java[registerInterpreterSetting]:540) - Register InterpreterSettingTemplate: mongodb
 INFO [2021-07-28 15:10:53,725] ({main} InterpreterSettingManager.java[registerInterpreterSetting]:540) - Register InterpreterSettingTemplate: kylin
 INFO [2021-07-28 15:10:53,727] ({main} InterpreterSettingManager.java[registerInterpreterSetting]:540) - Register InterpreterSettingTemplate: jupyter
 INFO [2021-07-28 15:10:53,728] ({main} InterpreterSettingManager.java[registerInterpreterSetting]:540) - Register InterpreterSettingTemplate: sh
 INFO [2021-07-28 15:10:53,730] ({main} InterpreterSettingManager.java[registerInterpreterSetting]:540) - Register InterpreterSettingTemplate: angular
 INFO [2021-07-28 15:10:53,731] ({main} InterpreterSettingManager.java[registerInterpreterSetting]:540) - Register InterpreterSettingTemplate: ksql
 INFO [2021-07-28 15:10:53,733] ({main} InterpreterSettingManager.java[registerInterpreterSetting]:540) - Register InterpreterSettingTemplate: ignite
 INFO [2021-07-28 15:10:53,734] ({main} InterpreterSettingManager.java[registerInterpreterSetting]:540) - Register InterpreterSettingTemplate: hazelcastjet
 INFO [2021-07-28 15:10:53,735] ({main} InterpreterSettingManager.java[registerInterpreterSetting]:540) - Register InterpreterSettingTemplate: influxdb
 INFO [2021-07-28 15:10:53,737] ({main} InterpreterSettingManager.java[registerInterpreterSetting]:540) - Register InterpreterSettingTemplate: neo4j
 INFO [2021-07-28 15:10:53,738] ({main} InterpreterSettingManager.java[registerInterpreterSetting]:540) - Register InterpreterSettingTemplate: kotlin
 INFO [2021-07-28 15:10:53,739] ({main} InterpreterSettingManager.java[registerInterpreterSetting]:540) - Register InterpreterSettingTemplate: java
 INFO [2021-07-28 15:10:53,741] ({main} InterpreterSettingManager.java[registerInterpreterSetting]:540) - Register InterpreterSettingTemplate: spark
 INFO [2021-07-28 15:10:53,742] ({main} InterpreterSettingManager.java[registerInterpreterSetting]:540) - Register InterpreterSettingTemplate: python
 INFO [2021-07-28 15:10:53,743] ({main} InterpreterSettingManager.java[registerInterpreterSetting]:540) - Register InterpreterSettingTemplate: sparql
 INFO [2021-07-28 15:10:53,745] ({main} InterpreterSettingManager.java[registerInterpreterSetting]:540) - Register InterpreterSettingTemplate: groovy
 INFO [2021-07-28 15:10:53,747] ({main} InterpreterSettingManager.java[registerInterpreterSetting]:540) - Register InterpreterSettingTemplate: submarine
 INFO [2021-07-28 15:10:53,748] ({main} InterpreterSettingManager.java[registerInterpreterSetting]:540) - Register InterpreterSettingTemplate: hbase
 INFO [2021-07-28 15:10:53,750] ({main} InterpreterSettingManager.java[registerInterpreterSetting]:540) - Register InterpreterSettingTemplate: elasticsearch
 INFO [2021-07-28 15:10:53,751] ({main} InterpreterSettingManager.java[registerInterpreterSetting]:540) - Register InterpreterSettingTemplate: livy
 WARN [2021-07-28 15:10:53,780] ({main} InterpreterSettingManager.java[loadInterpreterSettingFromDefaultDir]:437) - No interpreter-setting.json found in /opt/zeppelin/interpreter/scio
 INFO [2021-07-28 15:10:53,782] ({main} InterpreterSettingManager.java[registerInterpreterSetting]:540) - Register InterpreterSettingTemplate: flink
 INFO [2021-07-28 15:10:53,784] ({main} InterpreterSettingManager.java[registerInterpreterSetting]:540) - Register InterpreterSettingTemplate: beam
 INFO [2021-07-28 15:10:53,785] ({main} InterpreterSettingManager.java[registerInterpreterSetting]:540) - Register InterpreterSettingTemplate: md
 INFO [2021-07-28 15:10:53,787] ({main} InterpreterSettingManager.java[registerInterpreterSetting]:540) - Register InterpreterSettingTemplate: sap
 INFO [2021-07-28 15:10:53,790] ({main} InterpreterSettingManager.java[registerInterpreterSetting]:540) - Register InterpreterSettingTemplate: r
 INFO [2021-07-28 15:10:53,793] ({main} InterpreterSettingManager.java[registerInterpreterSetting]:540) - Register InterpreterSettingTemplate: geode
 INFO [2021-07-28 15:10:53,795] ({main} InterpreterSettingManager.java[registerInterpreterSetting]:540) - Register InterpreterSettingTemplate: pig
 INFO [2021-07-28 15:10:53,796] ({main} LocalConfigStorage.java[loadInterpreterSettings]:63) - Load Interpreter Setting from file: /opt/zeppelin/conf/interpreter.json
 INFO [2021-07-28 15:10:53,838] ({main} InterpreterSettingManager.java[loadFromFile]:294) - Create interpreter setting ignite from interpreter.json
 INFO [2021-07-28 15:10:53,841] ({main} InterpreterSettingManager.java[loadFromFile]:294) - Create interpreter setting beam from interpreter.json
 INFO [2021-07-28 15:10:53,843] ({main} InterpreterSettingManager.java[loadFromFile]:294) - Create interpreter setting geode from interpreter.json
 INFO [2021-07-28 15:10:53,844] ({main} InterpreterSettingManager.java[loadFromFile]:294) - Create interpreter setting jdbc from interpreter.json
 INFO [2021-07-28 15:10:53,845] ({main} InterpreterSettingManager.java[loadFromFile]:294) - Create interpreter setting lens from interpreter.json
 INFO [2021-07-28 15:10:53,846] ({main} InterpreterSettingManager.java[loadFromFile]:294) - Create interpreter setting influxdb from interpreter.json
 INFO [2021-07-28 15:10:53,847] ({main} InterpreterSettingManager.java[loadFromFile]:294) - Create interpreter setting pig from interpreter.json
 INFO [2021-07-28 15:10:53,848] ({main} InterpreterSettingManager.java[loadFromFile]:294) - Create interpreter setting java from interpreter.json
 INFO [2021-07-28 15:10:53,849] ({main} InterpreterSettingManager.java[loadFromFile]:294) - Create interpreter setting jupyter from interpreter.json
 INFO [2021-07-28 15:10:53,850] ({main} InterpreterSettingManager.java[loadFromFile]:294) - Create interpreter setting file from interpreter.json
 INFO [2021-07-28 15:10:53,851] ({main} InterpreterSettingManager.java[loadFromFile]:294) - Create interpreter setting submarine from interpreter.json
 INFO [2021-07-28 15:10:53,852] ({main} InterpreterSettingManager.java[loadFromFile]:294) - Create interpreter setting elasticsearch from interpreter.json
 INFO [2021-07-28 15:10:53,853] ({main} InterpreterSettingManager.java[loadFromFile]:294) - Create interpreter setting sh from interpreter.json
 INFO [2021-07-28 15:10:53,855] ({main} InterpreterSettingManager.java[loadFromFile]:294) - Create interpreter setting spark from interpreter.json
 INFO [2021-07-28 15:10:53,855] ({main} InterpreterSettingManager.java[loadFromFile]:294) - Create interpreter setting md from interpreter.json
 INFO [2021-07-28 15:10:53,856] ({main} InterpreterSettingManager.java[loadFromFile]:294) - Create interpreter setting hazelcastjet from interpreter.json
 INFO [2021-07-28 15:10:53,858] ({main} InterpreterSettingManager.java[loadFromFile]:294) - Create interpreter setting alluxio from interpreter.json
 INFO [2021-07-28 15:10:53,859] ({main} InterpreterSettingManager.java[loadFromFile]:294) - Create interpreter setting bigquery from interpreter.json
 INFO [2021-07-28 15:10:53,860] ({main} InterpreterSettingManager.java[loadFromFile]:294) - Create interpreter setting mongodb from interpreter.json
 INFO [2021-07-28 15:10:53,861] ({main} InterpreterSettingManager.java[loadFromFile]:294) - Create interpreter setting hbase from interpreter.json
 INFO [2021-07-28 15:10:53,862] ({main} InterpreterSettingManager.java[loadFromFile]:294) - Create interpreter setting python from interpreter.json
 INFO [2021-07-28 15:10:53,863] ({main} InterpreterSettingManager.java[loadFromFile]:294) - Create interpreter setting sap from interpreter.json
 INFO [2021-07-28 15:10:53,864] ({main} InterpreterSettingManager.java[loadFromFile]:294) - Create interpreter setting kotlin from interpreter.json
 INFO [2021-07-28 15:10:53,865] ({main} InterpreterSettingManager.java[loadFromFile]:294) - Create interpreter setting scalding from interpreter.json
 INFO [2021-07-28 15:10:53,866] ({main} InterpreterSettingManager.java[loadFromFile]:294) - Create interpreter setting flink from interpreter.json
 INFO [2021-07-28 15:10:53,867] ({main} InterpreterSettingManager.java[loadFromFile]:294) - Create interpreter setting angular from interpreter.json
 INFO [2021-07-28 15:10:53,867] ({main} InterpreterSettingManager.java[loadFromFile]:294) - Create interpreter setting ksql from interpreter.json
 INFO [2021-07-28 15:10:53,868] ({main} InterpreterSettingManager.java[loadFromFile]:294) - Create interpreter setting livy from interpreter.json
 INFO [2021-07-28 15:10:53,869] ({main} InterpreterSettingManager.java[loadFromFile]:294) - Create interpreter setting r from interpreter.json
 INFO [2021-07-28 15:10:53,870] ({main} InterpreterSettingManager.java[loadFromFile]:294) - Create interpreter setting neo4j from interpreter.json
 INFO [2021-07-28 15:10:53,871] ({main} InterpreterSettingManager.java[loadFromFile]:294) - Create interpreter setting groovy from interpreter.json
 INFO [2021-07-28 15:10:53,872] ({main} InterpreterSettingManager.java[loadFromFile]:294) - Create interpreter setting cassandra from interpreter.json
 INFO [2021-07-28 15:10:53,874] ({main} InterpreterSettingManager.java[loadFromFile]:294) - Create interpreter setting sparql from interpreter.json
 INFO [2021-07-28 15:10:53,875] ({main} InterpreterSettingManager.java[loadFromFile]:294) - Create interpreter setting kylin from interpreter.json
 INFO [2021-07-28 15:10:53,885] ({main} InterpreterSetting.java[setStatus]:734) - Set interpreter mongodb status to DOWNLOADING_DEPENDENCIES
 INFO [2021-07-28 15:10:53,887] ({Thread-13} InterpreterSetting.java[run]:964) - Start to download dependencies for interpreter: mongodb
 INFO [2021-07-28 15:10:53,980] ({main} LocalConfigStorage.java[save]:53) - Save Interpreter Setting to /opt/zeppelin/conf/interpreter.json
 INFO [2021-07-28 15:10:54,280] ({LuceneSearch-RebuildIndex-Thread} LuceneSearch.java[lambda$startRebuildIndex$1]:399) - Starting rebuild index
 INFO [2021-07-28 15:10:56,916] ({LuceneSearch-RebuildIndex-Thread} LuceneSearch.java[lambda$startRebuildIndex$1]:404) - Finish rebuild index
 INFO [2021-07-28 15:10:59,015] ({Thread-13} InterpreterSetting.java[run]:977) - Finish downloading dependencies for interpreter: mongodb
 INFO [2021-07-28 15:10:59,017] ({Thread-13} InterpreterSetting.java[setStatus]:734) - Set interpreter mongodb status to READY
 INFO [2021-07-28 15:10:59,018] ({Thread-13} LocalConfigStorage.java[save]:53) - Save Interpreter Setting to /opt/zeppelin/conf/interpreter.json
 INFO [2021-07-28 15:15:14,060] ({Thread-11} ZeppelinServer.java[lambda$shutdown$0]:314) - Shutting down Zeppelin Server ... 
 INFO [2021-07-28 15:15:14,078] ({Thread-11} AbstractConnector.java[doStop]:381) - Stopped ServerConnector@44c8afef{HTTP/1.1, (http/1.1)}{0.0.0.0:8080}
 INFO [2021-07-28 15:15:14,081] ({Thread-11} HouseKeeper.java[stopScavenging]:158) - node0 Stopped scavenging
 INFO [2021-07-28 15:15:14,142] ({Thread-11} ContextHandler.java[doStop]:1099) - Stopped o.e.j.w.WebAppContext@2e222612{zeppelin-web-angular,/next,null,UNAVAILABLE}{/opt/zeppelin/zeppelin-web-angular-0.9.0.war}
 INFO [2021-07-28 15:15:14,162] ({Thread-11} ContextHandler.java[doStop]:1099) - Stopped o.e.j.w.WebAppContext@3972a855{zeppelin-web,/,null,UNAVAILABLE}{/opt/zeppelin/zeppelin-web-0.9.0.war}
 INFO [2021-07-28 15:15:14,176] ({ignite-close} InterpreterSetting.java[close]:529) - Close InterpreterSetting: ignite
 INFO [2021-07-28 15:15:14,184] ({beam-close} InterpreterSetting.java[close]:529) - Close InterpreterSetting: beam
 INFO [2021-07-28 15:15:14,185] ({beam-close} InterpreterSetting.java[close]:529) - Close InterpreterSetting: beam
 INFO [2021-07-28 15:15:14,187] ({pig-close} InterpreterSetting.java[close]:529) - Close InterpreterSetting: pig
 INFO [2021-07-28 15:15:14,177] ({ignite-close} InterpreterSetting.java[close]:529) - Close InterpreterSetting: ignite
 INFO [2021-07-28 15:15:14,189] ({file-close} InterpreterSetting.java[close]:529) - Close InterpreterSetting: file
 INFO [2021-07-28 15:15:14,188] ({jupyter-close} InterpreterSetting.java[close]:529) - Close InterpreterSetting: jupyter
 INFO [2021-07-28 15:15:14,187] ({java-close} InterpreterSetting.java[close]:529) - Close InterpreterSetting: java
 INFO [2021-07-28 15:15:14,187] ({influxdb-close} InterpreterSetting.java[close]:529) - Close InterpreterSetting: influxdb
 INFO [2021-07-28 15:15:14,186] ({lens-close} InterpreterSetting.java[close]:529) - Close InterpreterSetting: lens
 INFO [2021-07-28 15:15:14,186] ({jdbc-close} InterpreterSetting.java[close]:529) - Close InterpreterSetting: jdbc
 INFO [2021-07-28 15:15:14,186] ({geode-close} InterpreterSetting.java[close]:529) - Close InterpreterSetting: geode
 INFO [2021-07-28 15:15:14,213] ({lens-close} InterpreterSetting.java[close]:529) - Close InterpreterSetting: lens
 INFO [2021-07-28 15:15:14,212] ({jdbc-close} InterpreterSetting.java[close]:529) - Close InterpreterSetting: jdbc
 INFO [2021-07-28 15:15:14,211] ({geode-close} InterpreterSetting.java[close]:529) - Close InterpreterSetting: geode
 INFO [2021-07-28 15:15:14,211] ({kylin-close} InterpreterSetting.java[close]:529) - Close InterpreterSetting: kylin
 INFO [2021-07-28 15:15:14,206] ({sparql-close} InterpreterSetting.java[close]:529) - Close InterpreterSetting: sparql
 INFO [2021-07-28 15:15:14,204] ({cassandra-close} InterpreterSetting.java[close]:529) - Close InterpreterSetting: cassandra
 INFO [2021-07-28 15:15:14,204] ({groovy-close} InterpreterSetting.java[close]:529) - Close InterpreterSetting: groovy
 INFO [2021-07-28 15:15:14,203] ({neo4j-close} InterpreterSetting.java[close]:529) - Close InterpreterSetting: neo4j
 INFO [2021-07-28 15:15:14,200] ({ksql-close} InterpreterSetting.java[close]:529) - Close InterpreterSetting: ksql
 INFO [2021-07-28 15:15:14,200] ({r-close} InterpreterSetting.java[close]:529) - Close InterpreterSetting: r
 INFO [2021-07-28 15:15:14,200] ({livy-close} InterpreterSetting.java[close]:529) - Close InterpreterSetting: livy
 INFO [2021-07-28 15:15:14,199] ({angular-close} InterpreterSetting.java[close]:529) - Close InterpreterSetting: angular
 INFO [2021-07-28 15:15:14,199] ({flink-close} InterpreterSetting.java[close]:529) - Close InterpreterSetting: flink
 INFO [2021-07-28 15:15:14,199] ({scalding-close} InterpreterSetting.java[close]:529) - Close InterpreterSetting: scalding
 INFO [2021-07-28 15:15:14,198] ({kotlin-close} InterpreterSetting.java[close]:529) - Close InterpreterSetting: kotlin
 INFO [2021-07-28 15:15:14,238] ({java-close} InterpreterSetting.java[close]:529) - Close InterpreterSetting: java
 INFO [2021-07-28 15:15:14,198] ({sap-close} InterpreterSetting.java[close]:529) - Close InterpreterSetting: sap
 INFO [2021-07-28 15:15:14,197] ({python-close} InterpreterSetting.java[close]:529) - Close InterpreterSetting: python
 INFO [2021-07-28 15:15:14,197] ({hazelcastjet-close} InterpreterSetting.java[close]:529) - Close InterpreterSetting: hazelcastjet
 INFO [2021-07-28 15:15:14,197] ({hbase-close} InterpreterSetting.java[close]:529) - Close InterpreterSetting: hbase
 INFO [2021-07-28 15:15:14,244] ({file-close} InterpreterSetting.java[close]:529) - Close InterpreterSetting: file
 INFO [2021-07-28 15:15:14,196] ({mongodb-close} InterpreterSetting.java[close]:529) - Close InterpreterSetting: mongodb
 INFO [2021-07-28 15:15:14,196] ({bigquery-close} InterpreterSetting.java[close]:529) - Close InterpreterSetting: bigquery
 INFO [2021-07-28 15:15:14,195] ({alluxio-close} InterpreterSetting.java[close]:529) - Close InterpreterSetting: alluxio
 INFO [2021-07-28 15:15:14,192] ({spark-close} InterpreterSetting.java[close]:529) - Close InterpreterSetting: spark
 INFO [2021-07-28 15:15:14,192] ({md-close} InterpreterSetting.java[close]:529) - Close InterpreterSetting: md
 INFO [2021-07-28 15:15:14,192] ({sh-close} InterpreterSetting.java[close]:529) - Close InterpreterSetting: sh
 INFO [2021-07-28 15:15:14,190] ({submarine-close} InterpreterSetting.java[close]:529) - Close InterpreterSetting: submarine
 INFO [2021-07-28 15:15:14,190] ({elasticsearch-close} InterpreterSetting.java[close]:529) - Close InterpreterSetting: elasticsearch
 INFO [2021-07-28 15:15:14,245] ({submarine-close} InterpreterSetting.java[close]:529) - Close InterpreterSetting: submarine
 INFO [2021-07-28 15:15:14,240] ({jupyter-close} InterpreterSetting.java[close]:529) - Close InterpreterSetting: jupyter
 INFO [2021-07-28 15:15:14,236] ({pig-close} InterpreterSetting.java[close]:529) - Close InterpreterSetting: pig
 INFO [2021-07-28 15:15:14,222] ({influxdb-close} InterpreterSetting.java[close]:529) - Close InterpreterSetting: influxdb
 INFO [2021-07-28 15:15:14,255] ({sh-close} InterpreterSetting.java[close]:529) - Close InterpreterSetting: sh
 INFO [2021-07-28 15:15:14,254] ({elasticsearch-close} InterpreterSetting.java[close]:529) - Close InterpreterSetting: elasticsearch
 INFO [2021-07-28 15:15:14,254] ({Thread-11} NotebookRepoSync.java[close]:460) - Closing all notebook storages
 INFO [2021-07-28 15:15:14,260] ({spark-close} InterpreterSetting.java[close]:529) - Close InterpreterSetting: spark
 INFO [2021-07-28 15:15:14,259] ({md-close} InterpreterSetting.java[close]:529) - Close InterpreterSetting: md
 INFO [2021-07-28 15:15:14,270] ({hazelcastjet-close} InterpreterSetting.java[close]:529) - Close InterpreterSetting: hazelcastjet
 INFO [2021-07-28 15:15:14,273] ({Thread-11} SLF4JLogger.java[info]:71) - Closed connection [connectionId{localValue:2, serverValue:12}] to mongo:27017 because the pool has been closed.
 INFO [2021-07-28 15:15:14,271] ({alluxio-close} InterpreterSetting.java[close]:529) - Close InterpreterSetting: alluxio
 INFO [2021-07-28 15:15:14,292] ({kylin-close} InterpreterSetting.java[close]:529) - Close InterpreterSetting: kylin
 INFO [2021-07-28 15:15:14,289] ({sparql-close} InterpreterSetting.java[close]:529) - Close InterpreterSetting: sparql
 INFO [2021-07-28 15:15:14,288] ({cassandra-close} InterpreterSetting.java[close]:529) - Close InterpreterSetting: cassandra
 INFO [2021-07-28 15:15:14,288] ({groovy-close} InterpreterSetting.java[close]:529) - Close InterpreterSetting: groovy
 INFO [2021-07-28 15:15:14,286] ({neo4j-close} InterpreterSetting.java[close]:529) - Close InterpreterSetting: neo4j
 INFO [2021-07-28 15:15:14,286] ({r-close} InterpreterSetting.java[close]:529) - Close InterpreterSetting: r
 INFO [2021-07-28 15:15:14,285] ({livy-close} InterpreterSetting.java[close]:529) - Close InterpreterSetting: livy
 INFO [2021-07-28 15:15:14,285] ({ksql-close} InterpreterSetting.java[close]:529) - Close InterpreterSetting: ksql
 INFO [2021-07-28 15:15:14,284] ({flink-close} InterpreterSetting.java[close]:529) - Close InterpreterSetting: flink
 INFO [2021-07-28 15:15:14,284] ({angular-close} InterpreterSetting.java[close]:529) - Close InterpreterSetting: angular
 INFO [2021-07-28 15:15:14,283] ({scalding-close} InterpreterSetting.java[close]:529) - Close InterpreterSetting: scalding
 INFO [2021-07-28 15:15:14,281] ({kotlin-close} InterpreterSetting.java[close]:529) - Close InterpreterSetting: kotlin
 INFO [2021-07-28 15:15:14,281] ({sap-close} InterpreterSetting.java[close]:529) - Close InterpreterSetting: sap
 INFO [2021-07-28 15:15:14,279] ({python-close} InterpreterSetting.java[close]:529) - Close InterpreterSetting: python
 INFO [2021-07-28 15:15:14,279] ({hbase-close} InterpreterSetting.java[close]:529) - Close InterpreterSetting: hbase
 INFO [2021-07-28 15:15:14,279] ({mongodb-close} InterpreterSetting.java[close]:529) - Close InterpreterSetting: mongodb
 INFO [2021-07-28 15:15:14,277] ({bigquery-close} InterpreterSetting.java[close]:529) - Close InterpreterSetting: bigquery
 INFO [2021-07-28 15:15:17,322] ({Thread-11} ZeppelinServer.java[lambda$shutdown$0]:329) - Bye
 INFO [2021-07-28 15:15:56,268] ({main} ZeppelinConfiguration.java[create]:172) - Load configuration from file:/opt/zeppelin/conf/zeppelin-site.xml
 INFO [2021-07-28 15:15:56,401] ({main} ZeppelinConfiguration.java[create]:180) - Server Host: 0.0.0.0
 INFO [2021-07-28 15:15:56,402] ({main} ZeppelinConfiguration.java[create]:182) - Server Port: 8080
 INFO [2021-07-28 15:15:56,403] ({main} ZeppelinConfiguration.java[create]:186) - Context Path: /
 INFO [2021-07-28 15:15:56,404] ({main} ZeppelinConfiguration.java[create]:187) - Zeppelin Version: 0.9.0
 INFO [2021-07-28 15:15:56,443] ({main} Log.java[initialized]:169) - Logging initialized @933ms to org.eclipse.jetty.util.log.Slf4jLog
 WARN [2021-07-28 15:15:57,197] ({main} ZeppelinConfiguration.java[getConfigFSDir]:694) - zeppelin.config.fs.dir is not specified, fall back to local conf directory zeppelin.conf.dir
 WARN [2021-07-28 15:15:57,202] ({main} ZeppelinConfiguration.java[getConfigFSDir]:694) - zeppelin.config.fs.dir is not specified, fall back to local conf directory zeppelin.conf.dir
 WARN [2021-07-28 15:15:57,205] ({main} ZeppelinConfiguration.java[getConfigFSDir]:694) - zeppelin.config.fs.dir is not specified, fall back to local conf directory zeppelin.conf.dir
 WARN [2021-07-28 15:15:57,311] ({main} LocalConfigStorage.java[loadCredentials]:88) - Credential file /opt/zeppelin/conf/credentials.json is not existed
 INFO [2021-07-28 15:15:57,404] ({ImmediateThread-1627485357179} PluginManager.java[loadNotebookRepo]:78) - Loading NotebookRepo Plugin: org.apache.zeppelin.notebook.repo.MongoNotebookRepo
 INFO [2021-07-28 15:15:57,509] ({main} ZeppelinServer.java[setupWebAppContext]:575) - warPath is: /opt/zeppelin/zeppelin-web-0.9.0.war
 INFO [2021-07-28 15:15:57,512] ({main} ZeppelinServer.java[setupWebAppContext]:588) - ZeppelinServer Webapp path: /opt/zeppelin/webapps
 INFO [2021-07-28 15:15:57,585] ({main} ZeppelinServer.java[setupWebAppContext]:575) - warPath is: /opt/zeppelin/zeppelin-web-angular-0.9.0.war
 INFO [2021-07-28 15:15:57,587] ({main} ZeppelinServer.java[setupWebAppContext]:588) - ZeppelinServer Webapp path: /opt/zeppelin/webapps/next
 INFO [2021-07-28 15:15:57,691] ({main} NotebookServer.java[<init>]:157) - NotebookServer instantiated: org.apache.zeppelin.socket.NotebookServer@209da20d
 INFO [2021-07-28 15:15:57,697] ({main} NotebookServer.java[setNotebook]:168) - Injected NotebookProvider
 INFO [2021-07-28 15:15:57,699] ({main} NotebookServer.java[setServiceLocator]:162) - Injected ServiceLocator: ServiceLocatorImpl(shared-locator,0,1279309678)
 INFO [2021-07-28 15:15:57,700] ({main} NotebookServer.java[setNotebookService]:175) - Injected NotebookServiceProvider
 INFO [2021-07-28 15:15:57,702] ({main} NotebookServer.java[setAuthorizationServiceProvider]:182) - Injected NotebookAuthorizationServiceProvider
 INFO [2021-07-28 15:15:57,703] ({main} NotebookServer.java[setConnectionManagerProvider]:188) - Injected ConnectionManagerProvider
 INFO [2021-07-28 15:15:57,707] ({main} ZeppelinServer.java[setupClusterManagerServer]:465) - Cluster mode is disabled
 INFO [2021-07-28 15:15:57,708] ({main} ZeppelinServer.java[main]:249) - Starting zeppelin server
 INFO [2021-07-28 15:15:57,713] ({main} Server.java[doStart]:360) - jetty-9.4.31.v20200723; built: 2020-07-23T17:57:36.812Z; git: 450ba27947e13e66baa8cd1ce7e85a4461cacc1d; jvm 1.8.0_282-8u282-b08-0ubuntu1~20.04-b08
 INFO [2021-07-28 15:15:57,968] ({main} StandardDescriptorProcessor.java[visitServlet]:276) - NO JSP Support for /, did not find org.eclipse.jetty.jsp.JettyJspServlet
 INFO [2021-07-28 15:15:58,048] ({main} DefaultSessionIdManager.java[doStart]:334) - DefaultSessionIdManager workerName=node0
 INFO [2021-07-28 15:15:58,058] ({main} DefaultSessionIdManager.java[doStart]:339) - No SessionScavenger set, using defaults
 INFO [2021-07-28 15:15:58,070] ({main} HouseKeeper.java[startScavenging]:140) - node0 Scavenging every 600000ms
 INFO [2021-07-28 15:15:58,606] ({ImmediateThread-1627485357179} SLF4JLogger.java[info]:71) - Cluster created with settings {hosts=[mongo:27017], mode=SINGLE, requiredClusterType=UNKNOWN, serverSelectionTimeout='30000 ms', maxWaitQueueSize=500}
 INFO [2021-07-28 15:15:59,022] ({ImmediateThread-1627485357179} VFSNotebookRepo.java[setNotebookDirectory]:69) - Using notebookDir: /opt/zeppelin/notebook
 INFO [2021-07-28 15:15:59,422] ({cluster-ClusterId{value='610174ae857aba0009d4bb4a', description='null'}-mongo:27017} SLF4JLogger.java[info]:71) - Opened connection [connectionId{localValue:1, serverValue:13}] to mongo:27017
 INFO [2021-07-28 15:15:59,428] ({cluster-ClusterId{value='610174ae857aba0009d4bb4a', description='null'}-mongo:27017} SLF4JLogger.java[info]:71) - Monitor thread successfully connected to server with description ServerDescription{address=mongo:27017, type=STANDALONE, state=CONNECTED, ok=true, version=ServerVersion{versionList=[5, 0, 0]}, minWireVersion=0, maxWireVersion=13, maxDocumentSize=16777216, roundTripTimeNanos=1139700}
 INFO [2021-07-28 15:15:59,690] ({ImmediateThread-1627485357179} SLF4JLogger.java[info]:71) - Opened connection [connectionId{localValue:2, serverValue:14}] to mongo:27017
 WARN [2021-07-28 15:16:00,077] ({ImmediateThread-1627485357179} MongoNotebookRepo.java[saveOrIgnore]:184) - ignore error when insert note '/Flink Tutorial/6. Batch ETL': Bulk write operation error on server mongo:27017. Write errors: [BulkWriteError{index=0, code=11000, message='E11000 duplicate key error collection: zeppelin.notes index: _id_ dup key: { _id: "2EW19CSPA" }', details={ }}]. 
 WARN [2021-07-28 15:16:00,218] ({ImmediateThread-1627485357179} MongoNotebookRepo.java[saveOrIgnore]:184) - ignore error when insert note '/Flink Tutorial/1. Flink Basics': Bulk write operation error on server mongo:27017. Write errors: [BulkWriteError{index=0, code=11000, message='E11000 duplicate key error collection: zeppelin.notes index: _id_ dup key: { _id: "2F2YS7PCE" }', details={ }}]. 
 WARN [2021-07-28 15:16:00,397] ({ImmediateThread-1627485357179} MongoNotebookRepo.java[saveOrIgnore]:184) - ignore error when insert note '/Miscellaneous Tutorial/Using Mahout': Bulk write operation error on server mongo:27017. Write errors: [BulkWriteError{index=0, code=11000, message='E11000 duplicate key error collection: zeppelin.notes index: _id_ dup key: { _id: "2BYEZ5EVK" }', details={ }}]. 
 WARN [2021-07-28 15:16:00,486] ({ImmediateThread-1627485357179} MongoNotebookRepo.java[saveOrIgnore]:184) - ignore error when insert note '/Python Tutorial/1. IPython Basic': Bulk write operation error on server mongo:27017. Write errors: [BulkWriteError{index=0, code=11000, message='E11000 duplicate key error collection: zeppelin.notes index: _id_ dup key: { _id: "2EYDJKFFY" }', details={ }}]. 
 WARN [2021-07-28 15:16:00,591] ({ImmediateThread-1627485357179} MongoNotebookRepo.java[saveOrIgnore]:184) - ignore error when insert note '/Flink Tutorial/2. Three Essential Steps for Building Flink Job': Bulk write operation error on server mongo:27017. Write errors: [BulkWriteError{index=0, code=11000, message='E11000 duplicate key error collection: zeppelin.notes index: _id_ dup key: { _id: "2F7SKEHPA" }', details={ }}]. 
 WARN [2021-07-28 15:16:00,623] ({ImmediateThread-1627485357179} MongoNotebookRepo.java[saveOrIgnore]:184) - ignore error when insert note '/R Tutorial/2. Shiny App': Bulk write operation error on server mongo:27017. Write errors: [BulkWriteError{index=0, code=11000, message='E11000 duplicate key error collection: zeppelin.notes index: _id_ dup key: { _id: "2EZ66TM57" }', details={ }}]. 
 WARN [2021-07-28 15:16:00,715] ({ImmediateThread-1627485357179} MongoNotebookRepo.java[saveOrIgnore]:184) - ignore error when insert note '/Spark Tutorial/1. Spark Interpreter Introduction': Bulk write operation error on server mongo:27017. Write errors: [BulkWriteError{index=0, code=11000, message='E11000 duplicate key error collection: zeppelin.notes index: _id_ dup key: { _id: "2F8KN6TKK" }', details={ }}]. 
 WARN [2021-07-28 15:16:00,753] ({ImmediateThread-1627485357179} MongoNotebookRepo.java[saveOrIgnore]:184) - ignore error when insert note '/Flink Tutorial/5. Streaming Data Analytics': Bulk write operation error on server mongo:27017. Write errors: [BulkWriteError{index=0, code=11000, message='E11000 duplicate key error collection: zeppelin.notes index: _id_ dup key: { _id: "2EYT7Q6R8" }', details={ }}]. 
 WARN [2021-07-28 15:16:00,810] ({ImmediateThread-1627485357179} MongoNotebookRepo.java[saveOrIgnore]:184) - ignore error when insert note '/Miscellaneous Tutorial/Using Pig for querying data': Bulk write operation error on server mongo:27017. Write errors: [BulkWriteError{index=0, code=11000, message='E11000 duplicate key error collection: zeppelin.notes index: _id_ dup key: { _id: "2C57UKYWR" }', details={ }}]. 
 WARN [2021-07-28 15:16:00,878] ({ImmediateThread-1627485357179} MongoNotebookRepo.java[saveOrIgnore]:184) - ignore error when insert note '/Flink Tutorial/8. Logistic Regression (Alink)': Bulk write operation error on server mongo:27017. Write errors: [BulkWriteError{index=0, code=11000, message='E11000 duplicate key error collection: zeppelin.notes index: _id_ dup key: { _id: "2F4HJNWVN" }', details={ }}]. 
 WARN [2021-07-28 15:16:00,925] ({ImmediateThread-1627485357179} MongoNotebookRepo.java[saveOrIgnore]:184) - ignore error when insert note '/Flink Tutorial/4. Streaming ETL': Bulk write operation error on server mongo:27017. Write errors: [BulkWriteError{index=0, code=11000, message='E11000 duplicate key error collection: zeppelin.notes index: _id_ dup key: { _id: "2EYD56B9B" }', details={ }}]. 
 WARN [2021-07-28 15:16:00,979] ({ImmediateThread-1627485357179} MongoNotebookRepo.java[saveOrIgnore]:184) - ignore error when insert note '/Flink Tutorial/3. Flink Job Control Tutorial': Bulk write operation error on server mongo:27017. Write errors: [BulkWriteError{index=0, code=11000, message='E11000 duplicate key error collection: zeppelin.notes index: _id_ dup key: { _id: "2F5RKHCDV" }', details={ }}]. 
 WARN [2021-07-28 15:16:01,037] ({ImmediateThread-1627485357179} MongoNotebookRepo.java[saveOrIgnore]:184) - ignore error when insert note '/Spark Tutorial/7. Spark Delta Lake Tutorial': Bulk write operation error on server mongo:27017. Write errors: [BulkWriteError{index=0, code=11000, message='E11000 duplicate key error collection: zeppelin.notes index: _id_ dup key: { _id: "2F8VDBMMT" }', details={ }}]. 
 INFO [2021-07-28 15:16:01,052] ({main} ContextHandler.java[doStart]:860) - Started o.e.j.w.WebAppContext@3972a855{zeppelin-web,/,jar:file:///opt/zeppelin/zeppelin-web-0.9.0.war!/,AVAILABLE}{/opt/zeppelin/zeppelin-web-0.9.0.war}
 INFO [2021-07-28 15:16:01,084] ({main} StandardDescriptorProcessor.java[visitServlet]:276) - NO JSP Support for /next, did not find org.eclipse.jetty.jsp.JettyJspServlet
 WARN [2021-07-28 15:16:01,159] ({ImmediateThread-1627485357179} MongoNotebookRepo.java[saveOrIgnore]:184) - ignore error when insert note '/Spark Tutorial/3. Spark SQL (PySpark)': Bulk write operation error on server mongo:27017. Write errors: [BulkWriteError{index=0, code=11000, message='E11000 duplicate key error collection: zeppelin.notes index: _id_ dup key: { _id: "2EWM84JXA" }', details={ }}]. 
 WARN [2021-07-28 15:16:01,222] ({ImmediateThread-1627485357179} MongoNotebookRepo.java[saveOrIgnore]:184) - ignore error when insert note '/Spark Tutorial/4. Spark MlLib': Bulk write operation error on server mongo:27017. Write errors: [BulkWriteError{index=0, code=11000, message='E11000 duplicate key error collection: zeppelin.notes index: _id_ dup key: { _id: "2EZFM3GJA" }', details={ }}]. 
 WARN [2021-07-28 15:16:01,309] ({ImmediateThread-1627485357179} MongoNotebookRepo.java[saveOrIgnore]:184) - ignore error when insert note '/Python Tutorial/3. Keras Binary Classification (IMDB)': Bulk write operation error on server mongo:27017. Write errors: [BulkWriteError{index=0, code=11000, message='E11000 duplicate key error collection: zeppelin.notes index: _id_ dup key: { _id: "2F2AVWJ77" }', details={ }}]. 
 WARN [2021-07-28 15:16:01,365] ({ImmediateThread-1627485357179} MongoNotebookRepo.java[saveOrIgnore]:184) - ignore error when insert note '/Flink Tutorial/7. Batch Data Analytics': Bulk write operation error on server mongo:27017. Write errors: [BulkWriteError{index=0, code=11000, message='E11000 duplicate key error collection: zeppelin.notes index: _id_ dup key: { _id: "2EZ9G3JJU" }', details={ }}]. 
 WARN [2021-07-28 15:16:01,524] ({ImmediateThread-1627485357179} MongoNotebookRepo.java[saveOrIgnore]:184) - ignore error when insert note '/Python Tutorial/2. IPython Visualization Tutorial': Bulk write operation error on server mongo:27017. Write errors: [BulkWriteError{index=0, code=11000, message='E11000 duplicate key error collection: zeppelin.notes index: _id_ dup key: { _id: "2F1S9ZY8Z" }', details={ }}]. 
 WARN [2021-07-28 15:16:01,583] ({ImmediateThread-1627485357179} MongoNotebookRepo.java[saveOrIgnore]:184) - ignore error when insert note '/R Tutorial/1. R Basics': Bulk write operation error on server mongo:27017. Write errors: [BulkWriteError{index=0, code=11000, message='E11000 duplicate key error collection: zeppelin.notes index: _id_ dup key: { _id: "2BWJFTXKJ" }', details={ }}]. 
 WARN [2021-07-28 15:16:01,611] ({ImmediateThread-1627485357179} MongoNotebookRepo.java[saveOrIgnore]:184) - ignore error when insert note '/Spark Tutorial/6. SparkR Shiny App': Bulk write operation error on server mongo:27017. Write errors: [BulkWriteError{index=0, code=11000, message='E11000 duplicate key error collection: zeppelin.notes index: _id_ dup key: { _id: "2F1CHQ4TT" }', details={ }}]. 
 WARN [2021-07-28 15:16:01,727] ({ImmediateThread-1627485357179} MongoNotebookRepo.java[saveOrIgnore]:184) - ignore error when insert note '/Spark Tutorial/5. SparkR Basics': Bulk write operation error on server mongo:27017. Write errors: [BulkWriteError{index=0, code=11000, message='E11000 duplicate key error collection: zeppelin.notes index: _id_ dup key: { _id: "2BWJFTXKM" }', details={ }}]. 
 INFO [2021-07-28 15:16:01,739] ({main} ContextHandler.java[doStart]:860) - Started o.e.j.w.WebAppContext@2e222612{zeppelin-web-angular,/next,jar:file:///opt/zeppelin/zeppelin-web-angular-0.9.0.war!/,AVAILABLE}{/opt/zeppelin/zeppelin-web-angular-0.9.0.war}
 WARN [2021-07-28 15:16:01,771] ({ImmediateThread-1627485357179} MongoNotebookRepo.java[saveOrIgnore]:184) - ignore error when insert note '/Python Tutorial/4. Matplotlib (Python, PySpark)': Bulk write operation error on server mongo:27017. Write errors: [BulkWriteError{index=0, code=11000, message='E11000 duplicate key error collection: zeppelin.notes index: _id_ dup key: { _id: "2C2AUG798" }', details={ }}]. 
 WARN [2021-07-28 15:16:01,796] ({ImmediateThread-1627485357179} MongoNotebookRepo.java[saveOrIgnore]:184) - ignore error when insert note '/Spark Tutorial/2. Spark Basic Features': Bulk write operation error on server mongo:27017. Write errors: [BulkWriteError{index=0, code=11000, message='E11000 duplicate key error collection: zeppelin.notes index: _id_ dup key: { _id: "2A94M5J1Z" }', details={ }}]. 
 INFO [2021-07-28 15:16:01,816] ({main} AbstractConnector.java[doStart]:331) - Started ServerConnector@44c8afef{HTTP/1.1, (http/1.1)}{0.0.0.0:8080}
 INFO [2021-07-28 15:16:01,818] ({main} Server.java[doStart]:400) - Started @6315ms
 WARN [2021-07-28 15:16:01,849] ({ImmediateThread-1627485357179} MongoNotebookRepo.java[saveOrIgnore]:184) - ignore error when insert note '/Spark Tutorial/3. Spark SQL (Scala)': Bulk write operation error on server mongo:27017. Write errors: [BulkWriteError{index=0, code=11000, message='E11000 duplicate key error collection: zeppelin.notes index: _id_ dup key: { _id: "2EYUV26VR" }', details={ }}]. 
 INFO [2021-07-28 15:16:06,821] ({main} ZeppelinServer.java[main]:263) - Done, zeppelin server started
 INFO [2021-07-28 15:16:06,866] ({main} LocalConfigStorage.java[loadNotebookAuthorization]:80) - Load notebook authorization from file: /opt/zeppelin/conf/notebook-authorization.json
 INFO [2021-07-28 15:16:07,132] ({Thread-12} RemoteInterpreterEventServer.java[run]:105) - InterpreterEventServer is starting at 172.19.0.3:40015
 INFO [2021-07-28 15:16:07,627] ({main} RemoteInterpreterEventServer.java[start]:133) - RemoteInterpreterEventServer is started
 INFO [2021-07-28 15:16:07,634] ({main} InterpreterSettingManager.java[<init>]:197) - Using RecoveryStorage: org.apache.zeppelin.interpreter.recovery.NullRecoveryStorage
 INFO [2021-07-28 15:16:07,653] ({main} InterpreterSettingManager.java[registerInterpreterSetting]:540) - Register InterpreterSettingTemplate: file
 INFO [2021-07-28 15:16:07,655] ({main} InterpreterSettingManager.java[registerInterpreterSetting]:540) - Register InterpreterSettingTemplate: alluxio
 INFO [2021-07-28 15:16:07,657] ({main} InterpreterSettingManager.java[registerInterpreterSetting]:540) - Register InterpreterSettingTemplate: lens
 INFO [2021-07-28 15:16:07,658] ({main} InterpreterSettingManager.java[registerInterpreterSetting]:540) - Register InterpreterSettingTemplate: jdbc
 INFO [2021-07-28 15:16:07,660] ({main} InterpreterSettingManager.java[registerInterpreterSetting]:540) - Register InterpreterSettingTemplate: bigquery
 INFO [2021-07-28 15:16:07,662] ({main} InterpreterSettingManager.java[registerInterpreterSetting]:540) - Register InterpreterSettingTemplate: scalding
 INFO [2021-07-28 15:16:07,664] ({main} InterpreterSettingManager.java[registerInterpreterSetting]:540) - Register InterpreterSettingTemplate: cassandra
 INFO [2021-07-28 15:16:07,665] ({main} InterpreterSettingManager.java[registerInterpreterSetting]:540) - Register InterpreterSettingTemplate: mongodb
 INFO [2021-07-28 15:16:07,666] ({main} InterpreterSettingManager.java[registerInterpreterSetting]:540) - Register InterpreterSettingTemplate: kylin
 INFO [2021-07-28 15:16:07,668] ({main} InterpreterSettingManager.java[registerInterpreterSetting]:540) - Register InterpreterSettingTemplate: jupyter
 INFO [2021-07-28 15:16:07,669] ({main} InterpreterSettingManager.java[registerInterpreterSetting]:540) - Register InterpreterSettingTemplate: sh
 INFO [2021-07-28 15:16:07,670] ({main} InterpreterSettingManager.java[registerInterpreterSetting]:540) - Register InterpreterSettingTemplate: angular
 INFO [2021-07-28 15:16:07,671] ({main} InterpreterSettingManager.java[registerInterpreterSetting]:540) - Register InterpreterSettingTemplate: ksql
 INFO [2021-07-28 15:16:07,672] ({main} InterpreterSettingManager.java[registerInterpreterSetting]:540) - Register InterpreterSettingTemplate: ignite
 INFO [2021-07-28 15:16:07,674] ({main} InterpreterSettingManager.java[registerInterpreterSetting]:540) - Register InterpreterSettingTemplate: hazelcastjet
 INFO [2021-07-28 15:16:07,675] ({main} InterpreterSettingManager.java[registerInterpreterSetting]:540) - Register InterpreterSettingTemplate: influxdb
 INFO [2021-07-28 15:16:07,676] ({main} InterpreterSettingManager.java[registerInterpreterSetting]:540) - Register InterpreterSettingTemplate: neo4j
 INFO [2021-07-28 15:16:07,678] ({main} InterpreterSettingManager.java[registerInterpreterSetting]:540) - Register InterpreterSettingTemplate: kotlin
 INFO [2021-07-28 15:16:07,679] ({main} InterpreterSettingManager.java[registerInterpreterSetting]:540) - Register InterpreterSettingTemplate: java
 INFO [2021-07-28 15:16:07,681] ({main} InterpreterSettingManager.java[registerInterpreterSetting]:540) - Register InterpreterSettingTemplate: spark
 INFO [2021-07-28 15:16:07,682] ({main} InterpreterSettingManager.java[registerInterpreterSetting]:540) - Register InterpreterSettingTemplate: python
 INFO [2021-07-28 15:16:07,684] ({main} InterpreterSettingManager.java[registerInterpreterSetting]:540) - Register InterpreterSettingTemplate: sparql
 INFO [2021-07-28 15:16:07,686] ({main} InterpreterSettingManager.java[registerInterpreterSetting]:540) - Register InterpreterSettingTemplate: groovy
 INFO [2021-07-28 15:16:07,687] ({main} InterpreterSettingManager.java[registerInterpreterSetting]:540) - Register InterpreterSettingTemplate: submarine
 INFO [2021-07-28 15:16:07,689] ({main} InterpreterSettingManager.java[registerInterpreterSetting]:540) - Register InterpreterSettingTemplate: hbase
 INFO [2021-07-28 15:16:07,690] ({main} InterpreterSettingManager.java[registerInterpreterSetting]:540) - Register InterpreterSettingTemplate: elasticsearch
 INFO [2021-07-28 15:16:07,692] ({main} InterpreterSettingManager.java[registerInterpreterSetting]:540) - Register InterpreterSettingTemplate: livy
 WARN [2021-07-28 15:16:07,711] ({main} InterpreterSettingManager.java[loadInterpreterSettingFromDefaultDir]:437) - No interpreter-setting.json found in /opt/zeppelin/interpreter/scio
 INFO [2021-07-28 15:16:07,713] ({main} InterpreterSettingManager.java[registerInterpreterSetting]:540) - Register InterpreterSettingTemplate: flink
 INFO [2021-07-28 15:16:07,714] ({main} InterpreterSettingManager.java[registerInterpreterSetting]:540) - Register InterpreterSettingTemplate: beam
 INFO [2021-07-28 15:16:07,716] ({main} InterpreterSettingManager.java[registerInterpreterSetting]:540) - Register InterpreterSettingTemplate: md
 INFO [2021-07-28 15:16:07,718] ({main} InterpreterSettingManager.java[registerInterpreterSetting]:540) - Register InterpreterSettingTemplate: sap
 INFO [2021-07-28 15:16:07,720] ({main} InterpreterSettingManager.java[registerInterpreterSetting]:540) - Register InterpreterSettingTemplate: r
 INFO [2021-07-28 15:16:07,721] ({main} InterpreterSettingManager.java[registerInterpreterSetting]:540) - Register InterpreterSettingTemplate: geode
 INFO [2021-07-28 15:16:07,722] ({main} InterpreterSettingManager.java[registerInterpreterSetting]:540) - Register InterpreterSettingTemplate: pig
 INFO [2021-07-28 15:16:07,723] ({main} LocalConfigStorage.java[loadInterpreterSettings]:63) - Load Interpreter Setting from file: /opt/zeppelin/conf/interpreter.json
 INFO [2021-07-28 15:16:07,746] ({main} InterpreterSettingManager.java[loadFromFile]:294) - Create interpreter setting ignite from interpreter.json
 INFO [2021-07-28 15:16:07,750] ({main} InterpreterSettingManager.java[loadFromFile]:294) - Create interpreter setting beam from interpreter.json
 INFO [2021-07-28 15:16:07,751] ({main} InterpreterSettingManager.java[loadFromFile]:294) - Create interpreter setting geode from interpreter.json
 INFO [2021-07-28 15:16:07,753] ({main} InterpreterSettingManager.java[loadFromFile]:294) - Create interpreter setting jdbc from interpreter.json
 INFO [2021-07-28 15:16:07,754] ({main} InterpreterSettingManager.java[loadFromFile]:294) - Create interpreter setting lens from interpreter.json
 INFO [2021-07-28 15:16:07,755] ({main} InterpreterSettingManager.java[loadFromFile]:294) - Create interpreter setting influxdb from interpreter.json
 INFO [2021-07-28 15:16:07,759] ({main} InterpreterSettingManager.java[loadFromFile]:294) - Create interpreter setting pig from interpreter.json
 INFO [2021-07-28 15:16:07,761] ({main} InterpreterSettingManager.java[loadFromFile]:294) - Create interpreter setting java from interpreter.json
 INFO [2021-07-28 15:16:07,768] ({main} InterpreterSettingManager.java[loadFromFile]:294) - Create interpreter setting jupyter from interpreter.json
 INFO [2021-07-28 15:16:07,771] ({main} InterpreterSettingManager.java[loadFromFile]:294) - Create interpreter setting file from interpreter.json
 INFO [2021-07-28 15:16:07,773] ({main} InterpreterSettingManager.java[loadFromFile]:294) - Create interpreter setting submarine from interpreter.json
 INFO [2021-07-28 15:16:07,775] ({main} InterpreterSettingManager.java[loadFromFile]:294) - Create interpreter setting elasticsearch from interpreter.json
 INFO [2021-07-28 15:16:07,777] ({main} InterpreterSettingManager.java[loadFromFile]:294) - Create interpreter setting sh from interpreter.json
 INFO [2021-07-28 15:16:07,778] ({main} InterpreterSettingManager.java[loadFromFile]:294) - Create interpreter setting spark from interpreter.json
 INFO [2021-07-28 15:16:07,779] ({main} InterpreterSettingManager.java[loadFromFile]:294) - Create interpreter setting md from interpreter.json
 INFO [2021-07-28 15:16:07,780] ({main} InterpreterSettingManager.java[loadFromFile]:294) - Create interpreter setting hazelcastjet from interpreter.json
 INFO [2021-07-28 15:16:07,784] ({main} InterpreterSettingManager.java[loadFromFile]:294) - Create interpreter setting alluxio from interpreter.json
 INFO [2021-07-28 15:16:07,785] ({main} InterpreterSettingManager.java[loadFromFile]:294) - Create interpreter setting bigquery from interpreter.json
 INFO [2021-07-28 15:16:07,786] ({main} InterpreterSettingManager.java[loadFromFile]:294) - Create interpreter setting mongodb from interpreter.json
 INFO [2021-07-28 15:16:07,787] ({main} InterpreterSettingManager.java[loadFromFile]:294) - Create interpreter setting hbase from interpreter.json
 INFO [2021-07-28 15:16:07,788] ({main} InterpreterSettingManager.java[loadFromFile]:294) - Create interpreter setting python from interpreter.json
 INFO [2021-07-28 15:16:07,789] ({main} InterpreterSettingManager.java[loadFromFile]:294) - Create interpreter setting sap from interpreter.json
 INFO [2021-07-28 15:16:07,790] ({main} InterpreterSettingManager.java[loadFromFile]:294) - Create interpreter setting kotlin from interpreter.json
 INFO [2021-07-28 15:16:07,790] ({main} InterpreterSettingManager.java[loadFromFile]:294) - Create interpreter setting scalding from interpreter.json
 INFO [2021-07-28 15:16:07,792] ({main} InterpreterSettingManager.java[loadFromFile]:294) - Create interpreter setting flink from interpreter.json
 INFO [2021-07-28 15:16:07,793] ({main} InterpreterSettingManager.java[loadFromFile]:294) - Create interpreter setting angular from interpreter.json
 INFO [2021-07-28 15:16:07,794] ({main} InterpreterSettingManager.java[loadFromFile]:294) - Create interpreter setting ksql from interpreter.json
 INFO [2021-07-28 15:16:07,795] ({main} InterpreterSettingManager.java[loadFromFile]:294) - Create interpreter setting livy from interpreter.json
 INFO [2021-07-28 15:16:07,796] ({main} InterpreterSettingManager.java[loadFromFile]:294) - Create interpreter setting r from interpreter.json
 INFO [2021-07-28 15:16:07,796] ({main} InterpreterSettingManager.java[loadFromFile]:294) - Create interpreter setting neo4j from interpreter.json
 INFO [2021-07-28 15:16:07,798] ({main} InterpreterSettingManager.java[loadFromFile]:294) - Create interpreter setting groovy from interpreter.json
 INFO [2021-07-28 15:16:07,799] ({main} InterpreterSettingManager.java[loadFromFile]:294) - Create interpreter setting cassandra from interpreter.json
 INFO [2021-07-28 15:16:07,800] ({main} InterpreterSettingManager.java[loadFromFile]:294) - Create interpreter setting sparql from interpreter.json
 INFO [2021-07-28 15:16:07,801] ({main} InterpreterSettingManager.java[loadFromFile]:294) - Create interpreter setting kylin from interpreter.json
 INFO [2021-07-28 15:16:07,807] ({main} InterpreterSetting.java[setStatus]:734) - Set interpreter mongodb status to DOWNLOADING_DEPENDENCIES
 INFO [2021-07-28 15:16:07,830] ({main} LocalConfigStorage.java[save]:53) - Save Interpreter Setting to /opt/zeppelin/conf/interpreter.json
 INFO [2021-07-28 15:16:07,855] ({Thread-13} InterpreterSetting.java[run]:964) - Start to download dependencies for interpreter: mongodb
 INFO [2021-07-28 15:16:08,264] ({LuceneSearch-RebuildIndex-Thread} LuceneSearch.java[lambda$startRebuildIndex$1]:399) - Starting rebuild index
 INFO [2021-07-28 15:16:08,497] ({Thread-13} InterpreterSetting.java[run]:977) - Finish downloading dependencies for interpreter: mongodb
 INFO [2021-07-28 15:16:08,499] ({Thread-13} InterpreterSetting.java[setStatus]:734) - Set interpreter mongodb status to READY
 INFO [2021-07-28 15:16:08,500] ({Thread-13} LocalConfigStorage.java[save]:53) - Save Interpreter Setting to /opt/zeppelin/conf/interpreter.json
 INFO [2021-07-28 15:16:11,017] ({LuceneSearch-RebuildIndex-Thread} LuceneSearch.java[lambda$startRebuildIndex$1]:404) - Finish rebuild index
 INFO [2021-07-28 15:17:20,093] ({Thread-11} ZeppelinServer.java[lambda$shutdown$0]:314) - Shutting down Zeppelin Server ... 
 INFO [2021-07-28 15:17:20,105] ({Thread-11} AbstractConnector.java[doStop]:381) - Stopped ServerConnector@44c8afef{HTTP/1.1, (http/1.1)}{0.0.0.0:8080}
 INFO [2021-07-28 15:17:20,108] ({Thread-11} HouseKeeper.java[stopScavenging]:158) - node0 Stopped scavenging
 INFO [2021-07-28 15:17:20,162] ({Thread-11} ContextHandler.java[doStop]:1099) - Stopped o.e.j.w.WebAppContext@2e222612{zeppelin-web-angular,/next,null,UNAVAILABLE}{/opt/zeppelin/zeppelin-web-angular-0.9.0.war}
 INFO [2021-07-28 15:17:20,175] ({Thread-11} ContextHandler.java[doStop]:1099) - Stopped o.e.j.w.WebAppContext@3972a855{zeppelin-web,/,null,UNAVAILABLE}{/opt/zeppelin/zeppelin-web-0.9.0.war}
 INFO [2021-07-28 15:17:20,182] ({ignite-close} InterpreterSetting.java[close]:529) - Close InterpreterSetting: ignite
 INFO [2021-07-28 15:17:20,184] ({geode-close} InterpreterSetting.java[close]:529) - Close InterpreterSetting: geode
 INFO [2021-07-28 15:17:20,184] ({ignite-close} InterpreterSetting.java[close]:529) - Close InterpreterSetting: ignite
 INFO [2021-07-28 15:17:20,184] ({beam-close} InterpreterSetting.java[close]:529) - Close InterpreterSetting: beam
 INFO [2021-07-28 15:17:20,194] ({alluxio-close} InterpreterSetting.java[close]:529) - Close InterpreterSetting: alluxio
 INFO [2021-07-28 15:17:20,210] ({hbase-close} InterpreterSetting.java[close]:529) - Close InterpreterSetting: hbase
 INFO [2021-07-28 15:17:20,194] ({hazelcastjet-close} InterpreterSetting.java[close]:529) - Close InterpreterSetting: hazelcastjet
 INFO [2021-07-28 15:17:20,193] ({md-close} InterpreterSetting.java[close]:529) - Close InterpreterSetting: md
 INFO [2021-07-28 15:17:20,193] ({spark-close} InterpreterSetting.java[close]:529) - Close InterpreterSetting: spark
 INFO [2021-07-28 15:17:20,193] ({elasticsearch-close} InterpreterSetting.java[close]:529) - Close InterpreterSetting: elasticsearch
 INFO [2021-07-28 15:17:20,193] ({sh-close} InterpreterSetting.java[close]:529) - Close InterpreterSetting: sh
 INFO [2021-07-28 15:17:20,192] ({file-close} InterpreterSetting.java[close]:529) - Close InterpreterSetting: file
 INFO [2021-07-28 15:17:20,192] ({jupyter-close} InterpreterSetting.java[close]:529) - Close InterpreterSetting: jupyter
 INFO [2021-07-28 15:17:20,191] ({java-close} InterpreterSetting.java[close]:529) - Close InterpreterSetting: java
 INFO [2021-07-28 15:17:20,191] ({pig-close} InterpreterSetting.java[close]:529) - Close InterpreterSetting: pig
 INFO [2021-07-28 15:17:20,191] ({influxdb-close} InterpreterSetting.java[close]:529) - Close InterpreterSetting: influxdb
 INFO [2021-07-28 15:17:20,190] ({lens-close} InterpreterSetting.java[close]:529) - Close InterpreterSetting: lens
 INFO [2021-07-28 15:17:20,190] ({jdbc-close} InterpreterSetting.java[close]:529) - Close InterpreterSetting: jdbc
 INFO [2021-07-28 15:17:20,185] ({geode-close} InterpreterSetting.java[close]:529) - Close InterpreterSetting: geode
 INFO [2021-07-28 15:17:20,235] ({cassandra-close} InterpreterSetting.java[close]:529) - Close InterpreterSetting: cassandra
 INFO [2021-07-28 15:17:20,235] ({neo4j-close} InterpreterSetting.java[close]:529) - Close InterpreterSetting: neo4j
 INFO [2021-07-28 15:17:20,235] ({groovy-close} InterpreterSetting.java[close]:529) - Close InterpreterSetting: groovy
 INFO [2021-07-28 15:17:20,234] ({r-close} InterpreterSetting.java[close]:529) - Close InterpreterSetting: r
 INFO [2021-07-28 15:17:20,233] ({livy-close} InterpreterSetting.java[close]:529) - Close InterpreterSetting: livy
 INFO [2021-07-28 15:17:20,233] ({ksql-close} InterpreterSetting.java[close]:529) - Close InterpreterSetting: ksql
 INFO [2021-07-28 15:17:20,233] ({angular-close} InterpreterSetting.java[close]:529) - Close InterpreterSetting: angular
 INFO [2021-07-28 15:17:20,248] ({sparql-close} InterpreterSetting.java[close]:529) - Close InterpreterSetting: sparql
 INFO [2021-07-28 15:17:20,232] ({flink-close} InterpreterSetting.java[close]:529) - Close InterpreterSetting: flink
 INFO [2021-07-28 15:17:20,232] ({scalding-close} InterpreterSetting.java[close]:529) - Close InterpreterSetting: scalding
 INFO [2021-07-28 15:17:20,232] ({kotlin-close} InterpreterSetting.java[close]:529) - Close InterpreterSetting: kotlin
 INFO [2021-07-28 15:17:20,232] ({sap-close} InterpreterSetting.java[close]:529) - Close InterpreterSetting: sap
 INFO [2021-07-28 15:17:20,231] ({python-close} InterpreterSetting.java[close]:529) - Close InterpreterSetting: python
 INFO [2021-07-28 15:17:20,231] ({hbase-close} InterpreterSetting.java[close]:529) - Close InterpreterSetting: hbase
 INFO [2021-07-28 15:17:20,231] ({mongodb-close} InterpreterSetting.java[close]:529) - Close InterpreterSetting: mongodb
 INFO [2021-07-28 15:17:20,231] ({bigquery-close} InterpreterSetting.java[close]:529) - Close InterpreterSetting: bigquery
 INFO [2021-07-28 15:17:20,230] ({alluxio-close} InterpreterSetting.java[close]:529) - Close InterpreterSetting: alluxio
 INFO [2021-07-28 15:17:20,230] ({hazelcastjet-close} InterpreterSetting.java[close]:529) - Close InterpreterSetting: hazelcastjet
 INFO [2021-07-28 15:17:20,229] ({md-close} InterpreterSetting.java[close]:529) - Close InterpreterSetting: md
 INFO [2021-07-28 15:17:20,223] ({submarine-close} InterpreterSetting.java[close]:529) - Close InterpreterSetting: submarine
 INFO [2021-07-28 15:17:20,223] ({spark-close} InterpreterSetting.java[close]:529) - Close InterpreterSetting: spark
 INFO [2021-07-28 15:17:20,223] ({sh-close} InterpreterSetting.java[close]:529) - Close InterpreterSetting: sh
 INFO [2021-07-28 15:17:20,222] ({elasticsearch-close} InterpreterSetting.java[close]:529) - Close InterpreterSetting: elasticsearch
 INFO [2021-07-28 15:17:20,219] ({jupyter-close} InterpreterSetting.java[close]:529) - Close InterpreterSetting: jupyter
 INFO [2021-07-28 15:17:20,219] ({file-close} InterpreterSetting.java[close]:529) - Close InterpreterSetting: file
 INFO [2021-07-28 15:17:20,218] ({java-close} InterpreterSetting.java[close]:529) - Close InterpreterSetting: java
 INFO [2021-07-28 15:17:20,212] ({pig-close} InterpreterSetting.java[close]:529) - Close InterpreterSetting: pig
 INFO [2021-07-28 15:17:20,211] ({influxdb-close} InterpreterSetting.java[close]:529) - Close InterpreterSetting: influxdb
 INFO [2021-07-28 15:17:20,210] ({lens-close} InterpreterSetting.java[close]:529) - Close InterpreterSetting: lens
 INFO [2021-07-28 15:17:20,210] ({mongodb-close} InterpreterSetting.java[close]:529) - Close InterpreterSetting: mongodb
 INFO [2021-07-28 15:17:20,210] ({beam-close} InterpreterSetting.java[close]:529) - Close InterpreterSetting: beam
 INFO [2021-07-28 15:17:20,210] ({python-close} InterpreterSetting.java[close]:529) - Close InterpreterSetting: python
 INFO [2021-07-28 15:17:20,210] ({sap-close} InterpreterSetting.java[close]:529) - Close InterpreterSetting: sap
 INFO [2021-07-28 15:17:20,210] ({submarine-close} InterpreterSetting.java[close]:529) - Close InterpreterSetting: submarine
 INFO [2021-07-28 15:17:20,210] ({kotlin-close} InterpreterSetting.java[close]:529) - Close InterpreterSetting: kotlin
 INFO [2021-07-28 15:17:20,209] ({scalding-close} InterpreterSetting.java[close]:529) - Close InterpreterSetting: scalding
 INFO [2021-07-28 15:17:20,208] ({flink-close} InterpreterSetting.java[close]:529) - Close InterpreterSetting: flink
 INFO [2021-07-28 15:17:20,208] ({angular-close} InterpreterSetting.java[close]:529) - Close InterpreterSetting: angular
 INFO [2021-07-28 15:17:20,208] ({ksql-close} InterpreterSetting.java[close]:529) - Close InterpreterSetting: ksql
 INFO [2021-07-28 15:17:20,208] ({neo4j-close} InterpreterSetting.java[close]:529) - Close InterpreterSetting: neo4j
 INFO [2021-07-28 15:17:20,208] ({livy-close} InterpreterSetting.java[close]:529) - Close InterpreterSetting: livy
 INFO [2021-07-28 15:17:20,208] ({r-close} InterpreterSetting.java[close]:529) - Close InterpreterSetting: r
 INFO [2021-07-28 15:17:20,208] ({groovy-close} InterpreterSetting.java[close]:529) - Close InterpreterSetting: groovy
 INFO [2021-07-28 15:17:20,208] ({cassandra-close} InterpreterSetting.java[close]:529) - Close InterpreterSetting: cassandra
 INFO [2021-07-28 15:17:20,208] ({jdbc-close} InterpreterSetting.java[close]:529) - Close InterpreterSetting: jdbc
 INFO [2021-07-28 15:17:20,208] ({kylin-close} InterpreterSetting.java[close]:529) - Close InterpreterSetting: kylin
 INFO [2021-07-28 15:17:20,208] ({sparql-close} InterpreterSetting.java[close]:529) - Close InterpreterSetting: sparql
 INFO [2021-07-28 15:17:20,208] ({bigquery-close} InterpreterSetting.java[close]:529) - Close InterpreterSetting: bigquery
 INFO [2021-07-28 15:17:20,249] ({kylin-close} InterpreterSetting.java[close]:529) - Close InterpreterSetting: kylin
 INFO [2021-07-28 15:17:20,292] ({Thread-11} NotebookRepoSync.java[close]:460) - Closing all notebook storages
 INFO [2021-07-28 15:17:20,297] ({Thread-11} SLF4JLogger.java[info]:71) - Closed connection [connectionId{localValue:2, serverValue:14}] to mongo:27017 because the pool has been closed.
 INFO [2021-07-28 15:17:23,274] ({Thread-11} ZeppelinServer.java[lambda$shutdown$0]:329) - Bye
