 INFO [2021-07-20 16:18:55,617] ({RegisterThread} RemoteInterpreterServer.java[run]:595) - Start registration
 INFO [2021-07-20 16:18:55,617] ({RemoteInterpreterServer-Thread} RemoteInterpreterServer.java[run]:193) - Launching ThriftServer at 172.18.0.2:32897
 INFO [2021-07-20 16:18:56,917] ({RegisterThread} RemoteInterpreterServer.java[run]:609) - Registering interpreter process
 INFO [2021-07-20 16:18:56,944] ({RegisterThread} RemoteInterpreterServer.java[run]:611) - Registered interpreter process
 INFO [2021-07-20 16:18:56,945] ({RegisterThread} RemoteInterpreterServer.java[run]:632) - Registration finished
 INFO [2021-07-20 16:18:56,979] ({pool-2-thread-1} ZeppelinConfiguration.java[create]:172) - Load configuration from file:/opt/zeppelin/conf/zeppelin-site.xml
 INFO [2021-07-20 16:18:57,106] ({pool-2-thread-1} ZeppelinConfiguration.java[create]:180) - Server Host: 0.0.0.0
 INFO [2021-07-20 16:18:57,107] ({pool-2-thread-1} ZeppelinConfiguration.java[create]:182) - Server Port: 8080
 INFO [2021-07-20 16:18:57,108] ({pool-2-thread-1} ZeppelinConfiguration.java[create]:186) - Context Path: /
 INFO [2021-07-20 16:18:57,109] ({pool-2-thread-1} ZeppelinConfiguration.java[create]:187) - Zeppelin Version: 0.9.0
 INFO [2021-07-20 16:18:57,111] ({pool-2-thread-1} RemoteInterpreterServer.java[createLifecycleManager]:286) - Creating interpreter lifecycle manager: org.apache.zeppelin.interpreter.lifecycle.NullLifecycleManager
 INFO [2021-07-20 16:18:57,112] ({pool-2-thread-1} RemoteInterpreterServer.java[init]:229) - Creating RemoteInterpreterEventClient with connection pool size: 10
 INFO [2021-07-20 16:18:57,313] ({pool-2-thread-1} RemoteInterpreterServer.java[createInterpreter]:383) - Instantiate interpreter org.apache.zeppelin.spark.SparkInterpreter
 INFO [2021-07-20 16:18:57,320] ({pool-2-thread-1} RemoteInterpreterServer.java[createInterpreter]:383) - Instantiate interpreter org.apache.zeppelin.spark.SparkSqlInterpreter
 INFO [2021-07-20 16:18:57,329] ({pool-2-thread-1} RemoteInterpreterServer.java[createInterpreter]:383) - Instantiate interpreter org.apache.zeppelin.spark.PySparkInterpreter
 INFO [2021-07-20 16:18:57,339] ({pool-2-thread-1} RemoteInterpreterServer.java[createInterpreter]:383) - Instantiate interpreter org.apache.zeppelin.spark.IPySparkInterpreter
 INFO [2021-07-20 16:18:57,349] ({pool-2-thread-1} RemoteInterpreterServer.java[createInterpreter]:383) - Instantiate interpreter org.apache.zeppelin.spark.SparkRInterpreter
 INFO [2021-07-20 16:18:57,355] ({pool-2-thread-1} RemoteInterpreterServer.java[createInterpreter]:383) - Instantiate interpreter org.apache.zeppelin.spark.SparkIRInterpreter
 INFO [2021-07-20 16:18:57,361] ({pool-2-thread-1} RemoteInterpreterServer.java[createInterpreter]:383) - Instantiate interpreter org.apache.zeppelin.spark.SparkShinyInterpreter
 INFO [2021-07-20 16:18:57,488] ({pool-2-thread-1} RemoteInterpreterServer.java[createInterpreter]:383) - Instantiate interpreter org.apache.zeppelin.spark.KotlinSparkInterpreter
 INFO [2021-07-20 16:18:57,582] ({pool-2-thread-2} SchedulerFactory.java[<init>]:56) - Scheduler Thread Pool Size: 100
 INFO [2021-07-20 16:18:57,585] ({pool-2-thread-2} SchedulerFactory.java[createOrGetFIFOScheduler]:76) - Create FIFOScheduler: interpreter_428044769
 INFO [2021-07-20 16:18:57,600] ({FIFOScheduler-interpreter_428044769-Worker-1} AbstractScheduler.java[runJob]:127) - Job paragraph_1626797915198_1957715795 started by scheduler interpreter_428044769
 INFO [2021-07-20 16:18:58,324] ({FIFOScheduler-interpreter_428044769-Worker-1} SparkInterpreter.java[extractScalaVersion]:244) - Using Scala: version 2.11.12
 INFO [2021-07-20 16:18:58,392] ({FIFOScheduler-interpreter_428044769-Worker-1} SparkScala211Interpreter.scala[open]:62) - Scala shell repl output dir: /tmp/spark2158442258634146735
 INFO [2021-07-20 16:18:58,744] ({FIFOScheduler-interpreter_428044769-Worker-1} SparkScala211Interpreter.scala[open]:79) - UserJars: /opt/zeppelin/interpreter/spark/scala-2.11/spark-scala-2.11-0.9.0.jar
 WARN [2021-07-20 16:19:04,880] ({FIFOScheduler-interpreter_428044769-Worker-1} BaseSparkScalaInterpreter.scala[spark2CreateContext]:299) - Hive support can not be enabled because no hive-site.xml found
 INFO [2021-07-20 16:19:04,936] ({FIFOScheduler-interpreter_428044769-Worker-1} Logging.scala[logInfo]:54) - Running Spark version 2.4.5
 WARN [2021-07-20 16:19:05,232] ({FIFOScheduler-interpreter_428044769-Worker-1} NativeCodeLoader.java[<clinit>]:62) - Unable to load native-hadoop library for your platform... using builtin-java classes where applicable
 INFO [2021-07-20 16:19:05,422] ({FIFOScheduler-interpreter_428044769-Worker-1} Logging.scala[logInfo]:54) - Submitted application: e65d0fdf-20ce-4373-bd61-f3f32cb246b4
 INFO [2021-07-20 16:19:05,588] ({FIFOScheduler-interpreter_428044769-Worker-1} Logging.scala[logInfo]:54) - Changing view acls to: root
 INFO [2021-07-20 16:19:05,591] ({FIFOScheduler-interpreter_428044769-Worker-1} Logging.scala[logInfo]:54) - Changing modify acls to: root
 INFO [2021-07-20 16:19:05,593] ({FIFOScheduler-interpreter_428044769-Worker-1} Logging.scala[logInfo]:54) - Changing view acls groups to: 
 INFO [2021-07-20 16:19:05,595] ({FIFOScheduler-interpreter_428044769-Worker-1} Logging.scala[logInfo]:54) - Changing modify acls groups to: 
 INFO [2021-07-20 16:19:05,596] ({FIFOScheduler-interpreter_428044769-Worker-1} Logging.scala[logInfo]:54) - SecurityManager: authentication disabled; ui acls disabled; users  with view permissions: Set(root); groups with view permissions: Set(); users  with modify permissions: Set(root); groups with modify permissions: Set()
 INFO [2021-07-20 16:19:06,209] ({FIFOScheduler-interpreter_428044769-Worker-1} Logging.scala[logInfo]:54) - Successfully started service 'sparkDriver' on port 44965.
 INFO [2021-07-20 16:19:06,259] ({FIFOScheduler-interpreter_428044769-Worker-1} Logging.scala[logInfo]:54) - Registering MapOutputTracker
 INFO [2021-07-20 16:19:06,305] ({FIFOScheduler-interpreter_428044769-Worker-1} Logging.scala[logInfo]:54) - Registering BlockManagerMaster
 INFO [2021-07-20 16:19:06,317] ({FIFOScheduler-interpreter_428044769-Worker-1} Logging.scala[logInfo]:54) - Using org.apache.spark.storage.DefaultTopologyMapper for getting topology information
 INFO [2021-07-20 16:19:06,320] ({FIFOScheduler-interpreter_428044769-Worker-1} Logging.scala[logInfo]:54) - BlockManagerMasterEndpoint up
 INFO [2021-07-20 16:19:06,342] ({FIFOScheduler-interpreter_428044769-Worker-1} Logging.scala[logInfo]:54) - Created local directory at /tmp/blockmgr-6b13a86e-aa41-4094-a51d-46b44e832eab
 INFO [2021-07-20 16:19:06,375] ({FIFOScheduler-interpreter_428044769-Worker-1} Logging.scala[logInfo]:54) - MemoryStore started with capacity 912.3 MB
 INFO [2021-07-20 16:19:06,403] ({FIFOScheduler-interpreter_428044769-Worker-1} Logging.scala[logInfo]:54) - Registering OutputCommitCoordinator
 INFO [2021-07-20 16:19:06,562] ({FIFOScheduler-interpreter_428044769-Worker-1} Log.java[initialized]:192) - Logging initialized @11624ms
 INFO [2021-07-20 16:19:06,687] ({FIFOScheduler-interpreter_428044769-Worker-1} Server.java[doStart]:351) - jetty-9.3.z-SNAPSHOT, build timestamp: unknown, git hash: unknown
 INFO [2021-07-20 16:19:06,719] ({FIFOScheduler-interpreter_428044769-Worker-1} Server.java[doStart]:419) - Started @11781ms
 INFO [2021-07-20 16:19:06,762] ({FIFOScheduler-interpreter_428044769-Worker-1} AbstractConnector.java[doStart]:278) - Started ServerConnector@782652c1{HTTP/1.1,[http/1.1]}{0.0.0.0:4040}
 INFO [2021-07-20 16:19:06,764] ({FIFOScheduler-interpreter_428044769-Worker-1} Logging.scala[logInfo]:54) - Successfully started service 'SparkUI' on port 4040.
 INFO [2021-07-20 16:19:06,805] ({FIFOScheduler-interpreter_428044769-Worker-1} ContextHandler.java[doStart]:781) - Started o.s.j.s.ServletContextHandler@1d748546{/jobs,null,AVAILABLE,@Spark}
 INFO [2021-07-20 16:19:06,807] ({FIFOScheduler-interpreter_428044769-Worker-1} ContextHandler.java[doStart]:781) - Started o.s.j.s.ServletContextHandler@1743413b{/jobs/json,null,AVAILABLE,@Spark}
 INFO [2021-07-20 16:19:06,810] ({FIFOScheduler-interpreter_428044769-Worker-1} ContextHandler.java[doStart]:781) - Started o.s.j.s.ServletContextHandler@2595ac9{/jobs/job,null,AVAILABLE,@Spark}
 INFO [2021-07-20 16:19:06,812] ({FIFOScheduler-interpreter_428044769-Worker-1} ContextHandler.java[doStart]:781) - Started o.s.j.s.ServletContextHandler@780e27b2{/jobs/job/json,null,AVAILABLE,@Spark}
 INFO [2021-07-20 16:19:06,814] ({FIFOScheduler-interpreter_428044769-Worker-1} ContextHandler.java[doStart]:781) - Started o.s.j.s.ServletContextHandler@7549eb11{/stages,null,AVAILABLE,@Spark}
 INFO [2021-07-20 16:19:06,815] ({FIFOScheduler-interpreter_428044769-Worker-1} ContextHandler.java[doStart]:781) - Started o.s.j.s.ServletContextHandler@3d8e6863{/stages/json,null,AVAILABLE,@Spark}
 INFO [2021-07-20 16:19:06,817] ({FIFOScheduler-interpreter_428044769-Worker-1} ContextHandler.java[doStart]:781) - Started o.s.j.s.ServletContextHandler@2321d455{/stages/stage,null,AVAILABLE,@Spark}
 INFO [2021-07-20 16:19:06,820] ({FIFOScheduler-interpreter_428044769-Worker-1} ContextHandler.java[doStart]:781) - Started o.s.j.s.ServletContextHandler@5e338c00{/stages/stage/json,null,AVAILABLE,@Spark}
 INFO [2021-07-20 16:19:06,822] ({FIFOScheduler-interpreter_428044769-Worker-1} ContextHandler.java[doStart]:781) - Started o.s.j.s.ServletContextHandler@739d68ef{/stages/pool,null,AVAILABLE,@Spark}
 INFO [2021-07-20 16:19:06,824] ({FIFOScheduler-interpreter_428044769-Worker-1} ContextHandler.java[doStart]:781) - Started o.s.j.s.ServletContextHandler@3d7b85c{/stages/pool/json,null,AVAILABLE,@Spark}
 INFO [2021-07-20 16:19:06,826] ({FIFOScheduler-interpreter_428044769-Worker-1} ContextHandler.java[doStart]:781) - Started o.s.j.s.ServletContextHandler@12ee9ba8{/storage,null,AVAILABLE,@Spark}
 INFO [2021-07-20 16:19:06,828] ({FIFOScheduler-interpreter_428044769-Worker-1} ContextHandler.java[doStart]:781) - Started o.s.j.s.ServletContextHandler@50ff4679{/storage/json,null,AVAILABLE,@Spark}
 INFO [2021-07-20 16:19:06,829] ({FIFOScheduler-interpreter_428044769-Worker-1} ContextHandler.java[doStart]:781) - Started o.s.j.s.ServletContextHandler@483d8699{/storage/rdd,null,AVAILABLE,@Spark}
 INFO [2021-07-20 16:19:06,831] ({FIFOScheduler-interpreter_428044769-Worker-1} ContextHandler.java[doStart]:781) - Started o.s.j.s.ServletContextHandler@7616c29a{/storage/rdd/json,null,AVAILABLE,@Spark}
 INFO [2021-07-20 16:19:06,832] ({FIFOScheduler-interpreter_428044769-Worker-1} ContextHandler.java[doStart]:781) - Started o.s.j.s.ServletContextHandler@1043242b{/environment,null,AVAILABLE,@Spark}
 INFO [2021-07-20 16:19:06,834] ({FIFOScheduler-interpreter_428044769-Worker-1} ContextHandler.java[doStart]:781) - Started o.s.j.s.ServletContextHandler@3a2564d4{/environment/json,null,AVAILABLE,@Spark}
 INFO [2021-07-20 16:19:06,835] ({FIFOScheduler-interpreter_428044769-Worker-1} ContextHandler.java[doStart]:781) - Started o.s.j.s.ServletContextHandler@1e883447{/executors,null,AVAILABLE,@Spark}
 INFO [2021-07-20 16:19:06,838] ({FIFOScheduler-interpreter_428044769-Worker-1} ContextHandler.java[doStart]:781) - Started o.s.j.s.ServletContextHandler@5e4a271e{/executors/json,null,AVAILABLE,@Spark}
 INFO [2021-07-20 16:19:06,840] ({FIFOScheduler-interpreter_428044769-Worker-1} ContextHandler.java[doStart]:781) - Started o.s.j.s.ServletContextHandler@57212280{/executors/threadDump,null,AVAILABLE,@Spark}
 INFO [2021-07-20 16:19:06,842] ({FIFOScheduler-interpreter_428044769-Worker-1} ContextHandler.java[doStart]:781) - Started o.s.j.s.ServletContextHandler@46b3ff74{/executors/threadDump/json,null,AVAILABLE,@Spark}
 INFO [2021-07-20 16:19:06,851] ({FIFOScheduler-interpreter_428044769-Worker-1} ContextHandler.java[doStart]:781) - Started o.s.j.s.ServletContextHandler@19c6d1e9{/static,null,AVAILABLE,@Spark}
 INFO [2021-07-20 16:19:06,853] ({FIFOScheduler-interpreter_428044769-Worker-1} ContextHandler.java[doStart]:781) - Started o.s.j.s.ServletContextHandler@295f0b58{/,null,AVAILABLE,@Spark}
 INFO [2021-07-20 16:19:06,856] ({FIFOScheduler-interpreter_428044769-Worker-1} ContextHandler.java[doStart]:781) - Started o.s.j.s.ServletContextHandler@596e9f4d{/api,null,AVAILABLE,@Spark}
 INFO [2021-07-20 16:19:06,858] ({FIFOScheduler-interpreter_428044769-Worker-1} ContextHandler.java[doStart]:781) - Started o.s.j.s.ServletContextHandler@3a9f5064{/jobs/job/kill,null,AVAILABLE,@Spark}
 INFO [2021-07-20 16:19:06,860] ({FIFOScheduler-interpreter_428044769-Worker-1} ContextHandler.java[doStart]:781) - Started o.s.j.s.ServletContextHandler@57ba706{/stages/stage/kill,null,AVAILABLE,@Spark}
 INFO [2021-07-20 16:19:06,865] ({FIFOScheduler-interpreter_428044769-Worker-1} Logging.scala[logInfo]:54) - Bound SparkUI to 0.0.0.0, and started at http://0b7c17d32855:4040
 WARN [2021-07-20 16:19:06,968] ({FIFOScheduler-interpreter_428044769-Worker-1} Logging.scala[logWarning]:66) - Fair Scheduler configuration file not found so jobs will be scheduled in FIFO order. To use fair scheduling, configure pools in fairscheduler.xml or set spark.scheduler.allocation.file to a file that contains the configuration.
 INFO [2021-07-20 16:19:06,978] ({FIFOScheduler-interpreter_428044769-Worker-1} Logging.scala[logInfo]:54) - Created default pool: default, schedulingMode: FIFO, minShare: 0, weight: 1
 INFO [2021-07-20 16:19:07,021] ({FIFOScheduler-interpreter_428044769-Worker-1} Logging.scala[logInfo]:54) - Starting executor ID driver on host localhost
 INFO [2021-07-20 16:19:07,045] ({FIFOScheduler-interpreter_428044769-Worker-1} Logging.scala[logInfo]:54) - Using REPL class URI: spark://0b7c17d32855:44965/classes
 INFO [2021-07-20 16:19:07,085] ({FIFOScheduler-interpreter_428044769-Worker-1} Logging.scala[logInfo]:54) - Successfully started service 'org.apache.spark.network.netty.NettyBlockTransferService' on port 41949.
 INFO [2021-07-20 16:19:07,089] ({FIFOScheduler-interpreter_428044769-Worker-1} Logging.scala[logInfo]:54) - Server created on 0b7c17d32855:41949
 INFO [2021-07-20 16:19:07,096] ({FIFOScheduler-interpreter_428044769-Worker-1} Logging.scala[logInfo]:54) - Using org.apache.spark.storage.RandomBlockReplicationPolicy for block replication policy
 INFO [2021-07-20 16:19:07,162] ({FIFOScheduler-interpreter_428044769-Worker-1} Logging.scala[logInfo]:54) - Registering BlockManager BlockManagerId(driver, 0b7c17d32855, 41949, None)
 INFO [2021-07-20 16:19:07,172] ({dispatcher-event-loop-4} Logging.scala[logInfo]:54) - Registering block manager 0b7c17d32855:41949 with 912.3 MB RAM, BlockManagerId(driver, 0b7c17d32855, 41949, None)
 INFO [2021-07-20 16:19:07,179] ({FIFOScheduler-interpreter_428044769-Worker-1} Logging.scala[logInfo]:54) - Registered BlockManager BlockManagerId(driver, 0b7c17d32855, 41949, None)
 INFO [2021-07-20 16:19:07,181] ({FIFOScheduler-interpreter_428044769-Worker-1} Logging.scala[logInfo]:54) - Initialized BlockManager: BlockManagerId(driver, 0b7c17d32855, 41949, None)
 INFO [2021-07-20 16:19:07,779] ({FIFOScheduler-interpreter_428044769-Worker-1} ContextHandler.java[doStart]:781) - Started o.s.j.s.ServletContextHandler@2b48eb99{/metrics/json,null,AVAILABLE,@Spark}
 INFO [2021-07-20 16:19:07,890] ({FIFOScheduler-interpreter_428044769-Worker-1} BaseSparkScalaInterpreter.scala[spark2CreateContext]:302) - Created Spark session (without Hive support)
 INFO [2021-07-20 16:19:11,415] ({FIFOScheduler-interpreter_428044769-Worker-1} SparkShims.java[loadShims]:64) - Initializing shims for Spark 2.x
 INFO [2021-07-20 16:19:11,915] ({FIFOScheduler-interpreter_428044769-Worker-1} AbstractScheduler.java[runJob]:154) - Job paragraph_1626797915198_1957715795 finished by scheduler interpreter_428044769 with status FINISHED
 INFO [2021-07-20 16:20:38,643] ({FIFOScheduler-interpreter_428044769-Worker-1} AbstractScheduler.java[runJob]:127) - Job paragraph_1626797915198_1957715795 started by scheduler interpreter_428044769
 INFO [2021-07-20 16:20:38,846] ({FIFOScheduler-interpreter_428044769-Worker-1} AbstractScheduler.java[runJob]:154) - Job paragraph_1626797915198_1957715795 finished by scheduler interpreter_428044769 with status FINISHED
 INFO [2021-07-20 16:20:50,330] ({FIFOScheduler-interpreter_428044769-Worker-1} AbstractScheduler.java[runJob]:127) - Job paragraph_1626797915198_1957715795 started by scheduler interpreter_428044769
 INFO [2021-07-20 16:20:50,574] ({FIFOScheduler-interpreter_428044769-Worker-1} AbstractScheduler.java[runJob]:154) - Job paragraph_1626797915198_1957715795 finished by scheduler interpreter_428044769 with status FINISHED
 INFO [2021-07-20 16:20:52,809] ({FIFOScheduler-interpreter_428044769-Worker-1} AbstractScheduler.java[runJob]:127) - Job paragraph_1626797915198_1957715795 started by scheduler interpreter_428044769
 INFO [2021-07-20 16:20:53,020] ({FIFOScheduler-interpreter_428044769-Worker-1} AbstractScheduler.java[runJob]:154) - Job paragraph_1626797915198_1957715795 finished by scheduler interpreter_428044769 with status FINISHED
 INFO [2021-07-20 16:23:14,041] ({FIFOScheduler-interpreter_428044769-Worker-1} AbstractScheduler.java[runJob]:127) - Job paragraph_1626797915198_1957715795 started by scheduler interpreter_428044769
 INFO [2021-07-20 16:23:14,512] ({FIFOScheduler-interpreter_428044769-Worker-1} AbstractScheduler.java[runJob]:154) - Job paragraph_1626797915198_1957715795 finished by scheduler interpreter_428044769 with status FINISHED
 INFO [2021-07-20 16:24:15,110] ({FIFOScheduler-interpreter_428044769-Worker-1} AbstractScheduler.java[runJob]:127) - Job paragraph_1626797915198_1957715795 started by scheduler interpreter_428044769
 INFO [2021-07-20 16:24:15,471] ({FIFOScheduler-interpreter_428044769-Worker-1} AbstractScheduler.java[runJob]:154) - Job paragraph_1626797915198_1957715795 finished by scheduler interpreter_428044769 with status FINISHED
 INFO [2021-07-20 16:24:20,514] ({FIFOScheduler-interpreter_428044769-Worker-1} AbstractScheduler.java[runJob]:127) - Job paragraph_1626797915198_1957715795 started by scheduler interpreter_428044769
 INFO [2021-07-20 16:24:20,802] ({FIFOScheduler-interpreter_428044769-Worker-1} AbstractScheduler.java[runJob]:154) - Job paragraph_1626797915198_1957715795 finished by scheduler interpreter_428044769 with status FINISHED
 INFO [2021-07-20 16:24:22,543] ({FIFOScheduler-interpreter_428044769-Worker-1} AbstractScheduler.java[runJob]:127) - Job paragraph_1626797915198_1957715795 started by scheduler interpreter_428044769
 INFO [2021-07-20 16:24:22,840] ({FIFOScheduler-interpreter_428044769-Worker-1} AbstractScheduler.java[runJob]:154) - Job paragraph_1626797915198_1957715795 finished by scheduler interpreter_428044769 with status FINISHED
 INFO [2021-07-20 16:26:07,200] ({FIFOScheduler-interpreter_428044769-Worker-1} AbstractScheduler.java[runJob]:127) - Job paragraph_1626797915198_1957715795 started by scheduler interpreter_428044769
 INFO [2021-07-20 16:26:07,521] ({FIFOScheduler-interpreter_428044769-Worker-1} AbstractScheduler.java[runJob]:154) - Job paragraph_1626797915198_1957715795 finished by scheduler interpreter_428044769 with status FINISHED
 INFO [2021-07-20 16:27:01,503] ({FIFOScheduler-interpreter_428044769-Worker-1} AbstractScheduler.java[runJob]:127) - Job paragraph_1626798416151_1722404595 started by scheduler interpreter_428044769
 INFO [2021-07-20 16:27:01,731] ({FIFOScheduler-interpreter_428044769-Worker-1} AbstractScheduler.java[runJob]:154) - Job paragraph_1626798416151_1722404595 finished by scheduler interpreter_428044769 with status FINISHED
 INFO [2021-07-20 16:27:05,251] ({FIFOScheduler-interpreter_428044769-Worker-1} AbstractScheduler.java[runJob]:127) - Job paragraph_1626797915198_1957715795 started by scheduler interpreter_428044769
 INFO [2021-07-20 16:27:05,606] ({FIFOScheduler-interpreter_428044769-Worker-1} AbstractScheduler.java[runJob]:154) - Job paragraph_1626797915198_1957715795 finished by scheduler interpreter_428044769 with status FINISHED
 INFO [2021-07-20 16:29:02,405] ({FIFOScheduler-interpreter_428044769-Worker-1} AbstractScheduler.java[runJob]:127) - Job paragraph_1626797915198_1957715795 started by scheduler interpreter_428044769
 INFO [2021-07-20 16:29:02,778] ({FIFOScheduler-interpreter_428044769-Worker-1} AbstractScheduler.java[runJob]:154) - Job paragraph_1626797915198_1957715795 finished by scheduler interpreter_428044769 with status FINISHED
 INFO [2021-07-20 16:29:19,699] ({FIFOScheduler-interpreter_428044769-Worker-1} AbstractScheduler.java[runJob]:127) - Job paragraph_1626798416151_1722404595 started by scheduler interpreter_428044769
 INFO [2021-07-20 16:29:19,966] ({FIFOScheduler-interpreter_428044769-Worker-1} AbstractScheduler.java[runJob]:154) - Job paragraph_1626798416151_1722404595 finished by scheduler interpreter_428044769 with status FINISHED
 INFO [2021-07-20 16:29:23,126] ({FIFOScheduler-interpreter_428044769-Worker-1} AbstractScheduler.java[runJob]:127) - Job paragraph_1626798416151_1722404595 started by scheduler interpreter_428044769
 INFO [2021-07-20 16:29:23,355] ({FIFOScheduler-interpreter_428044769-Worker-1} AbstractScheduler.java[runJob]:154) - Job paragraph_1626798416151_1722404595 finished by scheduler interpreter_428044769 with status FINISHED
 INFO [2021-07-20 16:29:25,392] ({FIFOScheduler-interpreter_428044769-Worker-1} AbstractScheduler.java[runJob]:127) - Job paragraph_1626798416151_1722404595 started by scheduler interpreter_428044769
 INFO [2021-07-20 16:29:25,635] ({FIFOScheduler-interpreter_428044769-Worker-1} AbstractScheduler.java[runJob]:154) - Job paragraph_1626798416151_1722404595 finished by scheduler interpreter_428044769 with status FINISHED
 INFO [2021-07-20 16:29:26,657] ({FIFOScheduler-interpreter_428044769-Worker-1} AbstractScheduler.java[runJob]:127) - Job paragraph_1626798416151_1722404595 started by scheduler interpreter_428044769
 INFO [2021-07-20 16:29:26,891] ({FIFOScheduler-interpreter_428044769-Worker-1} AbstractScheduler.java[runJob]:154) - Job paragraph_1626798416151_1722404595 finished by scheduler interpreter_428044769 with status FINISHED
 INFO [2021-07-20 16:29:29,172] ({FIFOScheduler-interpreter_428044769-Worker-1} AbstractScheduler.java[runJob]:127) - Job paragraph_1626797915198_1957715795 started by scheduler interpreter_428044769
 INFO [2021-07-20 16:29:29,445] ({FIFOScheduler-interpreter_428044769-Worker-1} AbstractScheduler.java[runJob]:154) - Job paragraph_1626797915198_1957715795 finished by scheduler interpreter_428044769 with status FINISHED
 INFO [2021-07-20 16:29:29,968] ({FIFOScheduler-interpreter_428044769-Worker-1} AbstractScheduler.java[runJob]:127) - Job paragraph_1626797915198_1957715795 started by scheduler interpreter_428044769
 INFO [2021-07-20 16:29:30,303] ({FIFOScheduler-interpreter_428044769-Worker-1} AbstractScheduler.java[runJob]:154) - Job paragraph_1626797915198_1957715795 finished by scheduler interpreter_428044769 with status FINISHED
 INFO [2021-07-20 16:29:33,319] ({FIFOScheduler-interpreter_428044769-Worker-1} AbstractScheduler.java[runJob]:127) - Job paragraph_1626797915198_1957715795 started by scheduler interpreter_428044769
 INFO [2021-07-20 16:29:33,647] ({FIFOScheduler-interpreter_428044769-Worker-1} AbstractScheduler.java[runJob]:154) - Job paragraph_1626797915198_1957715795 finished by scheduler interpreter_428044769 with status FINISHED
 INFO [2021-07-20 16:29:35,826] ({FIFOScheduler-interpreter_428044769-Worker-1} AbstractScheduler.java[runJob]:127) - Job paragraph_1626798416151_1722404595 started by scheduler interpreter_428044769
 INFO [2021-07-20 16:29:36,083] ({FIFOScheduler-interpreter_428044769-Worker-1} AbstractScheduler.java[runJob]:154) - Job paragraph_1626798416151_1722404595 finished by scheduler interpreter_428044769 with status FINISHED
 INFO [2021-07-20 16:30:00,994] ({FIFOScheduler-interpreter_428044769-Worker-1} AbstractScheduler.java[runJob]:127) - Job paragraph_1626798593693_826584110 started by scheduler interpreter_428044769
 INFO [2021-07-20 16:30:01,227] ({FIFOScheduler-interpreter_428044769-Worker-1} AbstractScheduler.java[runJob]:154) - Job paragraph_1626798593693_826584110 finished by scheduler interpreter_428044769 with status FINISHED
 INFO [2021-07-20 16:30:14,513] ({FIFOScheduler-interpreter_428044769-Worker-1} AbstractScheduler.java[runJob]:127) - Job paragraph_1626798593693_826584110 started by scheduler interpreter_428044769
 INFO [2021-07-20 16:30:14,771] ({FIFOScheduler-interpreter_428044769-Worker-1} AbstractScheduler.java[runJob]:154) - Job paragraph_1626798593693_826584110 finished by scheduler interpreter_428044769 with status FINISHED
 INFO [2021-07-20 16:30:16,488] ({FIFOScheduler-interpreter_428044769-Worker-1} AbstractScheduler.java[runJob]:127) - Job paragraph_1626797915198_1957715795 started by scheduler interpreter_428044769
 INFO [2021-07-20 16:30:16,781] ({FIFOScheduler-interpreter_428044769-Worker-1} AbstractScheduler.java[runJob]:154) - Job paragraph_1626797915198_1957715795 finished by scheduler interpreter_428044769 with status FINISHED
 INFO [2021-07-20 16:30:20,927] ({FIFOScheduler-interpreter_428044769-Worker-1} AbstractScheduler.java[runJob]:127) - Job paragraph_1626798416151_1722404595 started by scheduler interpreter_428044769
 INFO [2021-07-20 16:30:21,196] ({FIFOScheduler-interpreter_428044769-Worker-1} AbstractScheduler.java[runJob]:154) - Job paragraph_1626798416151_1722404595 finished by scheduler interpreter_428044769 with status FINISHED
 INFO [2021-07-20 16:30:24,580] ({FIFOScheduler-interpreter_428044769-Worker-1} AbstractScheduler.java[runJob]:127) - Job paragraph_1626798416151_1722404595 started by scheduler interpreter_428044769
 INFO [2021-07-20 16:30:24,814] ({FIFOScheduler-interpreter_428044769-Worker-1} AbstractScheduler.java[runJob]:154) - Job paragraph_1626798416151_1722404595 finished by scheduler interpreter_428044769 with status FINISHED
 INFO [2021-07-20 16:30:27,397] ({FIFOScheduler-interpreter_428044769-Worker-1} AbstractScheduler.java[runJob]:127) - Job paragraph_1626798416151_1722404595 started by scheduler interpreter_428044769
 INFO [2021-07-20 16:30:27,548] ({FIFOScheduler-interpreter_428044769-Worker-1} AbstractScheduler.java[runJob]:154) - Job paragraph_1626798416151_1722404595 finished by scheduler interpreter_428044769 with status ERROR
 INFO [2021-07-20 16:30:30,800] ({FIFOScheduler-interpreter_428044769-Worker-1} AbstractScheduler.java[runJob]:127) - Job paragraph_1626798416151_1722404595 started by scheduler interpreter_428044769
 INFO [2021-07-20 16:30:31,044] ({FIFOScheduler-interpreter_428044769-Worker-1} AbstractScheduler.java[runJob]:154) - Job paragraph_1626798416151_1722404595 finished by scheduler interpreter_428044769 with status FINISHED
 INFO [2021-07-20 16:31:14,713] ({pool-2-thread-1} SparkInterpreter.java[close]:167) - Close SparkInterpreter
 INFO [2021-07-20 16:31:14,735] ({pool-2-thread-1} AbstractConnector.java[doStop]:318) - Stopped Spark@782652c1{HTTP/1.1,[http/1.1]}{0.0.0.0:4040}
 INFO [2021-07-20 16:31:14,741] ({pool-2-thread-1} Logging.scala[logInfo]:54) - Stopped Spark web UI at http://0b7c17d32855:4040
 INFO [2021-07-20 16:31:14,771] ({dispatcher-event-loop-2} Logging.scala[logInfo]:54) - MapOutputTrackerMasterEndpoint stopped!
 INFO [2021-07-20 16:31:14,791] ({pool-2-thread-1} Logging.scala[logInfo]:54) - MemoryStore cleared
 INFO [2021-07-20 16:31:14,793] ({pool-2-thread-1} Logging.scala[logInfo]:54) - BlockManager stopped
 INFO [2021-07-20 16:31:14,796] ({pool-2-thread-1} Logging.scala[logInfo]:54) - BlockManagerMaster stopped
 INFO [2021-07-20 16:31:14,808] ({dispatcher-event-loop-0} Logging.scala[logInfo]:54) - OutputCommitCoordinator stopped!
 INFO [2021-07-20 16:31:14,819] ({pool-2-thread-1} Logging.scala[logInfo]:54) - Successfully stopped SparkContext
 INFO [2021-07-20 16:31:14,821] ({pool-2-thread-1} Logging.scala[logInfo]:54) - SparkContext already stopped.
 INFO [2021-07-20 16:31:14,841] ({pool-2-thread-1} RemoteInterpreterServer.java[shutdown]:244) - Unregister interpreter process
 INFO [2021-07-20 16:31:14,859] ({ShutdownThread} RemoteInterpreterServer.java[run]:649) - Shutting down...
 INFO [2021-07-20 16:31:14,859] ({ShutdownThread} RemoteInterpreterServer.java[run]:650) - Shutdown initialized by ShutdownCall
 INFO [2021-07-20 16:31:14,861] ({ShutdownThread} SchedulerFactory.java[destroy]:61) - Destroy all executors
 INFO [2021-07-20 16:31:14,862] ({ShutdownThread} SchedulerFactory.java[destroy]:65) - Stopping Scheduler interpreter_428044769
 WARN [2021-07-20 16:31:14,867] ({SchedulerFactory1} AbstractScheduler.java[run]:91) - FIFOScheduler is interrupted
 INFO [2021-07-20 16:31:14,874] ({Thread-6} Logging.scala[logInfo]:54) - Shutdown hook called
 INFO [2021-07-20 16:31:14,876] ({RemoteInterpreterServer-Thread} RemoteInterpreterServer.java[run]:198) - RemoteInterpreterServer-Thread finished
 INFO [2021-07-20 16:31:14,879] ({main} RemoteInterpreterServer.java[main]:316) - RemoteInterpreterServer thread is finished
 INFO [2021-07-20 16:31:14,880] ({Thread-6} Logging.scala[logInfo]:54) - Deleting directory /tmp/spark-f653000e-35f1-43fb-8190-ee2a0991906f
 INFO [2021-07-20 16:31:58,509] ({RegisterThread} RemoteInterpreterServer.java[run]:595) - Start registration
 INFO [2021-07-20 16:31:58,510] ({RemoteInterpreterServer-Thread} RemoteInterpreterServer.java[run]:193) - Launching ThriftServer at 172.18.0.2:40581
 INFO [2021-07-20 16:31:59,846] ({RegisterThread} RemoteInterpreterServer.java[run]:609) - Registering interpreter process
 INFO [2021-07-20 16:31:59,874] ({RegisterThread} RemoteInterpreterServer.java[run]:611) - Registered interpreter process
 INFO [2021-07-20 16:31:59,875] ({RegisterThread} RemoteInterpreterServer.java[run]:632) - Registration finished
 INFO [2021-07-20 16:31:59,913] ({pool-2-thread-1} ZeppelinConfiguration.java[create]:172) - Load configuration from file:/opt/zeppelin/conf/zeppelin-site.xml
 INFO [2021-07-20 16:32:00,048] ({pool-2-thread-1} ZeppelinConfiguration.java[create]:180) - Server Host: 0.0.0.0
 INFO [2021-07-20 16:32:00,050] ({pool-2-thread-1} ZeppelinConfiguration.java[create]:182) - Server Port: 8080
 INFO [2021-07-20 16:32:00,051] ({pool-2-thread-1} ZeppelinConfiguration.java[create]:186) - Context Path: /
 INFO [2021-07-20 16:32:00,052] ({pool-2-thread-1} ZeppelinConfiguration.java[create]:187) - Zeppelin Version: 0.9.0
 INFO [2021-07-20 16:32:00,054] ({pool-2-thread-1} RemoteInterpreterServer.java[createLifecycleManager]:286) - Creating interpreter lifecycle manager: org.apache.zeppelin.interpreter.lifecycle.NullLifecycleManager
 INFO [2021-07-20 16:32:00,055] ({pool-2-thread-1} RemoteInterpreterServer.java[init]:229) - Creating RemoteInterpreterEventClient with connection pool size: 10
 INFO [2021-07-20 16:32:00,260] ({pool-2-thread-1} RemoteInterpreterServer.java[createInterpreter]:383) - Instantiate interpreter org.apache.zeppelin.spark.SparkInterpreter
 INFO [2021-07-20 16:32:00,267] ({pool-2-thread-1} RemoteInterpreterServer.java[createInterpreter]:383) - Instantiate interpreter org.apache.zeppelin.spark.SparkSqlInterpreter
 INFO [2021-07-20 16:32:00,276] ({pool-2-thread-1} RemoteInterpreterServer.java[createInterpreter]:383) - Instantiate interpreter org.apache.zeppelin.spark.PySparkInterpreter
 INFO [2021-07-20 16:32:00,285] ({pool-2-thread-1} RemoteInterpreterServer.java[createInterpreter]:383) - Instantiate interpreter org.apache.zeppelin.spark.IPySparkInterpreter
 INFO [2021-07-20 16:32:00,293] ({pool-2-thread-1} RemoteInterpreterServer.java[createInterpreter]:383) - Instantiate interpreter org.apache.zeppelin.spark.SparkRInterpreter
 INFO [2021-07-20 16:32:00,300] ({pool-2-thread-1} RemoteInterpreterServer.java[createInterpreter]:383) - Instantiate interpreter org.apache.zeppelin.spark.SparkIRInterpreter
 INFO [2021-07-20 16:32:00,305] ({pool-2-thread-1} RemoteInterpreterServer.java[createInterpreter]:383) - Instantiate interpreter org.apache.zeppelin.spark.SparkShinyInterpreter
 INFO [2021-07-20 16:32:00,398] ({pool-2-thread-1} RemoteInterpreterServer.java[createInterpreter]:383) - Instantiate interpreter org.apache.zeppelin.spark.KotlinSparkInterpreter
 INFO [2021-07-20 16:32:00,484] ({pool-2-thread-1} SchedulerFactory.java[<init>]:56) - Scheduler Thread Pool Size: 100
 INFO [2021-07-20 16:32:00,488] ({pool-2-thread-1} SchedulerFactory.java[createOrGetFIFOScheduler]:76) - Create FIFOScheduler: interpreter_281451594
 INFO [2021-07-20 16:32:00,498] ({FIFOScheduler-interpreter_281451594-Worker-1} AbstractScheduler.java[runJob]:127) - Job paragraph_1626798593693_826584110 started by scheduler interpreter_281451594
 INFO [2021-07-20 16:32:01,077] ({FIFOScheduler-interpreter_281451594-Worker-1} SparkInterpreter.java[extractScalaVersion]:244) - Using Scala: version 2.11.12
 INFO [2021-07-20 16:32:01,136] ({FIFOScheduler-interpreter_281451594-Worker-1} SparkScala211Interpreter.scala[open]:62) - Scala shell repl output dir: /tmp/spark2393262729544018723
 INFO [2021-07-20 16:32:01,409] ({FIFOScheduler-interpreter_281451594-Worker-1} SparkScala211Interpreter.scala[open]:79) - UserJars: /opt/zeppelin/interpreter/spark/scala-2.11/spark-scala-2.11-0.9.0.jar
 WARN [2021-07-20 16:32:06,916] ({FIFOScheduler-interpreter_281451594-Worker-1} BaseSparkScalaInterpreter.scala[spark2CreateContext]:299) - Hive support can not be enabled because no hive-site.xml found
 INFO [2021-07-20 16:32:06,950] ({FIFOScheduler-interpreter_281451594-Worker-1} Logging.scala[logInfo]:54) - Running Spark version 2.4.5
 WARN [2021-07-20 16:32:07,171] ({FIFOScheduler-interpreter_281451594-Worker-1} NativeCodeLoader.java[<clinit>]:62) - Unable to load native-hadoop library for your platform... using builtin-java classes where applicable
 INFO [2021-07-20 16:32:07,311] ({FIFOScheduler-interpreter_281451594-Worker-1} Logging.scala[logInfo]:54) - Submitted application: 0cc89658-d2d7-4ca0-a003-602a06cd3bcf
 INFO [2021-07-20 16:32:07,412] ({FIFOScheduler-interpreter_281451594-Worker-1} Logging.scala[logInfo]:54) - Changing view acls to: root
 INFO [2021-07-20 16:32:07,414] ({FIFOScheduler-interpreter_281451594-Worker-1} Logging.scala[logInfo]:54) - Changing modify acls to: root
 INFO [2021-07-20 16:32:07,415] ({FIFOScheduler-interpreter_281451594-Worker-1} Logging.scala[logInfo]:54) - Changing view acls groups to: 
 INFO [2021-07-20 16:32:07,418] ({FIFOScheduler-interpreter_281451594-Worker-1} Logging.scala[logInfo]:54) - Changing modify acls groups to: 
 INFO [2021-07-20 16:32:07,420] ({FIFOScheduler-interpreter_281451594-Worker-1} Logging.scala[logInfo]:54) - SecurityManager: authentication disabled; ui acls disabled; users  with view permissions: Set(root); groups with view permissions: Set(); users  with modify permissions: Set(root); groups with modify permissions: Set()
 INFO [2021-07-20 16:32:07,911] ({FIFOScheduler-interpreter_281451594-Worker-1} Logging.scala[logInfo]:54) - Successfully started service 'sparkDriver' on port 38161.
 INFO [2021-07-20 16:32:07,951] ({FIFOScheduler-interpreter_281451594-Worker-1} Logging.scala[logInfo]:54) - Registering MapOutputTracker
 INFO [2021-07-20 16:32:07,983] ({FIFOScheduler-interpreter_281451594-Worker-1} Logging.scala[logInfo]:54) - Registering BlockManagerMaster
 INFO [2021-07-20 16:32:07,990] ({FIFOScheduler-interpreter_281451594-Worker-1} Logging.scala[logInfo]:54) - Using org.apache.spark.storage.DefaultTopologyMapper for getting topology information
 INFO [2021-07-20 16:32:07,992] ({FIFOScheduler-interpreter_281451594-Worker-1} Logging.scala[logInfo]:54) - BlockManagerMasterEndpoint up
 INFO [2021-07-20 16:32:08,007] ({FIFOScheduler-interpreter_281451594-Worker-1} Logging.scala[logInfo]:54) - Created local directory at /tmp/blockmgr-3421461e-3b80-4fac-ac1f-9416b27200d3
 INFO [2021-07-20 16:32:08,036] ({FIFOScheduler-interpreter_281451594-Worker-1} Logging.scala[logInfo]:54) - MemoryStore started with capacity 912.3 MB
 INFO [2021-07-20 16:32:08,061] ({FIFOScheduler-interpreter_281451594-Worker-1} Logging.scala[logInfo]:54) - Registering OutputCommitCoordinator
 INFO [2021-07-20 16:32:08,168] ({FIFOScheduler-interpreter_281451594-Worker-1} Log.java[initialized]:192) - Logging initialized @10258ms
 INFO [2021-07-20 16:32:08,265] ({FIFOScheduler-interpreter_281451594-Worker-1} Server.java[doStart]:351) - jetty-9.3.z-SNAPSHOT, build timestamp: unknown, git hash: unknown
 INFO [2021-07-20 16:32:08,299] ({FIFOScheduler-interpreter_281451594-Worker-1} Server.java[doStart]:419) - Started @10390ms
 INFO [2021-07-20 16:32:08,334] ({FIFOScheduler-interpreter_281451594-Worker-1} AbstractConnector.java[doStart]:278) - Started ServerConnector@281655de{HTTP/1.1,[http/1.1]}{0.0.0.0:4040}
 INFO [2021-07-20 16:32:08,337] ({FIFOScheduler-interpreter_281451594-Worker-1} Logging.scala[logInfo]:54) - Successfully started service 'SparkUI' on port 4040.
 INFO [2021-07-20 16:32:08,381] ({FIFOScheduler-interpreter_281451594-Worker-1} ContextHandler.java[doStart]:781) - Started o.s.j.s.ServletContextHandler@3a12d3f2{/jobs,null,AVAILABLE,@Spark}
 INFO [2021-07-20 16:32:08,383] ({FIFOScheduler-interpreter_281451594-Worker-1} ContextHandler.java[doStart]:781) - Started o.s.j.s.ServletContextHandler@6a2a7ee9{/jobs/json,null,AVAILABLE,@Spark}
 INFO [2021-07-20 16:32:08,384] ({FIFOScheduler-interpreter_281451594-Worker-1} ContextHandler.java[doStart]:781) - Started o.s.j.s.ServletContextHandler@336d367{/jobs/job,null,AVAILABLE,@Spark}
 INFO [2021-07-20 16:32:08,387] ({FIFOScheduler-interpreter_281451594-Worker-1} ContextHandler.java[doStart]:781) - Started o.s.j.s.ServletContextHandler@5b9e0742{/jobs/job/json,null,AVAILABLE,@Spark}
 INFO [2021-07-20 16:32:08,388] ({FIFOScheduler-interpreter_281451594-Worker-1} ContextHandler.java[doStart]:781) - Started o.s.j.s.ServletContextHandler@62faf7ee{/stages,null,AVAILABLE,@Spark}
 INFO [2021-07-20 16:32:08,389] ({FIFOScheduler-interpreter_281451594-Worker-1} ContextHandler.java[doStart]:781) - Started o.s.j.s.ServletContextHandler@5762bd3d{/stages/json,null,AVAILABLE,@Spark}
 INFO [2021-07-20 16:32:08,391] ({FIFOScheduler-interpreter_281451594-Worker-1} ContextHandler.java[doStart]:781) - Started o.s.j.s.ServletContextHandler@31050f71{/stages/stage,null,AVAILABLE,@Spark}
 INFO [2021-07-20 16:32:08,395] ({FIFOScheduler-interpreter_281451594-Worker-1} ContextHandler.java[doStart]:781) - Started o.s.j.s.ServletContextHandler@6db3b0bb{/stages/stage/json,null,AVAILABLE,@Spark}
 INFO [2021-07-20 16:32:08,397] ({FIFOScheduler-interpreter_281451594-Worker-1} ContextHandler.java[doStart]:781) - Started o.s.j.s.ServletContextHandler@74d454fb{/stages/pool,null,AVAILABLE,@Spark}
 INFO [2021-07-20 16:32:08,398] ({FIFOScheduler-interpreter_281451594-Worker-1} ContextHandler.java[doStart]:781) - Started o.s.j.s.ServletContextHandler@3bc18aff{/stages/pool/json,null,AVAILABLE,@Spark}
 INFO [2021-07-20 16:32:08,400] ({FIFOScheduler-interpreter_281451594-Worker-1} ContextHandler.java[doStart]:781) - Started o.s.j.s.ServletContextHandler@471ea520{/storage,null,AVAILABLE,@Spark}
 INFO [2021-07-20 16:32:08,401] ({FIFOScheduler-interpreter_281451594-Worker-1} ContextHandler.java[doStart]:781) - Started o.s.j.s.ServletContextHandler@3758e310{/storage/json,null,AVAILABLE,@Spark}
 INFO [2021-07-20 16:32:08,403] ({FIFOScheduler-interpreter_281451594-Worker-1} ContextHandler.java[doStart]:781) - Started o.s.j.s.ServletContextHandler@617d0a8c{/storage/rdd,null,AVAILABLE,@Spark}
 INFO [2021-07-20 16:32:08,406] ({FIFOScheduler-interpreter_281451594-Worker-1} ContextHandler.java[doStart]:781) - Started o.s.j.s.ServletContextHandler@565cf22e{/storage/rdd/json,null,AVAILABLE,@Spark}
 INFO [2021-07-20 16:32:08,408] ({FIFOScheduler-interpreter_281451594-Worker-1} ContextHandler.java[doStart]:781) - Started o.s.j.s.ServletContextHandler@64596a60{/environment,null,AVAILABLE,@Spark}
 INFO [2021-07-20 16:32:08,410] ({FIFOScheduler-interpreter_281451594-Worker-1} ContextHandler.java[doStart]:781) - Started o.s.j.s.ServletContextHandler@14694598{/environment/json,null,AVAILABLE,@Spark}
 INFO [2021-07-20 16:32:08,411] ({FIFOScheduler-interpreter_281451594-Worker-1} ContextHandler.java[doStart]:781) - Started o.s.j.s.ServletContextHandler@1d4904f3{/executors,null,AVAILABLE,@Spark}
 INFO [2021-07-20 16:32:08,413] ({FIFOScheduler-interpreter_281451594-Worker-1} ContextHandler.java[doStart]:781) - Started o.s.j.s.ServletContextHandler@2c3548f6{/executors/json,null,AVAILABLE,@Spark}
 INFO [2021-07-20 16:32:08,415] ({FIFOScheduler-interpreter_281451594-Worker-1} ContextHandler.java[doStart]:781) - Started o.s.j.s.ServletContextHandler@3903d7a{/executors/threadDump,null,AVAILABLE,@Spark}
 INFO [2021-07-20 16:32:08,416] ({FIFOScheduler-interpreter_281451594-Worker-1} ContextHandler.java[doStart]:781) - Started o.s.j.s.ServletContextHandler@5d8bfd15{/executors/threadDump/json,null,AVAILABLE,@Spark}
 INFO [2021-07-20 16:32:08,429] ({FIFOScheduler-interpreter_281451594-Worker-1} ContextHandler.java[doStart]:781) - Started o.s.j.s.ServletContextHandler@8b004cb{/static,null,AVAILABLE,@Spark}
 INFO [2021-07-20 16:32:08,431] ({FIFOScheduler-interpreter_281451594-Worker-1} ContextHandler.java[doStart]:781) - Started o.s.j.s.ServletContextHandler@2a93cdb4{/,null,AVAILABLE,@Spark}
 INFO [2021-07-20 16:32:08,433] ({FIFOScheduler-interpreter_281451594-Worker-1} ContextHandler.java[doStart]:781) - Started o.s.j.s.ServletContextHandler@542e04e9{/api,null,AVAILABLE,@Spark}
 INFO [2021-07-20 16:32:08,434] ({FIFOScheduler-interpreter_281451594-Worker-1} ContextHandler.java[doStart]:781) - Started o.s.j.s.ServletContextHandler@2a559a15{/jobs/job/kill,null,AVAILABLE,@Spark}
 INFO [2021-07-20 16:32:08,437] ({FIFOScheduler-interpreter_281451594-Worker-1} ContextHandler.java[doStart]:781) - Started o.s.j.s.ServletContextHandler@5290bc9f{/stages/stage/kill,null,AVAILABLE,@Spark}
 INFO [2021-07-20 16:32:08,441] ({FIFOScheduler-interpreter_281451594-Worker-1} Logging.scala[logInfo]:54) - Bound SparkUI to 0.0.0.0, and started at http://0b7c17d32855:4040
 WARN [2021-07-20 16:32:08,521] ({FIFOScheduler-interpreter_281451594-Worker-1} Logging.scala[logWarning]:66) - Fair Scheduler configuration file not found so jobs will be scheduled in FIFO order. To use fair scheduling, configure pools in fairscheduler.xml or set spark.scheduler.allocation.file to a file that contains the configuration.
 INFO [2021-07-20 16:32:08,528] ({FIFOScheduler-interpreter_281451594-Worker-1} Logging.scala[logInfo]:54) - Created default pool: default, schedulingMode: FIFO, minShare: 0, weight: 1
 INFO [2021-07-20 16:32:08,554] ({FIFOScheduler-interpreter_281451594-Worker-1} Logging.scala[logInfo]:54) - Starting executor ID driver on host localhost
 INFO [2021-07-20 16:32:08,570] ({FIFOScheduler-interpreter_281451594-Worker-1} Logging.scala[logInfo]:54) - Using REPL class URI: spark://0b7c17d32855:38161/classes
 INFO [2021-07-20 16:32:08,604] ({FIFOScheduler-interpreter_281451594-Worker-1} Logging.scala[logInfo]:54) - Successfully started service 'org.apache.spark.network.netty.NettyBlockTransferService' on port 32843.
 INFO [2021-07-20 16:32:08,606] ({FIFOScheduler-interpreter_281451594-Worker-1} Logging.scala[logInfo]:54) - Server created on 0b7c17d32855:32843
 INFO [2021-07-20 16:32:08,609] ({FIFOScheduler-interpreter_281451594-Worker-1} Logging.scala[logInfo]:54) - Using org.apache.spark.storage.RandomBlockReplicationPolicy for block replication policy
 INFO [2021-07-20 16:32:08,657] ({FIFOScheduler-interpreter_281451594-Worker-1} Logging.scala[logInfo]:54) - Registering BlockManager BlockManagerId(driver, 0b7c17d32855, 32843, None)
 INFO [2021-07-20 16:32:08,671] ({dispatcher-event-loop-4} Logging.scala[logInfo]:54) - Registering block manager 0b7c17d32855:32843 with 912.3 MB RAM, BlockManagerId(driver, 0b7c17d32855, 32843, None)
 INFO [2021-07-20 16:32:08,681] ({FIFOScheduler-interpreter_281451594-Worker-1} Logging.scala[logInfo]:54) - Registered BlockManager BlockManagerId(driver, 0b7c17d32855, 32843, None)
 INFO [2021-07-20 16:32:08,683] ({FIFOScheduler-interpreter_281451594-Worker-1} Logging.scala[logInfo]:54) - Initialized BlockManager: BlockManagerId(driver, 0b7c17d32855, 32843, None)
 INFO [2021-07-20 16:32:09,307] ({FIFOScheduler-interpreter_281451594-Worker-1} ContextHandler.java[doStart]:781) - Started o.s.j.s.ServletContextHandler@740d3e2d{/metrics/json,null,AVAILABLE,@Spark}
 INFO [2021-07-20 16:32:09,412] ({FIFOScheduler-interpreter_281451594-Worker-1} BaseSparkScalaInterpreter.scala[spark2CreateContext]:302) - Created Spark session (without Hive support)
 INFO [2021-07-20 16:32:12,833] ({FIFOScheduler-interpreter_281451594-Worker-1} SparkShims.java[loadShims]:64) - Initializing shims for Spark 2.x
 INFO [2021-07-20 16:32:13,545] ({FIFOScheduler-interpreter_281451594-Worker-1} AbstractScheduler.java[runJob]:154) - Job paragraph_1626798593693_826584110 finished by scheduler interpreter_281451594 with status FINISHED
 INFO [2021-07-20 16:32:15,235] ({FIFOScheduler-interpreter_281451594-Worker-1} AbstractScheduler.java[runJob]:127) - Job paragraph_1626797915198_1957715795 started by scheduler interpreter_281451594
 INFO [2021-07-20 16:32:15,687] ({FIFOScheduler-interpreter_281451594-Worker-1} AbstractScheduler.java[runJob]:154) - Job paragraph_1626797915198_1957715795 finished by scheduler interpreter_281451594 with status FINISHED
 INFO [2021-07-20 16:32:19,591] ({FIFOScheduler-interpreter_281451594-Worker-1} AbstractScheduler.java[runJob]:127) - Job paragraph_1626798416151_1722404595 started by scheduler interpreter_281451594
 INFO [2021-07-20 16:32:19,778] ({FIFOScheduler-interpreter_281451594-Worker-1} AbstractScheduler.java[runJob]:154) - Job paragraph_1626798416151_1722404595 finished by scheduler interpreter_281451594 with status FINISHED
 INFO [2021-07-20 16:41:46,827] ({pool-2-thread-1} SparkInterpreter.java[close]:167) - Close SparkInterpreter
 INFO [2021-07-20 16:41:46,848] ({pool-2-thread-1} AbstractConnector.java[doStop]:318) - Stopped Spark@281655de{HTTP/1.1,[http/1.1]}{0.0.0.0:4040}
 INFO [2021-07-20 16:41:46,855] ({pool-2-thread-1} Logging.scala[logInfo]:54) - Stopped Spark web UI at http://0b7c17d32855:4040
 INFO [2021-07-20 16:41:46,899] ({dispatcher-event-loop-5} Logging.scala[logInfo]:54) - MapOutputTrackerMasterEndpoint stopped!
 INFO [2021-07-20 16:41:46,916] ({pool-2-thread-1} Logging.scala[logInfo]:54) - MemoryStore cleared
 INFO [2021-07-20 16:41:46,918] ({pool-2-thread-1} Logging.scala[logInfo]:54) - BlockManager stopped
 INFO [2021-07-20 16:41:46,920] ({pool-2-thread-1} Logging.scala[logInfo]:54) - BlockManagerMaster stopped
 INFO [2021-07-20 16:41:46,929] ({dispatcher-event-loop-4} Logging.scala[logInfo]:54) - OutputCommitCoordinator stopped!
 INFO [2021-07-20 16:41:46,939] ({pool-2-thread-1} Logging.scala[logInfo]:54) - Successfully stopped SparkContext
 INFO [2021-07-20 16:41:46,941] ({pool-2-thread-1} Logging.scala[logInfo]:54) - SparkContext already stopped.
 INFO [2021-07-20 16:41:46,954] ({pool-2-thread-1} RemoteInterpreterServer.java[shutdown]:244) - Unregister interpreter process
 INFO [2021-07-20 16:41:46,965] ({ShutdownThread} RemoteInterpreterServer.java[run]:649) - Shutting down...
 INFO [2021-07-20 16:41:46,966] ({ShutdownThread} RemoteInterpreterServer.java[run]:650) - Shutdown initialized by ShutdownCall
 INFO [2021-07-20 16:41:46,967] ({ShutdownThread} SchedulerFactory.java[destroy]:61) - Destroy all executors
 INFO [2021-07-20 16:41:46,968] ({ShutdownThread} SchedulerFactory.java[destroy]:65) - Stopping Scheduler interpreter_281451594
 WARN [2021-07-20 16:41:46,970] ({SchedulerFactory1} AbstractScheduler.java[run]:91) - FIFOScheduler is interrupted
 INFO [2021-07-20 16:41:46,972] ({RemoteInterpreterServer-Thread} RemoteInterpreterServer.java[run]:198) - RemoteInterpreterServer-Thread finished
 INFO [2021-07-20 16:41:46,974] ({main} RemoteInterpreterServer.java[main]:316) - RemoteInterpreterServer thread is finished
 INFO [2021-07-20 16:41:46,979] ({Thread-6} Logging.scala[logInfo]:54) - Shutdown hook called
 INFO [2021-07-20 16:41:46,986] ({Thread-6} Logging.scala[logInfo]:54) - Deleting directory /tmp/spark-a504cdf3-6354-4588-ad10-ab0ea707024f
