 INFO [2021-07-19 17:50:34,585] ({RegisterThread} RemoteInterpreterServer.java[run]:595) - Start registration
 INFO [2021-07-19 17:50:34,586] ({RemoteInterpreterServer-Thread} RemoteInterpreterServer.java[run]:193) - Launching ThriftServer at 172.18.0.3:41241
 INFO [2021-07-19 17:50:35,729] ({RegisterThread} RemoteInterpreterServer.java[run]:609) - Registering interpreter process
 INFO [2021-07-19 17:50:35,746] ({RegisterThread} RemoteInterpreterServer.java[run]:611) - Registered interpreter process
 INFO [2021-07-19 17:50:35,747] ({RegisterThread} RemoteInterpreterServer.java[run]:632) - Registration finished
 INFO [2021-07-19 17:50:35,762] ({pool-2-thread-1} ZeppelinConfiguration.java[create]:172) - Load configuration from file:/opt/zeppelin/conf/zeppelin-site.xml
 INFO [2021-07-19 17:50:35,824] ({pool-2-thread-1} ZeppelinConfiguration.java[create]:180) - Server Host: 0.0.0.0
 INFO [2021-07-19 17:50:35,825] ({pool-2-thread-1} ZeppelinConfiguration.java[create]:182) - Server Port: 8080
 INFO [2021-07-19 17:50:35,826] ({pool-2-thread-1} ZeppelinConfiguration.java[create]:186) - Context Path: /
 INFO [2021-07-19 17:50:35,826] ({pool-2-thread-1} ZeppelinConfiguration.java[create]:187) - Zeppelin Version: 0.9.0
 INFO [2021-07-19 17:50:35,827] ({pool-2-thread-1} RemoteInterpreterServer.java[createLifecycleManager]:286) - Creating interpreter lifecycle manager: org.apache.zeppelin.interpreter.lifecycle.NullLifecycleManager
 INFO [2021-07-19 17:50:35,828] ({pool-2-thread-1} RemoteInterpreterServer.java[init]:229) - Creating RemoteInterpreterEventClient with connection pool size: 10
 INFO [2021-07-19 17:50:35,921] ({pool-2-thread-1} RemoteInterpreterServer.java[createInterpreter]:383) - Instantiate interpreter org.apache.zeppelin.angular.AngularInterpreter
 INFO [2021-07-19 17:50:35,925] ({pool-2-thread-1} RemoteInterpreterServer.java[createInterpreter]:383) - Instantiate interpreter org.apache.zeppelin.angular.AngularInterpreter
 INFO [2021-07-19 17:50:35,965] ({pool-2-thread-1} SchedulerFactory.java[<init>]:56) - Scheduler Thread Pool Size: 100
 INFO [2021-07-19 17:50:35,967] ({pool-2-thread-1} SchedulerFactory.java[createOrGetFIFOScheduler]:76) - Create FIFOScheduler: org.apache.zeppelin.angular.AngularInterpreter2087135622
 INFO [2021-07-19 17:50:35,971] ({pool-2-thread-2} SchedulerFactory.java[createOrGetFIFOScheduler]:76) - Create FIFOScheduler: org.apache.zeppelin.angular.AngularInterpreter1153863678
 INFO [2021-07-19 17:50:35,974] ({FIFOScheduler-org.apache.zeppelin.angular.AngularInterpreter2087135622-Worker-1} AbstractScheduler.java[runJob]:127) - Job paragraph_1626716903602_914397368 started by scheduler org.apache.zeppelin.angular.AngularInterpreter2087135622
 INFO [2021-07-19 17:50:35,990] ({FIFOScheduler-org.apache.zeppelin.angular.AngularInterpreter2087135622-Worker-1} AbstractScheduler.java[runJob]:154) - Job paragraph_1626716903602_914397368 finished by scheduler org.apache.zeppelin.angular.AngularInterpreter2087135622 with status FINISHED
 INFO [2021-07-19 17:50:47,908] ({FIFOScheduler-org.apache.zeppelin.angular.AngularInterpreter2087135622-Worker-1} AbstractScheduler.java[runJob]:127) - Job paragraph_1626716903602_914397368 started by scheduler org.apache.zeppelin.angular.AngularInterpreter2087135622
 INFO [2021-07-19 17:50:47,910] ({FIFOScheduler-org.apache.zeppelin.angular.AngularInterpreter2087135622-Worker-1} AbstractScheduler.java[runJob]:154) - Job paragraph_1626716903602_914397368 finished by scheduler org.apache.zeppelin.angular.AngularInterpreter2087135622 with status FINISHED
 INFO [2021-07-19 17:50:54,467] ({FIFOScheduler-org.apache.zeppelin.angular.AngularInterpreter2087135622-Worker-1} AbstractScheduler.java[runJob]:127) - Job paragraph_1626716903602_914397368 started by scheduler org.apache.zeppelin.angular.AngularInterpreter2087135622
 INFO [2021-07-19 17:50:54,469] ({FIFOScheduler-org.apache.zeppelin.angular.AngularInterpreter2087135622-Worker-1} AbstractScheduler.java[runJob]:154) - Job paragraph_1626716903602_914397368 finished by scheduler org.apache.zeppelin.angular.AngularInterpreter2087135622 with status FINISHED
 INFO [2021-07-19 17:51:02,537] ({FIFOScheduler-org.apache.zeppelin.angular.AngularInterpreter2087135622-Worker-1} AbstractScheduler.java[runJob]:127) - Job paragraph_1626716903602_914397368 started by scheduler org.apache.zeppelin.angular.AngularInterpreter2087135622
 INFO [2021-07-19 17:51:02,542] ({FIFOScheduler-org.apache.zeppelin.angular.AngularInterpreter2087135622-Worker-1} AbstractScheduler.java[runJob]:154) - Job paragraph_1626716903602_914397368 finished by scheduler org.apache.zeppelin.angular.AngularInterpreter2087135622 with status FINISHED
 INFO [2021-07-19 17:51:43,619] ({FIFOScheduler-org.apache.zeppelin.angular.AngularInterpreter2087135622-Worker-1} AbstractScheduler.java[runJob]:127) - Job paragraph_1626716903602_914397368 started by scheduler org.apache.zeppelin.angular.AngularInterpreter2087135622
 INFO [2021-07-19 17:51:43,622] ({FIFOScheduler-org.apache.zeppelin.angular.AngularInterpreter2087135622-Worker-1} AbstractScheduler.java[runJob]:154) - Job paragraph_1626716903602_914397368 finished by scheduler org.apache.zeppelin.angular.AngularInterpreter2087135622 with status FINISHED
 INFO [2021-07-19 17:51:45,857] ({FIFOScheduler-org.apache.zeppelin.angular.AngularInterpreter2087135622-Worker-1} AbstractScheduler.java[runJob]:127) - Job paragraph_1626716903602_914397368 started by scheduler org.apache.zeppelin.angular.AngularInterpreter2087135622
 INFO [2021-07-19 17:51:45,859] ({FIFOScheduler-org.apache.zeppelin.angular.AngularInterpreter2087135622-Worker-1} AbstractScheduler.java[runJob]:154) - Job paragraph_1626716903602_914397368 finished by scheduler org.apache.zeppelin.angular.AngularInterpreter2087135622 with status FINISHED
 INFO [2021-07-19 17:51:53,170] ({FIFOScheduler-org.apache.zeppelin.angular.AngularInterpreter2087135622-Worker-1} AbstractScheduler.java[runJob]:127) - Job paragraph_1626716903602_914397368 started by scheduler org.apache.zeppelin.angular.AngularInterpreter2087135622
 INFO [2021-07-19 17:51:53,172] ({FIFOScheduler-org.apache.zeppelin.angular.AngularInterpreter2087135622-Worker-1} AbstractScheduler.java[runJob]:154) - Job paragraph_1626716903602_914397368 finished by scheduler org.apache.zeppelin.angular.AngularInterpreter2087135622 with status FINISHED
 INFO [2021-07-19 17:52:34,080] ({FIFOScheduler-org.apache.zeppelin.angular.AngularInterpreter2087135622-Worker-1} AbstractScheduler.java[runJob]:127) - Job paragraph_1626716903602_914397368 started by scheduler org.apache.zeppelin.angular.AngularInterpreter2087135622
 INFO [2021-07-19 17:52:34,083] ({FIFOScheduler-org.apache.zeppelin.angular.AngularInterpreter2087135622-Worker-1} AbstractScheduler.java[runJob]:154) - Job paragraph_1626716903602_914397368 finished by scheduler org.apache.zeppelin.angular.AngularInterpreter2087135622 with status FINISHED
 INFO [2021-07-19 17:52:40,074] ({FIFOScheduler-org.apache.zeppelin.angular.AngularInterpreter2087135622-Worker-1} AbstractScheduler.java[runJob]:127) - Job paragraph_1626716903602_914397368 started by scheduler org.apache.zeppelin.angular.AngularInterpreter2087135622
 INFO [2021-07-19 17:52:40,079] ({FIFOScheduler-org.apache.zeppelin.angular.AngularInterpreter2087135622-Worker-1} AbstractScheduler.java[runJob]:154) - Job paragraph_1626716903602_914397368 finished by scheduler org.apache.zeppelin.angular.AngularInterpreter2087135622 with status FINISHED
 INFO [2021-07-19 17:52:46,185] ({FIFOScheduler-org.apache.zeppelin.angular.AngularInterpreter2087135622-Worker-1} AbstractScheduler.java[runJob]:127) - Job paragraph_1626716903602_914397368 started by scheduler org.apache.zeppelin.angular.AngularInterpreter2087135622
 INFO [2021-07-19 17:52:46,188] ({FIFOScheduler-org.apache.zeppelin.angular.AngularInterpreter2087135622-Worker-1} AbstractScheduler.java[runJob]:154) - Job paragraph_1626716903602_914397368 finished by scheduler org.apache.zeppelin.angular.AngularInterpreter2087135622 with status FINISHED
 INFO [2021-07-19 17:52:52,736] ({FIFOScheduler-org.apache.zeppelin.angular.AngularInterpreter2087135622-Worker-1} AbstractScheduler.java[runJob]:127) - Job paragraph_1626716903602_914397368 started by scheduler org.apache.zeppelin.angular.AngularInterpreter2087135622
 INFO [2021-07-19 17:52:52,738] ({FIFOScheduler-org.apache.zeppelin.angular.AngularInterpreter2087135622-Worker-1} AbstractScheduler.java[runJob]:154) - Job paragraph_1626716903602_914397368 finished by scheduler org.apache.zeppelin.angular.AngularInterpreter2087135622 with status FINISHED
 INFO [2021-07-19 17:53:21,733] ({FIFOScheduler-org.apache.zeppelin.angular.AngularInterpreter2087135622-Worker-1} AbstractScheduler.java[runJob]:127) - Job paragraph_1626717177976_60630008 started by scheduler org.apache.zeppelin.angular.AngularInterpreter2087135622
 INFO [2021-07-19 17:53:21,736] ({FIFOScheduler-org.apache.zeppelin.angular.AngularInterpreter2087135622-Worker-1} AbstractScheduler.java[runJob]:154) - Job paragraph_1626717177976_60630008 finished by scheduler org.apache.zeppelin.angular.AngularInterpreter2087135622 with status FINISHED
 INFO [2021-07-19 17:53:24,318] ({FIFOScheduler-org.apache.zeppelin.angular.AngularInterpreter2087135622-Worker-1} AbstractScheduler.java[runJob]:127) - Job paragraph_1626716903602_914397368 started by scheduler org.apache.zeppelin.angular.AngularInterpreter2087135622
 INFO [2021-07-19 17:53:24,320] ({FIFOScheduler-org.apache.zeppelin.angular.AngularInterpreter2087135622-Worker-1} AbstractScheduler.java[runJob]:154) - Job paragraph_1626716903602_914397368 finished by scheduler org.apache.zeppelin.angular.AngularInterpreter2087135622 with status FINISHED
 INFO [2021-07-19 17:54:48,139] ({FIFOScheduler-org.apache.zeppelin.angular.AngularInterpreter2087135622-Worker-1} AbstractScheduler.java[runJob]:127) - Job paragraph_1626716903602_914397368 started by scheduler org.apache.zeppelin.angular.AngularInterpreter2087135622
 INFO [2021-07-19 17:54:48,143] ({FIFOScheduler-org.apache.zeppelin.angular.AngularInterpreter2087135622-Worker-1} AbstractScheduler.java[runJob]:154) - Job paragraph_1626716903602_914397368 finished by scheduler org.apache.zeppelin.angular.AngularInterpreter2087135622 with status FINISHED
 INFO [2021-07-19 17:54:50,470] ({FIFOScheduler-org.apache.zeppelin.angular.AngularInterpreter2087135622-Worker-1} AbstractScheduler.java[runJob]:127) - Job paragraph_1626716903602_914397368 started by scheduler org.apache.zeppelin.angular.AngularInterpreter2087135622
 INFO [2021-07-19 17:54:50,472] ({FIFOScheduler-org.apache.zeppelin.angular.AngularInterpreter2087135622-Worker-1} AbstractScheduler.java[runJob]:154) - Job paragraph_1626716903602_914397368 finished by scheduler org.apache.zeppelin.angular.AngularInterpreter2087135622 with status FINISHED
 INFO [2021-07-19 17:55:19,958] ({FIFOScheduler-org.apache.zeppelin.angular.AngularInterpreter2087135622-Worker-1} AbstractScheduler.java[runJob]:127) - Job paragraph_1626716903602_914397368 started by scheduler org.apache.zeppelin.angular.AngularInterpreter2087135622
 INFO [2021-07-19 17:55:19,961] ({FIFOScheduler-org.apache.zeppelin.angular.AngularInterpreter2087135622-Worker-1} AbstractScheduler.java[runJob]:154) - Job paragraph_1626716903602_914397368 finished by scheduler org.apache.zeppelin.angular.AngularInterpreter2087135622 with status FINISHED
 INFO [2021-07-19 18:09:37,735] ({pool-2-thread-1} RemoteInterpreterServer.java[shutdown]:244) - Unregister interpreter process
 INFO [2021-07-19 18:09:37,742] ({ShutdownThread} RemoteInterpreterServer.java[run]:649) - Shutting down...
 INFO [2021-07-19 18:09:37,743] ({ShutdownThread} RemoteInterpreterServer.java[run]:650) - Shutdown initialized by ShutdownCall
 INFO [2021-07-19 18:09:37,745] ({ShutdownThread} SchedulerFactory.java[destroy]:61) - Destroy all executors
 INFO [2021-07-19 18:09:37,746] ({ShutdownThread} SchedulerFactory.java[destroy]:65) - Stopping Scheduler org.apache.zeppelin.angular.AngularInterpreter1153863678
 WARN [2021-07-19 18:09:37,747] ({SchedulerFactory2} AbstractScheduler.java[run]:91) - FIFOScheduler is interrupted
 INFO [2021-07-19 18:09:37,748] ({ShutdownThread} SchedulerFactory.java[destroy]:65) - Stopping Scheduler org.apache.zeppelin.angular.AngularInterpreter2087135622
 WARN [2021-07-19 18:09:37,750] ({SchedulerFactory1} AbstractScheduler.java[run]:91) - FIFOScheduler is interrupted
